 operating system is UNIX !

 ridft (login1) : TURBOMOLE rev. V7-8-1 compiled 26 Feb 2024 at 17:12:58
 Copyright (C) 2024 TURBOMOLE GmbH, Karlsruhe


    2026-04-20 14:35:13.095 



                                  r i d f t

                        DFT program with RI approximation 
                                for coulomb part 





                                 References:     
                                                 
          TURBOMOLE:                             
              R. Ahlrichs, M. Baer, M. Haeser, H. Horn, and
              C. Koelmel
              Electronic structure calculations on workstation
              computers: the program system TURBOMOLE
              Chem. Phys. Lett. 162: 165 (1989)
          Density Functional:                              
              O. Treutler and R. Ahlrichs                      
              Efficient Molecular Numerical Integration Schemes
              J. Chem. Phys. 102: 346 (1995)                   
          Parallel Version:                                
              Performance of parallel TURBOMOLE for Density    
              Functional Calculations                          
              M. v. Arnim and R. Ahlrichs                      
              J. Comp. Chem. 19: 1746 (1998)                   
          RI-J Method:                                     
              Auxiliary Basis Sets to approximate Coulomb      
              Potentials                                       
              Chem. Phys. Lett. 240: 283 (1995)                
              K. Eichkorn, O. Treutler, H. Oehm, M. Haeser     
              and R. Ahlrichs                                  
              Chem. Phys. Lett. 242: 652 (1995)                
                                                           
              Auxiliary Basis Sets for Main Row Atoms and their
              Use to approximate Coulomb Potentials            
              K. Eichkorn, F. Weigend, O. Treutler and         
              R. Ahlrichs                                      
              Theo. Chem. Acc. 97: 119 (1997)                  
                                                           
              Accurate Coulomb-fitting basis sets for H to Rn 
              F. Weigend                                       
              Phys. Chem. Chem. Phys. 8: 1057 (2006)           
                                                           
          Multipole accelerated RI-J (MARI-J):             
              Fast evaluation of the Coulomb potential for     
              electron densities using multipole accelerated   
              resolution of identity approximation             
              M. Sierka, A. Hogekamp and R. Ahlrichs           
              J. Chem. Phys. 118: 9136 (2003)                  
          RI-JK Method:                                     
              A fully direct RI-HF algorithm: Implementation,
              optimised auxiliary basis sets, demonstration of
              accuracy and efficiency                         
              F. Weigend                                      
              Phys. Chem. Chem. Phys. 4: 4285 (2002)           
          Two-component HF and DFT with spin-orbit coupling:  
              Self-consistent treatment of spin-orbit         
              interactions with efficient Hartree-Fock and    
              density functional methods                      
              M. K. Armbruster, F. Weigend, C. van Wüllen and 
              W. Klopper                                      
              Phys. Chem. Chem. Phys. 10: 1748 (2008)         
          Two-component difference density and DIIS algorithm 
              Efficient two-component self-consistent field   
              procedures and gradients: implementation in     
              TURBOMOLE and application to Au20-              
              A. Baldes, F. Weigend                           
              Mol. Phys. 111: 2617 (2013)                     
          Relativistic current density functional theory      
              Current density functional framework for        
              spin-orbit coupling                             
              C. Holzer, Y. J. Franzke, A. Pausch             
              J. Chem. Phys. 157: 204102 (2022)               
          Relativistic all-electron 2c calculations           
              An efficient implementation of two-component    
              relativistic exact-decoupling methods for large 
              molecules                                       
              D. Peng, N. Middendorf, F. Weigend, M. Reiher   
              J. Chem. Phys. 138: 184105 (2013)               
          Finite nucleus model and SNSO approximation         
              Efficient implementation of one- and two-       
              component analytical energy gradients in exact  
              two-component theory                            
              Y. J. Franzke, N. Middendorf, F. Weigend        
              J. Chem. Phys. 148: 104110 (2018)               
          Grids for all-electron relativistic methods         
              Error-consistent segmented contracted all-      
              electron relativistic basis sets of double-     
              and triple-zeta quality for NMR shielding       
              constants                                       
              Y. J. Franzke, R. Tress, T. M. Pazdera,         
              F. Weigend                                      
              Phys. Chem. Chem. Phys. 21: 166658 (2019)       
          Seminumerical exchange algorithms                   
              Seminumerical calculation of the Hartree-Fock   
              exchange matirx: Application to two-component   
              procedures and efficient evaluation of local    
              hybrid functionsl                               
              P. Plessow, F. Weigend,                         
              J. Comput. Chem. 33: 810 (2012)                 
          Improved seminumerical algorithms                   
              C. Holzer,                                      
              J. Chem. Phys. 153 (2020), 184115               





              +--------------------------------------------------+
              |      general information about current run       |
              +--------------------------------------------------+

 
 Becke-3-Parameter hybrid functional: B3-LYP
 exchange:    0.8*LDA + 0.72*B88 + 0.2*HF
 correlation: 0.19*LDA(VWN) + 0.81*LYP
 A Hybrid-DFT calculation using the RI-J approximation will be carried out.
 Allocatable memory for RI due to $ricore (MB):                   100
 Multipole approximation for Coulomb integrals is used

   *************************************************************************
   opt_final_Cysteamine_2-aminoethanethiol_13                               
   *************************************************************************




              +--------------------------------------------------+
              | Atomic coordinate, charge and isotop information |
              +--------------------------------------------------+

                    atomic coordinates            atom    charge  isotop
         -1.60419007    2.13849013    0.33322705    n      7.000     0
         -1.30308191   -0.61977269    0.41014575    c      6.000     0
          1.46083811   -1.39319885    0.31353171    c      6.000     0
          3.07488814   -0.56025305   -2.67882283    s     16.000     0
         -3.42874893    2.59558781    0.71054146    h      1.000     0
         -1.26335229    2.77913795   -1.44422202    h      1.000     0
         -2.07232206   -1.29274254    2.20655958    h      1.000     0
         -2.33402944   -1.59330256   -1.10444683    h      1.000     0
          2.52167781   -0.55564594    1.86571706    h      1.000     0
          1.62964778   -3.44225850    0.43502503    h      1.000     0
          3.31867285    1.94395824   -2.24954018    h      1.000     0
 
       center of nuclear mass  :    0.98999874   -0.15231176   -0.93470276
       center of nuclear charge:    0.88778483   -0.13423125   -0.85159231

              +--------------------------------------------------+
              |               basis set information              |
              +--------------------------------------------------+

              we will work with the 1s 3p 5d 7f 9g ... basis set
              ...i.e. with spherical basis functions...

   type   atoms  prim   cont   basis
   ---------------------------------------------------------------------------
    s        1     46     22   def-TZVP   [5s4p1d|14s9p1d]
    n        1     34     19   def-TZVP   [5s3p1d|11s6p1d]
    h        7      8      6   def-TZVP   [3s1p|5s1p]
    c        2     34     19   def-TZVP   [5s3p1d|11s6p1d]
   ---------------------------------------------------------------------------
   total:   11    204    121
   ---------------------------------------------------------------------------

   total number of primitive shells          :   66
   total number of contracted shells         :   65
   total number of cartesian basis functions :  125
   total number of SCF-basis functions       :  121


 integral neglect threshold       :  0.27E-09
 integral storage threshold THIZE :  0.10E-04
 integral storage threshold THIME :         5

 RI-J AUXILIARY BASIS SET information:

              we will work with the 1s 3p 5d 7f 9g ... basis set
              ...i.e. with spherical basis functions...

   type   atoms  prim   cont   basis
   ---------------------------------------------------------------------------
    s        1     71     40   def-TZVP   [5s3p2d1f1g|12s6p5d1f1g]
    n        1     40     38   def-TZVP   [7s3p3d1f|9s3p3d1f]
    h        7     10      9   def-TZVP   [3s2p|4s2p]
    c        2     40     38   def-TZVP   [7s3p3d1f|9s3p3d1f]
   ---------------------------------------------------------------------------
   total:   11    261    217
   ---------------------------------------------------------------------------

   total number of primitive shells          :   63
   total number of contracted shells         :   89
   total number of cartesian basis functions :  246
   total number of SCF-basis functions       :  217


 symmetry group of the molecule :   c1 

 the group has the following generators :
   c1(z)

    1 symmetry operations found

 there are 1 real representations :   a   

 maximum number of shells which are related by symmetry :  1

  
           ------------------
           density functional
           ------------------
 Becke-3-Parameter hybrid functional: B3-LYP
 exchange:    0.8*LDA + 0.72*B88 + 0.2*HF
 correlation: 0.19*LDA(VWN) + 0.81*LYP
 iterations will be done with small grid
  
 spherical integration : Lebedev's spherical grid
 spherical gridsize    :                     3
    i.e. gridpoints    :                   302
  maximum batchsize    :                   100
 value for diffuse not defined
 radial integration    : Chebyshev 2nd kind (scaling 3)
 radial gridsize       :                     3
 integration cells     :                    11
 partition function    : becke
 partition sharpness   :                     3
  
 
 Derivatives of quadrature weights will be included
 

 biggest AO integral is expected to be     9.804440325

          ------------------------
          nuclear repulsion energy  :   167.018804585    
          ------------------------

      -----------------------------------------------------------      
     |                   =====================                   |     
     |                        D F T - D 4                        |     
     |                   =====================                   |     
     |                         S. Grimme                         |     
     |          Mulliken Center for Theoretical Chemistry        |     
     |                    University of Bonn                     |     
      -----------------------------------------------------------      

           -------------------------------------------------
          |                Calculation Setup                |
           -------------------------------------------------
   charge               :      0
   non-additivity corr. : ATM
   charge model         : EEQ
   damping parameters
   s6                   :     1.0000
   s8                   :     2.0293
   a1                   :     0.4087
   a2                   :     4.5381

        q(ref)        CN(ref)   cov. CN(ref)  alpha(AIM,ref)
     0.0000000      0.0000000      0.0000000      7.5385089
    -0.3529859      0.9944072      0.8582779      8.6583057
    -0.3012579      2.0142722      1.8398511      7.9579326
    -0.8242972      2.9902642      2.5803990      9.7489831
     0.0000000      0.9999895      0.9808553      5.8062716
        q(ref)        CN(ref)   cov. CN(ref)  alpha(AIM,ref)
     0.0000000      0.0000000      0.0000000     12.3555336
    -0.1712371      0.9867893      0.9189476     12.8040100
    -0.1421000      1.9984766      1.9078606      9.6347083
    -0.2225085      2.9987259      2.8312240      9.6866280
    -0.2565392      3.9843988      3.7487004      7.6947605
    -0.1044135      3.1417713      2.9183271      9.3751067
     0.2103031      0.9999501      0.8556099      7.7402501
        q(ref)        CN(ref)   cov. CN(ref)  alpha(AIM,ref)
     0.0000000      0.0000000      0.0000000     19.6135101
    -0.1626723      0.9948413      0.9219850     20.4238955
    -0.2377517      1.9903438      1.8445381     20.5482906
        q(ref)        CN(ref)   cov. CN(ref)  alpha(AIM,ref)
     0.0000000      0.0000000      0.0000000      5.0540161
     0.0000000      0.9117922      0.8942243      2.7207580
========================================================================
 Edisp  /kcal,au:    -7.5096  -0.0119672410
========================================================================
 nuclear repulsion energy                  =     167.018804585
  DFT-D4 Energy contribution               =      -0.011967241
 nuclear repulsion + dispersion correction =     167.006837344


         -----------------
         -S,T+V- integrals
         -----------------

 1e-integrals will be neglected if expon. factor < 0.267357E-10
 
 Difference densities algorithm switched on.
 The maximal number of linear combinations of
 difference densities is  20.

Diagonalization of Fock matrix in last SCF iteration activated ...


 DIIS switched on: error vector is FDS-SDF
 Max. Iterations for DIIS is     :   4
 DIIS matrix (see manual) 
    Scaling factor of diagonals  :  1.200
    threshold for scaling factor :  0.000

 scf convergence criterion : increment of total energy < .1000000D-05
                  and increment of one-electron energy < .1000000D-02

 MOs are in ASCII format !


    mo occupation :
   irrep   mo's   occupied
    a      121       21
 
 number of basis functions   :   121
 number of occupied orbitals :    21
 

 reading orbital data $scfmo  from file mos
 orbital characterization : expanded
 virtual MOs provided and orthogonalized by Cholesky decomposition

 automatic virtual orbital shift switched on 
      shift if e(lumo)-e(homo) < 0.10000000    

  
           ------------------------
               RI-J - INFORMATION
           ------------------------
 
    +---------------- Multipole Accelerated RI-J ---------------+
    -------------------------------------------------------------
      Number of bins for density partition        :  8
      Maximum multipole moment used               : 14
      Multipole precision parameter               :  1.0000E-08
      Threshold for moment summation              :  1.0000E-24
      Minimum separation between boxes            :  0.0000E+00
      Maximum allowed extent                      :  2.0000E+01
    +-----------------------------------------------------------+
 
 Extensions and centers of shell-pairs:
  number of shells with a single center:     1946
  number of shells with double centers:       100
 Contributions to RI integral batches: 
  neglected integral batches:                        99
  multipole/direct contribution:                      0
  multipole/memory contribution:                   2046
 Memory core needed for (P|Q) and Cholesky      1 MByte
 Memory core minimum needed except of (P|Q)     1 MByte
 Total minimum memory core needed (sum)         1 MByte
  
 ****************************************
 Memory allocated for RI-J    15 MByte
 ****************************************
                                            

 DSCF restart information will be dumped onto file mos


 Starting SCF iterations

          Overall gridpoints after grid construction =         13329
 Ordering of quadrature gridpoints disabled.
 Caution, gridordering can improve performance!

 ITERATION  ENERGY          1e-ENERGY        2e-ENERGY     NORM[dD(SAO)]  TOL
   1  -532.42005267112    -1062.5394555     363.11256546    0.000D+00 0.267D-09
                            Exc = -37.0233441274     Coul =  409.034188861    
                            exK = -8.89827927782    
                              N = 41.998700128    
                            current damping = 0.700
 
          max. resid. norm for Fia-block=  2.420D+00 for orbital      1a         
          max. resid. fock norm         =  8.618D+00 for orbital     95a         

 ITERATION  ENERGY          1e-ENERGY        2e-ENERGY     NORM[dD(SAO)]  TOL
   2  -533.11232730939    -1062.8722531     362.75308849    0.637D+00 0.172D-09
                            Exc = -36.9956082222      Eck =  399.748696713    
                              N = 41.998918639    
                            current damping = 0.650
 
          Norm of current diis error:  1.5797    
          max. resid. norm for Fia-block=  9.180D-01 for orbital      1a         
          max. resid. fock norm         =  1.058D+00 for orbital      1a         

 ITERATION  ENERGY          1e-ENERGY        2e-ENERGY     NORM[dD(SAO)]  TOL
   3  -533.24513335400    -1062.9622971     362.71032636    0.312D+00 0.133D-09
                            Exc = -37.0239424599      Eck =  399.734268821    
                              N = 41.999042853    
                            current damping = 0.500
 
          Norm of current diis error: 0.72406    
          max. resid. norm for Fia-block=  3.507D-01 for orbital      1a         
          max. resid. fock norm         =  4.056D-01 for orbital      1a         

 ITERATION  ENERGY          1e-ENERGY        2e-ENERGY     NORM[dD(SAO)]  TOL
   4  -533.28616589299    -1063.0733904     362.78038717    0.183D+00 0.110D-09
                            Exc = -37.0399817113      Eck =  399.820368884    
                              N = 41.999159439    
                            current damping = 0.550
 
          Norm of current diis error: 0.25252    
          max. resid. norm for Fia-block=  1.161D-01 for orbital      1a         
          max. resid. fock norm         =  1.350D-01 for orbital      1a         

 ITERATION  ENERGY          1e-ENERGY        2e-ENERGY     NORM[dD(SAO)]  TOL
   5  -533.29232002895    -1063.0792285     362.78007109    0.682D-01 0.991D-10
                            Exc = -37.0503353740      Eck =  399.830406466    
                              N = 41.999210286    
                            current damping = 0.600
 
          Norm of current diis error: 0.10482    
          max. resid. norm for Fia-block=  4.100D-02 for orbital      1a         
          max. resid. fock norm         =  4.770D-02 for orbital      1a         
          mo-orthogonalization: Cholesky decomposition

 ITERATION  ENERGY          1e-ENERGY        2e-ENERGY     NORM[dD(SAO)]  TOL
   6  -533.29358844519    -1063.0726297     362.77220387    0.181D-01 0.931D-10
                            Exc = -37.0495861679      Eck =  399.821790042    
                              N = 41.999243612    
                            current damping = 0.650
 
          Norm of current diis error: 0.40823E-01
          max. resid. norm for Fia-block=  1.538D-02 for orbital      1a         
          max. resid. fock norm         =  1.792D-02 for orbital      1a         

 ITERATION  ENERGY          1e-ENERGY        2e-ENERGY     NORM[dD(SAO)]  TOL
   7  -533.29378018745    -1063.0843789     362.78376141    0.458D-02 0.900D-10
                            Exc = -37.0520577900      Eck =  399.835819195    
                              N = 41.999253922    
                            current damping = 0.700
 
          Norm of current diis error: 0.15290E-01
          max. resid. norm for Fia-block=  6.049D-03 for orbital      1a         
          max. resid. fock norm         =  7.047D-03 for orbital      1a         

 ITERATION  ENERGY          1e-ENERGY        2e-ENERGY     NORM[dD(SAO)]  TOL
   8  -533.29381455856    -1063.0773798     362.77672786    0.890D-03 0.880D-10
                            Exc = -37.0517998370      Eck =  399.828527699    
                              N = 41.999259914    
                            current damping = 0.750
 
          Norm of current diis error: 0.67681E-02
          max. resid. norm for Fia-block=  2.492D-03 for orbital      1a         
          max. resid. fock norm         =  2.905D-03 for orbital      1a         

 ITERATION  ENERGY          1e-ENERGY        2e-ENERGY     NORM[dD(SAO)]  TOL
   9  -533.29382096117    -1063.0809391     362.78028081    0.344D-03 0.867D-10
                            Exc = -37.0521960558      Eck =  399.832476867    
                              N = 41.999262271    
                            current damping = 0.800
 
          Norm of current diis error: 0.27710E-02
          max. resid. norm for Fia-block=  1.066D-03 for orbital      1a         
          max. resid. fock norm         =  1.242D-03 for orbital      1a         

 ENERGY CONVERGED !

          Overall gridpoints after grid construction =         50690
 Ordering of quadrature gridpoints disabled.
 Caution, gridordering can improve performance!

 ITERATION  ENERGY          1e-ENERGY        2e-ENERGY     NORM[dD(SAO)]  TOL
  10  -533.29409558483    -1063.0793316     362.77839863    0.115D-03 0.855D-10
                            Exc = -37.0524099599      Eck =  399.830808589    
                              N = 42.000030359    
                            current damping = 0.850
 
          Norm of current diis error: 0.13473E-02
          max. resid. norm for Fia-block=  4.744D-04 for orbital      1a         
          max. resid. fock norm         =  5.528D-04 for orbital      1a         

 End of SCF iterations

   convergence criteria satisfied after    10 iterations


   *************************************************************************
   opt_final_Cysteamine_2-aminoethanethiol_13                               
   *************************************************************************


                  ------------------------------------------ 
                 |  total energy      =   -533.29409558483  |
                  ------------------------------------------ 
                 :  kinetic energy    =    531.60957522969  :
                 :  potential energy  =  -1064.90367081452  :
                 :  virial theorem    =      1.99684129195  :
                 :  wavefunction norm =      1.00000000000  :
                  .......................................... 


 <geterg> : there is no data group $energy 


 <skperg> : $end is missing 


 orbitals $scfmo  will be written to file mos

    irrep                 17a         18a         19a         20a         21a   
 eigenvalues H         -0.39240    -0.36809    -0.32088    -0.25257    -0.23744
            eV         -10.6778    -10.0163     -8.7316     -6.8730     -6.4611
 occupation              2.0000      2.0000      2.0000      2.0000      2.0000

    irrep                 22a         23a         24a         25a         26a   
 eigenvalues H          0.01454     0.03437     0.04519     0.06765     0.09028
            eV           0.3956      0.9352      1.2296      1.8407      2.4567
 
 
 
 
 ==============================================================================
                           electrostatic moments
 ==============================================================================

 reference point for electrostatic moments:    0.00000   0.00000   0.00000

 
              nuc           elec       ->  total
 ------------------------------------------------------------------------------
                          charge      
 ------------------------------------------------------------------------------
          42.000000     -42.000000       0.000000
 
 ------------------------------------------------------------------------------
                       dipole moment  
 ------------------------------------------------------------------------------
   x      37.286963     -37.943778      -0.656815
   y      -5.637713       5.622788      -0.014925
   z     -35.766877      36.000751       0.233874
 
   | dipole moment | =     0.6974 a.u. =     1.7725 debye 
 
 ------------------------------------------------------------------------------
                     quadrupole moment
 ------------------------------------------------------------------------------
  xx     235.408187    -260.721979     -25.313792
  yy      85.592183    -109.895533     -24.303350
  zz     134.603812    -161.651878     -27.048065
  xy     -65.515323      65.872223       0.356900
  xz    -140.652223     141.809291       1.157068
  yz      14.685889     -17.508278      -2.822389
 
     1/3  trace=     -25.555069
     anisotropy=       5.837574
 
 ==============================================================================
 
HOMO-LUMO Separation
 HOMO         :   -0.23743910 H =     -6.46105 eV
 LUMO         :    0.01453915 H =     +0.39563 eV
 HOMO-LUMO gap:    0.25197826 H =     +6.85668 eV
 
 ==============================================================================


    ------------------------------------------------------------------------
         total  cpu-time :  11.84 seconds
         total wall-time :  12.40 seconds
    ------------------------------------------------------------------------

   ****  ridft : all done  ****


    2026-04-20 14:35:25.379 

