 operating system is UNIX !

 ridft (login1) : TURBOMOLE rev. V7-8-1 compiled 26 Feb 2024 at 17:12:58
 Copyright (C) 2024 TURBOMOLE GmbH, Karlsruhe


    2026-04-20 14:31:17.915 



                                  r i d f t

                        DFT program with RI approximation 
                                for coulomb part 





                                 References:     
                                                 
          TURBOMOLE:                             
              R. Ahlrichs, M. Baer, M. Haeser, H. Horn, and
              C. Koelmel
              Electronic structure calculations on workstation
              computers: the program system TURBOMOLE
              Chem. Phys. Lett. 162: 165 (1989)
          Density Functional:                              
              O. Treutler and R. Ahlrichs                      
              Efficient Molecular Numerical Integration Schemes
              J. Chem. Phys. 102: 346 (1995)                   
          Parallel Version:                                
              Performance of parallel TURBOMOLE for Density    
              Functional Calculations                          
              M. v. Arnim and R. Ahlrichs                      
              J. Comp. Chem. 19: 1746 (1998)                   
          RI-J Method:                                     
              Auxiliary Basis Sets to approximate Coulomb      
              Potentials                                       
              Chem. Phys. Lett. 240: 283 (1995)                
              K. Eichkorn, O. Treutler, H. Oehm, M. Haeser     
              and R. Ahlrichs                                  
              Chem. Phys. Lett. 242: 652 (1995)                
                                                           
              Auxiliary Basis Sets for Main Row Atoms and their
              Use to approximate Coulomb Potentials            
              K. Eichkorn, F. Weigend, O. Treutler and         
              R. Ahlrichs                                      
              Theo. Chem. Acc. 97: 119 (1997)                  
                                                           
              Accurate Coulomb-fitting basis sets for H to Rn 
              F. Weigend                                       
              Phys. Chem. Chem. Phys. 8: 1057 (2006)           
                                                           
          Multipole accelerated RI-J (MARI-J):             
              Fast evaluation of the Coulomb potential for     
              electron densities using multipole accelerated   
              resolution of identity approximation             
              M. Sierka, A. Hogekamp and R. Ahlrichs           
              J. Chem. Phys. 118: 9136 (2003)                  
          RI-JK Method:                                     
              A fully direct RI-HF algorithm: Implementation,
              optimised auxiliary basis sets, demonstration of
              accuracy and efficiency                         
              F. Weigend                                      
              Phys. Chem. Chem. Phys. 4: 4285 (2002)           
          Two-component HF and DFT with spin-orbit coupling:  
              Self-consistent treatment of spin-orbit         
              interactions with efficient Hartree-Fock and    
              density functional methods                      
              M. K. Armbruster, F. Weigend, C. van Wüllen and 
              W. Klopper                                      
              Phys. Chem. Chem. Phys. 10: 1748 (2008)         
          Two-component difference density and DIIS algorithm 
              Efficient two-component self-consistent field   
              procedures and gradients: implementation in     
              TURBOMOLE and application to Au20-              
              A. Baldes, F. Weigend                           
              Mol. Phys. 111: 2617 (2013)                     
          Relativistic current density functional theory      
              Current density functional framework for        
              spin-orbit coupling                             
              C. Holzer, Y. J. Franzke, A. Pausch             
              J. Chem. Phys. 157: 204102 (2022)               
          Relativistic all-electron 2c calculations           
              An efficient implementation of two-component    
              relativistic exact-decoupling methods for large 
              molecules                                       
              D. Peng, N. Middendorf, F. Weigend, M. Reiher   
              J. Chem. Phys. 138: 184105 (2013)               
          Finite nucleus model and SNSO approximation         
              Efficient implementation of one- and two-       
              component analytical energy gradients in exact  
              two-component theory                            
              Y. J. Franzke, N. Middendorf, F. Weigend        
              J. Chem. Phys. 148: 104110 (2018)               
          Grids for all-electron relativistic methods         
              Error-consistent segmented contracted all-      
              electron relativistic basis sets of double-     
              and triple-zeta quality for NMR shielding       
              constants                                       
              Y. J. Franzke, R. Tress, T. M. Pazdera,         
              F. Weigend                                      
              Phys. Chem. Chem. Phys. 21: 166658 (2019)       
          Seminumerical exchange algorithms                   
              Seminumerical calculation of the Hartree-Fock   
              exchange matirx: Application to two-component   
              procedures and efficient evaluation of local    
              hybrid functionsl                               
              P. Plessow, F. Weigend,                         
              J. Comput. Chem. 33: 810 (2012)                 
          Improved seminumerical algorithms                   
              C. Holzer,                                      
              J. Chem. Phys. 153 (2020), 184115               





              +--------------------------------------------------+
              |      general information about current run       |
              +--------------------------------------------------+

 
 Becke-3-Parameter hybrid functional: B3-LYP
 exchange:    0.8*LDA + 0.72*B88 + 0.2*HF
 correlation: 0.19*LDA(VWN) + 0.81*LYP
 A Hybrid-DFT calculation using the RI-J approximation will be carried out.
 Allocatable memory for RI due to $ricore (MB):                   100
 Multipole approximation for Coulomb integrals is used

   *************************************************************************
   opt_final_Sodium_citrate_citrate3-_0                                     
   *************************************************************************




              +--------------------------------------------------+
              | Atomic coordinate, charge and isotop information |
              +--------------------------------------------------+

                    atomic coordinates            atom    charge  isotop
          1.22998705    4.95268779    1.88695257    o      8.000     0
          1.17996186    3.81013455   -0.17426015    c      6.000     0
          1.86236335    5.15443674   -2.01467051    o      8.000     0
          0.37876805    1.05551751   -0.54031375    c      6.000     0
          0.57875944    0.47634029   -3.12904427    o      8.000     0
          2.32807772   -0.57003059    0.87838347    c      6.000     0
          2.14350947   -3.36480344    0.49235406    c      6.000     0
          1.42676754   -4.44847939   -1.50733457    o      8.000     0
          2.79762468   -4.94790559    2.12910182    o      8.000     0
         -2.35524117    0.84939581    0.47932876    c      6.000     0
         -3.45713066   -1.73505121    0.26286708    c      6.000     0
         -3.26703802   -3.41668952    1.92930182    o      8.000     0
         -4.68676831   -2.51285143   -1.61802903    o      8.000     0
         -0.68196064    1.38574556   -4.09716189    h      1.000     0
          4.22126778   -0.04773269    0.23016637    h      1.000     0
          2.25219890   -0.19397894    2.90171813    h      1.000     0
         -2.38822675    1.40478229    2.46613695    h      1.000     0
         -3.56292029    2.14848226   -0.57549686    h      1.000     0
 
       center of nuclear mass  :    0.00805926   -0.37333892   -0.10285169
       center of nuclear charge:    0.00702677   -0.33991149   -0.09561091

              +--------------------------------------------------+
              |               basis set information              |
              +--------------------------------------------------+

              we will work with the 1s 3p 5d 7f 9g ... basis set
              ...i.e. with spherical basis functions...

   type   atoms  prim   cont   basis
   ---------------------------------------------------------------------------
    o        7     34     19   def-TZVP   [5s3p1d|11s6p1d]
    h        5      8      6   def-TZVP   [3s1p|5s1p]
    c        6     34     19   def-TZVP   [5s3p1d|11s6p1d]
   ---------------------------------------------------------------------------
   total:   18    482    277
   ---------------------------------------------------------------------------

   total number of primitive shells          :   42
   total number of contracted shells         :  137
   total number of cartesian basis functions :  290
   total number of SCF-basis functions       :  277


 integral neglect threshold       :  0.11E-09
 integral storage threshold THIZE :  0.10E-04
 integral storage threshold THIME :         5

 RI-J AUXILIARY BASIS SET information:

              we will work with the 1s 3p 5d 7f 9g ... basis set
              ...i.e. with spherical basis functions...

   type   atoms  prim   cont   basis
   ---------------------------------------------------------------------------
    o        7     40     38   def-TZVP   [7s3p3d1f|9s3p3d1f]
    h        5     10      9   def-TZVP   [3s2p|4s2p]
    c        6     40     38   def-TZVP   [7s3p3d1f|9s3p3d1f]
   ---------------------------------------------------------------------------
   total:   18    570    539
   ---------------------------------------------------------------------------

   total number of primitive shells          :   38
   total number of contracted shells         :  207
   total number of cartesian basis functions :  617
   total number of SCF-basis functions       :  539


 symmetry group of the molecule :   c1 

 the group has the following generators :
   c1(z)

    1 symmetry operations found

 there are 1 real representations :   a   

 maximum number of shells which are related by symmetry :  1

  
           ------------------
           density functional
           ------------------
 Becke-3-Parameter hybrid functional: B3-LYP
 exchange:    0.8*LDA + 0.72*B88 + 0.2*HF
 correlation: 0.19*LDA(VWN) + 0.81*LYP
 iterations will be done with small grid
  
 spherical integration : Lebedev's spherical grid
 spherical gridsize    :                     3
    i.e. gridpoints    :                   302
  maximum batchsize    :                   100
 value for diffuse not defined
 radial integration    : Chebyshev 2nd kind (scaling 3)
 radial gridsize       :                     3
 integration cells     :                    18
 partition function    : becke
 partition sharpness   :                     3
  
 
 Derivatives of quadrature weights will be included
 

 biggest AO integral is expected to be     7.998976882

          ------------------------
          nuclear repulsion energy  :   832.845437123    
          ------------------------

      -----------------------------------------------------------      
     |                   =====================                   |     
     |                        D F T - D 4                        |     
     |                   =====================                   |     
     |                         S. Grimme                         |     
     |          Mulliken Center for Theoretical Chemistry        |     
     |                    University of Bonn                     |     
      -----------------------------------------------------------      

           -------------------------------------------------
          |                Calculation Setup                |
           -------------------------------------------------
   charge               :      0
   non-additivity corr. : ATM
   charge model         : EEQ
   damping parameters
   s6                   :     1.0000
   s8                   :     2.0293
   a1                   :     0.4087
   a2                   :     4.5381

        q(ref)        CN(ref)   cov. CN(ref)  alpha(AIM,ref)
     0.0000000      0.0000000      0.0000000      5.1967092
    -0.3547147      0.9924594      0.8041679      6.1223924
    -0.5988153      1.9886928      1.6112394      6.7491941
     0.0000000      0.9985672      0.9798440      5.1987934
        q(ref)        CN(ref)   cov. CN(ref)  alpha(AIM,ref)
     0.0000000      0.0000000      0.0000000     12.3555336
    -0.1712371      0.9867893      0.9189476     12.8040100
    -0.1421000      1.9984766      1.9078606      9.6347083
    -0.2225085      2.9987259      2.8312240      9.6866280
    -0.2565392      3.9843988      3.7487004      7.6947605
    -0.1044135      3.1417713      2.9183271      9.3751067
     0.2103031      0.9999501      0.8556099      7.7402501
        q(ref)        CN(ref)   cov. CN(ref)  alpha(AIM,ref)
     0.0000000      0.0000000      0.0000000      5.0540161
     0.0000000      0.9117922      0.8942243      2.7207580
========================================================================
 Edisp  /kcal,au:   -20.4670  -0.0326163066
========================================================================
 nuclear repulsion energy                  =     832.845437123
  DFT-D4 Energy contribution               =      -0.032616307
 nuclear repulsion + dispersion correction =     832.812820816


         -----------------
         -S,T+V- integrals
         -----------------

 1e-integrals will be neglected if expon. factor < 0.115240E-10
 
 Difference densities algorithm switched on.
 The maximal number of linear combinations of
 difference densities is  20.

Diagonalization of Fock matrix in last SCF iteration activated ...


 DIIS switched on: error vector is FDS-SDF
 Max. Iterations for DIIS is     :   4
 DIIS matrix (see manual) 
    Scaling factor of diagonals  :  1.200
    threshold for scaling factor :  0.000

 scf convergence criterion : increment of total energy < .1000000D-05
                  and increment of one-electron energy < .1000000D-02

 MOs are in ASCII format !


    mo occupation :
   irrep   mo's   occupied
    a      277       49
 
 number of basis functions   :   277
 number of occupied orbitals :    49
 

 reading orbital data $uhfmo_alpha  from file alpha
 orbital characterization : expanded

 reading orbital data $uhfmo_beta  from file beta
 orbital characterization : expanded
 virtual MOs provided and orthogonalized by Cholesky decomposition
 virtual MOs provided and orthogonalized by Cholesky decomposition

 UHF mode switched on !

 automatic virtual orbital shift switched on 
      shift if e(lumo)-e(homo) < 0.10000000    

  
           ------------------------
               RI-J - INFORMATION
           ------------------------
 
    +---------------- Multipole Accelerated RI-J ---------------+
    -------------------------------------------------------------
      Number of bins for density partition        :  8
      Maximum multipole moment used               : 14
      Multipole precision parameter               :  1.0000E-08
      Threshold for moment summation              :  1.0000E-24
      Minimum separation between boxes            :  0.0000E+00
      Maximum allowed extent                      :  2.0000E+01
    +-----------------------------------------------------------+
 
 Extensions and centers of shell-pairs:
  number of shells with a single center:     7583
  number of shells with double centers:       271
 Contributions to RI integral batches: 
  neglected integral batches:                      1599
  multipole/direct contribution:                   3120
  multipole/memory contribution:                   4734
 Memory core needed for (P|Q) and Cholesky      3 MByte
 Memory core minimum needed except of (P|Q)     1 MByte
 Total minimum memory core needed (sum)         3 MByte
  
 ****************************************
 Memory allocated for RI-J   100 MByte
 ****************************************
                                            

 DSCF restart information will be dumped onto file alpha


 Starting SCF iterations

          Overall gridpoints after grid construction =         27084
 Ordering of quadrature gridpoints disabled.
 Caution, gridordering can improve performance!

 ITERATION  ENERGY          1e-ENERGY        2e-ENERGY     NORM[dD(SAO)]  TOL
   1  -752.43693017404    -2668.2929141     1083.0431632    0.000D+00 0.115D-09
                            Exc = -76.4989847589     Coul =  1177.76801957    
                            exK = -18.2258716633    
                         Ntotal = 96.995279094      Nspin =0.99979312954    
                             Na = 48.997536112         Nb = 47.997742982    
                            current damping = 0.700
 
          max. resid. norm for Fia-block=  4.966D-01 for orbital     30a    alpha
          max. resid. fock norm         =  1.443D+01 for orbital    203a    alpha
          irrep a   : virtual orbitals shifted by    1.07510

 ITERATION  ENERGY          1e-ENERGY        2e-ENERGY     NORM[dD(SAO)]  TOL
   2  -757.01705565709    -2680.9811460     1091.1512695    0.247D+01 0.762D-10
                            Exc = -75.5995342893      Eck =  1166.75080379    
                         Ntotal = 96.996252652      Nspin = 1.0001209530    
                             Na = 48.998186802         Nb = 47.998065849    
                            current damping = 0.650
 
          Norm of current diis error:  2.1004    
          max. resid. norm for Fia-block=  1.796D-01 for orbital     23a    beta 
          max. resid. fock norm         =  4.687D-01 for orbital    254a    alpha
          irrep a   : virtual orbitals shifted by    0.26033

 ITERATION  ENERGY          1e-ENERGY        2e-ENERGY     NORM[dD(SAO)]  TOL
   3  -757.51502264439    -2688.1797138     1097.8518703    0.196D+01 0.684D-10
                            Exc = -75.9900461827      Eck =  1173.84191650    
                         Ntotal = 96.996472886      Nspin = 1.0000435891    
                             Na = 48.998258238         Nb = 47.998214648    
                            current damping = 0.550
 
          Norm of current diis error:  1.1960    
          max. resid. norm for Fia-block=  1.500D-01 for orbital     46a    beta 
          max. resid. fock norm         =  2.503D-01 for orbital    231a    alpha
          irrep a   : virtual orbitals shifted by    0.03060
          irrep a   : virtual orbitals shifted by    0.14533

 ITERATION  ENERGY          1e-ENERGY        2e-ENERGY     NORM[dD(SAO)]  TOL
   4  -757.63558587308    -2690.0112063     1099.5627996    0.144D+01 0.584D-10
                            Exc = -76.0037427539      Eck =  1175.56654233    
                         Ntotal = 96.996779364      Nspin = 1.0000414569    
                             Na = 48.998410410         Nb = 47.998368953    
                            current damping = 0.450
 
          Norm of current diis error: 0.98322    
          max. resid. norm for Fia-block=  5.860D-02 for orbital     47a    beta 
          max. resid. fock norm         =  1.019D-01 for orbital    241a    alpha
          irrep a   : virtual orbitals shifted by    0.10044
          irrep a   : virtual orbitals shifted by    0.16856

 ITERATION  ENERGY          1e-ENERGY        2e-ENERGY     NORM[dD(SAO)]  TOL
   5  -757.81448535667    -2690.2448838     1099.6175776    0.107D+01 0.541D-10
                            Exc = -75.9172315310      Eck =  1175.53480915    
                         Ntotal = 96.996813059      Nspin =0.99995006042    
                             Na = 48.998381560         Nb = 47.998431499    
                            current damping = 0.300
 
          Norm of current diis error: 0.68418    
          max. resid. norm for Fia-block=  5.805D-02 for orbital     42a    alpha
          max. resid. fock norm         =  7.718D-02 for orbital    272a    alpha
          irrep a   : virtual orbitals shifted by    0.13621
          irrep a   : virtual orbitals shifted by    0.07406
          mo-orthogonalization: Cholesky decomposition

 ITERATION  ENERGY          1e-ENERGY        2e-ENERGY     NORM[dD(SAO)]  TOL
   6  -757.45032412457    -2691.4821428     1101.2189979    0.143D+01 0.532D-10
                            Exc = -75.9478031996      Eck =  1177.16680110    
                         Ntotal = 96.996660736      Nspin =0.99997386066    
                             Na = 48.998317298         Nb = 47.998343438    
                            current damping = 0.350
 
          Norm of current diis error:  1.2358    
          max. resid. norm for Fia-block=  2.798D-02 for orbital     47a    beta 
          max. resid. fock norm         =  5.949D-02 for orbital    277a    alpha
          irrep a   : virtual orbitals shifted by    0.09611
          irrep a   : virtual orbitals shifted by    0.15549

 ITERATION  ENERGY          1e-ENERGY        2e-ENERGY     NORM[dD(SAO)]  TOL
   7  -757.96013425799    -2690.7346129     1099.9616578    0.748D+00 0.510D-10
                            Exc = -76.0076375832      Eck =  1175.96929540    
                         Ntotal = 96.996705026      Nspin =0.99987842285    
                             Na = 48.998291725         Nb = 47.998413302    
                            current damping = 0.400
 
          Norm of current diis error: 0.27440    
          max. resid. norm for Fia-block=  2.481D-02 for orbital     20a    beta 
          max. resid. fock norm         =  3.911D-02 for orbital    272a    alpha
          irrep a   : virtual orbitals shifted by    0.01449

 ITERATION  ENERGY          1e-ENERGY        2e-ENERGY     NORM[dD(SAO)]  TOL
   8  -757.96702316918    -2690.2602568     1099.4804128    0.308D+00 0.490D-10
                            Exc = -76.0386280295      Eck =  1175.51904088    
                         Ntotal = 96.996686724      Nspin =0.99988137296    
                             Na = 48.998284049         Nb = 47.998402676    
                            current damping = 0.250
 
          Norm of current diis error: 0.23318    
          max. resid. norm for Fia-block=  1.832D-02 for orbital     47a    beta 
          max. resid. fock norm         =  4.249D-02 for orbital    272a    alpha

 ITERATION  ENERGY          1e-ENERGY        2e-ENERGY     NORM[dD(SAO)]  TOL
   9  -757.96630200509    -2690.4459662     1099.6668434    0.316D+00 0.474D-10
                            Exc = -76.0256791064      Eck =  1175.69252246    
                         Ntotal = 96.996712207      Nspin =0.99985032181    
                             Na = 48.998281265         Nb = 47.998430943    
                            current damping = 0.300
 
          Norm of current diis error: 0.26339    
          max. resid. norm for Fia-block=  8.758D-03 for orbital     47a    alpha
          max. resid. fock norm         =  1.831D-02 for orbital    274a    beta 

 ITERATION  ENERGY          1e-ENERGY        2e-ENERGY     NORM[dD(SAO)]  TOL
  10  -757.97546614259    -2690.4344561     1099.6461691    0.121D+00 0.460D-10
                            Exc = -76.0063882570      Eck =  1175.65255737    
                         Ntotal = 96.996722595      Nspin =0.99985741836    
                             Na = 48.998290006         Nb = 47.998432588    
                            current damping = 0.350
 
          Norm of current diis error: 0.93180E-01
          max. resid. norm for Fia-block=  5.539D-03 for orbital     47a    alpha
          max. resid. fock norm         =  1.018D-02 for orbital    273a    beta 
          mo-orthogonalization: Cholesky decomposition

 ITERATION  ENERGY          1e-ENERGY        2e-ENERGY     NORM[dD(SAO)]  TOL
  11  -757.97664656667    -2690.3663020     1099.5768346    0.477D-01 0.451D-10
                            Exc = -76.0276761952      Eck =  1175.60451081    
                         Ntotal = 96.996716132      Nspin =0.99986056915    
                             Na = 48.998288350         Nb = 47.998427781    
                            current damping = 0.200
 
          Norm of current diis error: 0.32810E-01
          max. resid. norm for Fia-block=  2.716D-03 for orbital     45a    alpha
          max. resid. fock norm         =  7.465D-03 for orbital    273a    beta 

 ITERATION  ENERGY          1e-ENERGY        2e-ENERGY     NORM[dD(SAO)]  TOL
  12  -757.97649537097    -2690.3299640     1099.5406478    0.345D-01 0.446D-10
                            Exc = -76.0236061199      Eck =  1175.56425393    
                         Ntotal = 96.996715145      Nspin =0.99985962814    
                             Na = 48.998287386         Nb = 47.998427758    
                            current damping = 0.250
 
          Norm of current diis error: 0.46817E-01
          max. resid. norm for Fia-block=  1.528D-03 for orbital     43a    beta 
          max. resid. fock norm         =  4.432D-03 for orbital    272a    alpha

 ITERATION  ENERGY          1e-ENERGY        2e-ENERGY     NORM[dD(SAO)]  TOL
  13  -757.97681608135    -2690.3664477     1099.5768108    0.169D-01 0.442D-10
                            Exc = -76.0218408500      Eck =  1175.59865162    
                         Ntotal = 96.996716167      Nspin =0.99986026379    
                             Na = 48.998288216         Nb = 47.998427952    
                            current damping = 0.300
 
          Norm of current diis error: 0.12716E-01
          max. resid. norm for Fia-block=  9.462D-04 for orbital     48a    beta 
          max. resid. fock norm         =  2.271D-03 for orbital    276a    alpha

 ITERATION  ENERGY          1e-ENERGY        2e-ENERGY     NORM[dD(SAO)]  TOL
  14  -757.97684251328    -2690.3628453     1099.5731820    0.728D-02 0.435D-10
                            Exc = -76.0236927709      Eck =  1175.59687472    
                         Ntotal = 96.996716171      Nspin =0.99985914999    
                             Na = 48.998287661         Nb = 47.998428511    
                            current damping = 0.350
 
          Norm of current diis error: 0.69338E-02
          max. resid. norm for Fia-block=  6.363D-04 for orbital     47a    beta 
          max. resid. fock norm         =  1.076D-03 for orbital     47a    alpha

 ITERATION  ENERGY          1e-ENERGY        2e-ENERGY     NORM[dD(SAO)]  TOL
  15  -757.97684975657    -2690.3623814     1099.5727108    0.324D-02 0.422D-10
                            Exc = -76.0242031831      Eck =  1175.59691399    
                         Ntotal = 96.996716500      Nspin =0.99985964424    
                             Na = 48.998288072         Nb = 47.998428428    
                            current damping = 0.200
 
          Norm of current diis error: 0.60988E-02
          max. resid. norm for Fia-block=  3.704D-04 for orbital     45a    alpha
          max. resid. fock norm         =  6.972D-04 for orbital    273a    alpha
          mo-orthogonalization: Cholesky decomposition

 ITERATION  ENERGY          1e-ENERGY        2e-ENERGY     NORM[dD(SAO)]  TOL
  16  -757.97685661184    -2690.3674212     1099.5777437    0.147D-02 0.412D-10
                            Exc = -76.0236128350      Eck =  1175.60135657    
                         Ntotal = 96.996716772      Nspin =0.99985913259    
                             Na = 48.998287952         Nb = 47.998428820    
                            current damping = 0.250
 
          Norm of current diis error: 0.32329E-02
          max. resid. norm for Fia-block=  3.774D-04 for orbital     48a    alpha
          max. resid. fock norm         =  6.289D-04 for orbital     47a    alpha

 ITERATION  ENERGY          1e-ENERGY        2e-ENERGY     NORM[dD(SAO)]  TOL
  17  -757.97685825291    -2690.3623134     1099.5726344    0.137D-02 0.400D-10
                            Exc = -76.0238308068      Eck =  1175.59646517    
                         Ntotal = 96.996716388      Nspin =0.99985904603    
                             Na = 48.998287717         Nb = 47.998428671    
                            current damping = 0.300
 
          Norm of current diis error: 0.35055E-02
          max. resid. norm for Fia-block=  2.770D-04 for orbital     48a    beta 
          max. resid. fock norm         =  4.496D-04 for orbital    272a    beta 

 ITERATION  ENERGY          1e-ENERGY        2e-ENERGY     NORM[dD(SAO)]  TOL
  18  -757.97686132752    -2690.3658919     1099.5762097    0.770D-03 0.383D-10
                            Exc = -76.0237203530      Eck =  1175.59993007    
                         Ntotal = 96.996716590      Nspin =0.99985902096    
                             Na = 48.998287806         Nb = 47.998428785    
                            current damping = 0.350
 
          Norm of current diis error: 0.19566E-02
          max. resid. norm for Fia-block=  2.415D-04 for orbital     48a    alpha
          max. resid. fock norm         =  4.088D-04 for orbital     47a    alpha

 ENERGY CONVERGED !

          Overall gridpoints after grid construction =         96768
 Ordering of quadrature gridpoints disabled.
 Caution, gridordering can improve performance!

 ITERATION  ENERGY          1e-ENERGY        2e-ENERGY     NORM[dD(SAO)]  TOL
  19  -757.97737867715    -2690.3676617     1099.5774622    0.562D-03 0.367D-10
                            Exc = -76.0242173750      Eck =  1175.60167953    
                         Ntotal = 96.999973478      Nspin =0.99999921658    
                             Na = 48.999986347         Nb = 47.999987131    
                            current damping = 0.200
 
          Norm of current diis error: 0.14138E-02
          max. resid. norm for Fia-block=  1.349D-04 for orbital     45a    alpha
          max. resid. fock norm         =  2.283D-04 for orbital     44a    alpha

 End of SCF iterations

   convergence criteria satisfied after    19 iterations


   *************************************************************************
   opt_final_Sodium_citrate_citrate3-_0                                     
   *************************************************************************


                  ------------------------------------------ 
                 |  total energy      =   -757.97737867715  |
                  ------------------------------------------ 
                 :  kinetic energy    =    755.23798039674  :
                 :  potential energy  =  -1513.21535907389  :
                 :  virial theorem    =      1.99638591024  :
                 :  wavefunction norm =      1.00000000000  :
                  .......................................... 


 <geterg> : there is no data group $energy 


 <skperg> : $end is missing 


 orbitals $uhfmo_beta  will be written to file beta

 orbitals $uhfmo_alpha  will be written to file alpha
 
 alpha: 

    irrep                 45a         46a         47a         48a         49a   
 eigenvalues H         -0.36127    -0.35933    -0.35311    -0.34956    -0.32802
            eV          -9.8306     -9.7780     -9.6086     -9.5120     -8.9258
 occupation              1.0000      1.0000      1.0000      1.0000      1.0000

    irrep                 50a         51a         52a         53a         54a   
 eigenvalues H         -0.22778    -0.06724    -0.05027    -0.03694    -0.00715
            eV          -6.1982     -1.8297     -1.3679     -1.0052     -0.1947
 
 beta:  

    irrep                 44a         45a         46a         47a         48a   
 eigenvalues H         -0.35575    -0.34322    -0.33427    -0.32761    -0.31474
            eV          -9.6806     -9.3397     -9.0961     -8.9149     -8.5647
 occupation              1.0000      1.0000      1.0000      1.0000      1.0000

    irrep                 49a         50a         51a         52a         53a   
 eigenvalues H         -0.21126    -0.19643    -0.06721    -0.04975    -0.03407
            eV          -5.7486     -5.3452     -1.8290     -1.3539     -0.9271
 

                                             _ _ _ 
  IRREP     alpha occ.     beta occ.      tr(D*D-D)


 a         49.00000000    48.00000000    -0.75975769

   -------------------------------------------------

   sum     49.00000000    48.00000000    -0.75975769

 <S*S>     1.76951537

 
 
 
 ==============================================================================
                           electrostatic moments
 ==============================================================================

 reference point for electrostatic moments:    0.00000   0.00000   0.00000

 
              nuc           elec       ->  total
 ------------------------------------------------------------------------------
                          charge      
 ------------------------------------------------------------------------------
          97.000000     -97.000000      -0.000000
 a-b                                     1.000000
 
 ------------------------------------------------------------------------------
                       dipole moment  
 ------------------------------------------------------------------------------
   x       0.681596      -0.944969      -0.263373
   y     -32.971415      34.489499       1.518085
   z      -9.274258       9.376753       0.102495
 
   | dipole moment | =     1.5442 a.u. =     3.9249 debye 
 
 ------------------------------------------------------------------------------
                     quadrupole moment
 ------------------------------------------------------------------------------
  xx     598.593659    -652.969507     -54.375848
  yy    1103.274621   -1174.463003     -71.188382
  zz     285.929579    -341.561216     -55.631636
  xy     139.266797    -144.192360      -4.925563
  xz      25.127325     -24.223039       0.904287
  yz     -95.744712      95.195837      -0.548875
 
     1/3  trace=     -60.398622
     anisotropy=      18.419170
 
 ==============================================================================
 
HOMO-LUMO Separation
 HOMO         :   -0.31474292 H =     -8.56460 eV
 LUMO         :   -0.22777834 H =     -6.19817 eV
 HOMO-LUMO gap:    0.08696458 H =     +2.36643 eV
 
 ==============================================================================


    ------------------------------------------------------------------------
         total  cpu-time :  4 minutes and 39 seconds
         total wall-time :  4 minutes and 39 seconds
    ------------------------------------------------------------------------

   ****  ridft : all done  ****


    2026-04-20 14:35:57.278 

