 operating system is UNIX !

 ridft (login1) : TURBOMOLE rev. V7-8-1 compiled 26 Feb 2024 at 17:12:58
 Copyright (C) 2024 TURBOMOLE GmbH, Karlsruhe


    2026-04-20 14:37:02.459 



                                  r i d f t

                        DFT program with RI approximation 
                                for coulomb part 





                                 References:     
                                                 
          TURBOMOLE:                             
              R. Ahlrichs, M. Baer, M. Haeser, H. Horn, and
              C. Koelmel
              Electronic structure calculations on workstation
              computers: the program system TURBOMOLE
              Chem. Phys. Lett. 162: 165 (1989)
          Density Functional:                              
              O. Treutler and R. Ahlrichs                      
              Efficient Molecular Numerical Integration Schemes
              J. Chem. Phys. 102: 346 (1995)                   
          Parallel Version:                                
              Performance of parallel TURBOMOLE for Density    
              Functional Calculations                          
              M. v. Arnim and R. Ahlrichs                      
              J. Comp. Chem. 19: 1746 (1998)                   
          RI-J Method:                                     
              Auxiliary Basis Sets to approximate Coulomb      
              Potentials                                       
              Chem. Phys. Lett. 240: 283 (1995)                
              K. Eichkorn, O. Treutler, H. Oehm, M. Haeser     
              and R. Ahlrichs                                  
              Chem. Phys. Lett. 242: 652 (1995)                
                                                           
              Auxiliary Basis Sets for Main Row Atoms and their
              Use to approximate Coulomb Potentials            
              K. Eichkorn, F. Weigend, O. Treutler and         
              R. Ahlrichs                                      
              Theo. Chem. Acc. 97: 119 (1997)                  
                                                           
              Accurate Coulomb-fitting basis sets for H to Rn 
              F. Weigend                                       
              Phys. Chem. Chem. Phys. 8: 1057 (2006)           
                                                           
          Multipole accelerated RI-J (MARI-J):             
              Fast evaluation of the Coulomb potential for     
              electron densities using multipole accelerated   
              resolution of identity approximation             
              M. Sierka, A. Hogekamp and R. Ahlrichs           
              J. Chem. Phys. 118: 9136 (2003)                  
          RI-JK Method:                                     
              A fully direct RI-HF algorithm: Implementation,
              optimised auxiliary basis sets, demonstration of
              accuracy and efficiency                         
              F. Weigend                                      
              Phys. Chem. Chem. Phys. 4: 4285 (2002)           
          Two-component HF and DFT with spin-orbit coupling:  
              Self-consistent treatment of spin-orbit         
              interactions with efficient Hartree-Fock and    
              density functional methods                      
              M. K. Armbruster, F. Weigend, C. van Wüllen and 
              W. Klopper                                      
              Phys. Chem. Chem. Phys. 10: 1748 (2008)         
          Two-component difference density and DIIS algorithm 
              Efficient two-component self-consistent field   
              procedures and gradients: implementation in     
              TURBOMOLE and application to Au20-              
              A. Baldes, F. Weigend                           
              Mol. Phys. 111: 2617 (2013)                     
          Relativistic current density functional theory      
              Current density functional framework for        
              spin-orbit coupling                             
              C. Holzer, Y. J. Franzke, A. Pausch             
              J. Chem. Phys. 157: 204102 (2022)               
          Relativistic all-electron 2c calculations           
              An efficient implementation of two-component    
              relativistic exact-decoupling methods for large 
              molecules                                       
              D. Peng, N. Middendorf, F. Weigend, M. Reiher   
              J. Chem. Phys. 138: 184105 (2013)               
          Finite nucleus model and SNSO approximation         
              Efficient implementation of one- and two-       
              component analytical energy gradients in exact  
              two-component theory                            
              Y. J. Franzke, N. Middendorf, F. Weigend        
              J. Chem. Phys. 148: 104110 (2018)               
          Grids for all-electron relativistic methods         
              Error-consistent segmented contracted all-      
              electron relativistic basis sets of double-     
              and triple-zeta quality for NMR shielding       
              constants                                       
              Y. J. Franzke, R. Tress, T. M. Pazdera,         
              F. Weigend                                      
              Phys. Chem. Chem. Phys. 21: 166658 (2019)       
          Seminumerical exchange algorithms                   
              Seminumerical calculation of the Hartree-Fock   
              exchange matirx: Application to two-component   
              procedures and efficient evaluation of local    
              hybrid functionsl                               
              P. Plessow, F. Weigend,                         
              J. Comput. Chem. 33: 810 (2012)                 
          Improved seminumerical algorithms                   
              C. Holzer,                                      
              J. Chem. Phys. 153 (2020), 184115               





              +--------------------------------------------------+
              |      general information about current run       |
              +--------------------------------------------------+

 
 Becke-3-Parameter hybrid functional: B3-LYP
 exchange:    0.8*LDA + 0.72*B88 + 0.2*HF
 correlation: 0.19*LDA(VWN) + 0.81*LYP
 A Hybrid-DFT calculation using the RI-J approximation will be carried out.
 Allocatable memory for RI due to $ricore (MB):                   100
 Multipole approximation for Coulomb integrals is used

   *************************************************************************
   opt_final_3-Mercaptopropionic_acid_14                                    
   *************************************************************************




              +--------------------------------------------------+
              | Atomic coordinate, charge and isotop information |
              +--------------------------------------------------+

                    atomic coordinates            atom    charge  isotop
         -3.06520240   -1.88555422    2.35477927    o      8.000     0
         -2.77584669   -0.28942411    0.74507956    c      6.000     0
         -4.78879330    1.08091360   -0.00936021    o      8.000     0
         -0.29870785    0.30499740   -0.54801588    c      6.000     0
          1.90889481   -1.14502515    0.58710266    c      6.000     0
          4.90315366   -0.59551675   -1.10699755    s     16.000     0
         -4.33271451    2.30302733   -1.29692212    h      1.000     0
         -0.51478415   -0.14372538   -2.55427475    h      1.000     0
          0.02255586    2.34297699   -0.43405777    h      1.000     0
          1.59796031   -3.17397193    0.45275802    h      1.000     0
          2.17132184   -0.67108340    2.56969988    h      1.000     0
          5.17216241    1.87238562   -0.50928665    h      1.000     0
 
       center of nuclear mass  :    0.20447583   -0.40496527    0.09103722
       center of nuclear charge:    0.22751851   -0.36093741    0.07114833

              +--------------------------------------------------+
              |               basis set information              |
              +--------------------------------------------------+

              we will work with the 1s 3p 5d 7f 9g ... basis set
              ...i.e. with spherical basis functions...

   type   atoms  prim   cont   basis
   ---------------------------------------------------------------------------
    s        1     46     22   def-TZVP   [5s4p1d|14s9p1d]
    o        2     34     19   def-TZVP   [5s3p1d|11s6p1d]
    h        6      8      6   def-TZVP   [3s1p|5s1p]
    c        3     34     19   def-TZVP   [5s3p1d|11s6p1d]
   ---------------------------------------------------------------------------
   total:   12    264    153
   ---------------------------------------------------------------------------

   total number of primitive shells          :   66
   total number of contracted shells         :   79
   total number of cartesian basis functions :  159
   total number of SCF-basis functions       :  153


 integral neglect threshold       :  0.21E-09
 integral storage threshold THIZE :  0.10E-04
 integral storage threshold THIME :         5

 RI-J AUXILIARY BASIS SET information:

              we will work with the 1s 3p 5d 7f 9g ... basis set
              ...i.e. with spherical basis functions...

   type   atoms  prim   cont   basis
   ---------------------------------------------------------------------------
    s        1     71     40   def-TZVP   [5s3p2d1f1g|12s6p5d1f1g]
    o        2     40     38   def-TZVP   [7s3p3d1f|9s3p3d1f]
    h        6     10      9   def-TZVP   [3s2p|4s2p]
    c        3     40     38   def-TZVP   [7s3p3d1f|9s3p3d1f]
   ---------------------------------------------------------------------------
   total:   12    331    284
   ---------------------------------------------------------------------------

   total number of primitive shells          :   63
   total number of contracted shells         :  112
   total number of cartesian basis functions :  325
   total number of SCF-basis functions       :  284


 symmetry group of the molecule :   c1 

 the group has the following generators :
   c1(z)

    1 symmetry operations found

 there are 1 real representations :   a   

 maximum number of shells which are related by symmetry :  1

  
           ------------------
           density functional
           ------------------
 Becke-3-Parameter hybrid functional: B3-LYP
 exchange:    0.8*LDA + 0.72*B88 + 0.2*HF
 correlation: 0.19*LDA(VWN) + 0.81*LYP
 iterations will be done with small grid
  
 spherical integration : Lebedev's spherical grid
 spherical gridsize    :                     3
    i.e. gridpoints    :                   302
  maximum batchsize    :                   100
 value for diffuse not defined
 radial integration    : Chebyshev 2nd kind (scaling 3)
 radial gridsize       :                     3
 integration cells     :                    12
 partition function    : becke
 partition sharpness   :                     3
  
 
 Derivatives of quadrature weights will be included
 

 biggest AO integral is expected to be     9.804440325

          ------------------------
          nuclear repulsion energy  :   281.447486926    
          ------------------------

      -----------------------------------------------------------      
     |                   =====================                   |     
     |                        D F T - D 4                        |     
     |                   =====================                   |     
     |                         S. Grimme                         |     
     |          Mulliken Center for Theoretical Chemistry        |     
     |                    University of Bonn                     |     
      -----------------------------------------------------------      

           -------------------------------------------------
          |                Calculation Setup                |
           -------------------------------------------------
   charge               :      0
   non-additivity corr. : ATM
   charge model         : EEQ
   damping parameters
   s6                   :     1.0000
   s8                   :     2.0293
   a1                   :     0.4087
   a2                   :     4.5381

        q(ref)        CN(ref)   cov. CN(ref)  alpha(AIM,ref)
     0.0000000      0.0000000      0.0000000      5.1967092
    -0.3547147      0.9924594      0.8041679      6.1223924
    -0.5988153      1.9886928      1.6112394      6.7491941
     0.0000000      0.9985672      0.9798440      5.1987934
        q(ref)        CN(ref)   cov. CN(ref)  alpha(AIM,ref)
     0.0000000      0.0000000      0.0000000     12.3555336
    -0.1712371      0.9867893      0.9189476     12.8040100
    -0.1421000      1.9984766      1.9078606      9.6347083
    -0.2225085      2.9987259      2.8312240      9.6866280
    -0.2565392      3.9843988      3.7487004      7.6947605
    -0.1044135      3.1417713      2.9183271      9.3751067
     0.2103031      0.9999501      0.8556099      7.7402501
        q(ref)        CN(ref)   cov. CN(ref)  alpha(AIM,ref)
     0.0000000      0.0000000      0.0000000     19.6135101
    -0.1626723      0.9948413      0.9219850     20.4238955
    -0.2377517      1.9903438      1.8445381     20.5482906
        q(ref)        CN(ref)   cov. CN(ref)  alpha(AIM,ref)
     0.0000000      0.0000000      0.0000000      5.0540161
     0.0000000      0.9117922      0.8942243      2.7207580
========================================================================
 Edisp  /kcal,au:    -9.1732  -0.0146184062
========================================================================
 nuclear repulsion energy                  =     281.447486926
  DFT-D4 Energy contribution               =      -0.014618406
 nuclear repulsion + dispersion correction =     281.432868520


         -----------------
         -S,T+V- integrals
         -----------------

 1e-integrals will be neglected if expon. factor < 0.210186E-10
 
 Difference densities algorithm switched on.
 The maximal number of linear combinations of
 difference densities is  20.

Diagonalization of Fock matrix in last SCF iteration activated ...


 DIIS switched on: error vector is FDS-SDF
 Max. Iterations for DIIS is     :   4
 DIIS matrix (see manual) 
    Scaling factor of diagonals  :  1.200
    threshold for scaling factor :  0.000

 scf convergence criterion : increment of total energy < .1000000D-05
                  and increment of one-electron energy < .1000000D-02

 MOs are in ASCII format !


    mo occupation :
   irrep   mo's   occupied
    a      153       28
 
 number of basis functions   :   153
 number of occupied orbitals :    28
 

 reading orbital data $scfmo  from file mos
 orbital characterization : expanded
 virtual MOs provided and orthogonalized by Cholesky decomposition

 automatic virtual orbital shift switched on 
      shift if e(lumo)-e(homo) < 0.10000000    

  
           ------------------------
               RI-J - INFORMATION
           ------------------------
 
    +---------------- Multipole Accelerated RI-J ---------------+
    -------------------------------------------------------------
      Number of bins for density partition        :  8
      Maximum multipole moment used               : 14
      Multipole precision parameter               :  1.0000E-08
      Threshold for moment summation              :  1.0000E-24
      Minimum separation between boxes            :  0.0000E+00
      Maximum allowed extent                      :  2.0000E+01
    +-----------------------------------------------------------+
 
 Extensions and centers of shell-pairs:
  number of shells with a single center:     2735
  number of shells with double centers:       101
 Contributions to RI integral batches: 
  neglected integral batches:                       324
  multipole/direct contribution:                      0
  multipole/memory contribution:                   2836
 Memory core needed for (P|Q) and Cholesky      1 MByte
 Memory core minimum needed except of (P|Q)     1 MByte
 Total minimum memory core needed (sum)         1 MByte
  
 ****************************************
 Memory allocated for RI-J    30 MByte
 ****************************************
                                            

 DSCF restart information will be dumped onto file mos


 Starting SCF iterations

          Overall gridpoints after grid construction =         16070
 Ordering of quadrature gridpoints disabled.
 Caution, gridordering can improve performance!

 ITERATION  ENERGY          1e-ENERGY        2e-ENERGY     NORM[dD(SAO)]  TOL
   1  -664.98052701074    -1471.3145281     524.90113260    0.000D+00 0.210D-09
                            Exc = -49.5319725052     Coul =  586.320979245    
                            exK = -11.8878741405    
                              N = 56.000840632    
                            current damping = 0.700
 
          max. resid. norm for Fia-block=  2.420D+00 for orbital      1a         
          max. resid. fock norm         =  1.259D+01 for orbital    112a         

 ITERATION  ENERGY          1e-ENERGY        2e-ENERGY     NORM[dD(SAO)]  TOL
   2  -666.24788446684    -1472.6476104     524.96685745    0.112D+01 0.139D-09
                            Exc = -49.3163927925      Eck =  574.283250245    
                              N = 56.000480197    
                            current damping = 0.650
 
          Norm of current diis error:  1.8581    
          max. resid. norm for Fia-block=  9.201D-01 for orbital      1a         
          max. resid. fock norm         =  1.062D+00 for orbital      1a         

 ITERATION  ENERGY          1e-ENERGY        2e-ENERGY     NORM[dD(SAO)]  TOL
   3  -666.43984325371    -1473.6775026     525.80479079    0.535D+00 0.103D-09
                            Exc = -49.4066521500      Eck =  575.211442940    
                              N = 56.000320096    
                            current damping = 0.550
 
          Norm of current diis error: 0.86692    
          max. resid. norm for Fia-block=  3.491D-01 for orbital      1a         
          max. resid. fock norm         =  4.028D-01 for orbital      1a         

 ITERATION  ENERGY          1e-ENERGY        2e-ENERGY     NORM[dD(SAO)]  TOL
   4  -666.49821476528    -1473.4833710     525.55228770    0.356D+00 0.873D-10
                            Exc = -49.3587238686      Eck =  574.911011568    
                              N = 56.000216333    
                            current damping = 0.600
 
          Norm of current diis error: 0.32333    
          max. resid. norm for Fia-block=  1.235D-01 for orbital      1a         
          max. resid. fock norm         =  1.434D-01 for orbital      1a         

 ITERATION  ENERGY          1e-ENERGY        2e-ENERGY     NORM[dD(SAO)]  TOL
   5  -666.50677820504    -1473.7777469     525.83810020    0.121D+00 0.807D-10
                            Exc = -49.3980623792      Eck =  575.236162576    
                              N = 56.000182651    
                            current damping = 0.650
 
          Norm of current diis error: 0.15603    
          max. resid. norm for Fia-block=  4.574D-02 for orbital      1a         
          max. resid. fock norm         =  5.298D-02 for orbital      1a         
          mo-orthogonalization: Cholesky decomposition

 ITERATION  ENERGY          1e-ENERGY        2e-ENERGY     NORM[dD(SAO)]  TOL
   6  -666.50913713030    -1473.7246613     525.78265563    0.387D-01 0.766D-10
                            Exc = -49.3879988987      Eck =  575.170654529    
                              N = 56.000168976    
                            current damping = 0.700
 
          Norm of current diis error: 0.63156E-01
          max. resid. norm for Fia-block=  1.810D-02 for orbital      1a         
          max. resid. fock norm         =  2.103D-02 for orbital      1a         

 ITERATION  ENERGY          1e-ENERGY        2e-ENERGY     NORM[dD(SAO)]  TOL
   7  -666.50951569945    -1473.7144424     525.77205816    0.113D-01 0.745D-10
                            Exc = -49.3874902946      Eck =  575.159548457    
                              N = 56.000161629    
                            current damping = 0.550
 
          Norm of current diis error: 0.24685E-01
          max. resid. norm for Fia-block=  7.462D-03 for orbital      1a         
          max. resid. fock norm         =  8.678D-03 for orbital      1a         

 ITERATION  ENERGY          1e-ENERGY        2e-ENERGY     NORM[dD(SAO)]  TOL
   8  -666.50958423967    -1473.7347609     525.79230816    0.466D-02 0.730D-10
                            Exc = -49.3904447103      Eck =  575.182752874    
                              N = 56.000159183    
                            current damping = 0.600
 
          Norm of current diis error: 0.89474E-02
          max. resid. norm for Fia-block=  2.630D-03 for orbital      1a         
          max. resid. fock norm         =  3.051D-03 for orbital      1a         

 ITERATION  ENERGY          1e-ENERGY        2e-ENERGY     NORM[dD(SAO)]  TOL
   9  -666.50959447227    -1473.7332677     525.79080475    0.116D-02 0.718D-10
                            Exc = -49.3900842366      Eck =  575.180888990    
                              N = 56.000158203    
                            current damping = 0.650
 
          Norm of current diis error: 0.31815E-02
          max. resid. norm for Fia-block=  9.907D-04 for orbital      1a         
          max. resid. fock norm         =  1.151D-03 for orbital      1a         

 ENERGY CONVERGED !

          Overall gridpoints after grid construction =         59451
 Ordering of quadrature gridpoints disabled.
 Caution, gridordering can improve performance!

 ITERATION  ENERGY          1e-ENERGY        2e-ENERGY     NORM[dD(SAO)]  TOL
  10  -666.50972575601    -1473.7329967     525.79040240    0.351D-03 0.712D-10
                            Exc = -49.3902059997      Eck =  575.180608403    
                              N = 55.999990752    
                            current damping = 0.500
 
          Norm of current diis error: 0.14339E-02
          max. resid. norm for Fia-block=  3.897D-04 for orbital      1a         
          max. resid. fock norm         =  4.525D-04 for orbital      1a         

 End of SCF iterations

   convergence criteria satisfied after    10 iterations


   *************************************************************************
   opt_final_3-Mercaptopropionic_acid_14                                    
   *************************************************************************


                  ------------------------------------------ 
                 |  total energy      =   -666.50972575601  |
                  ------------------------------------------ 
                 :  kinetic energy    =    664.39234566576  :
                 :  potential energy  =  -1330.90207142177  :
                 :  virial theorem    =      1.99682318201  :
                 :  wavefunction norm =      1.00000000000  :
                  .......................................... 


 <geterg> : there is no data group $energy 


 <skperg> : $end is missing 


 orbitals $scfmo  will be written to file mos

    irrep                 24a         25a         26a         27a         28a   
 eigenvalues H         -0.38163    -0.33968    -0.33344    -0.29206    -0.25046
            eV         -10.3847     -9.2434     -9.0733     -7.9476     -6.8154
 occupation              2.0000      2.0000      2.0000      2.0000      2.0000

    irrep                 29a         30a         31a         32a         33a   
 eigenvalues H         -0.01158    -0.00669     0.00543     0.03542     0.06239
            eV          -0.3151     -0.1822      0.1476      0.9639      1.6978
 
 
 
 
 ==============================================================================
                           electrostatic moments
 ==============================================================================

 reference point for electrostatic moments:    0.00000   0.00000   0.00000

 
              nuc           elec       ->  total
 ------------------------------------------------------------------------------
                          charge      
 ------------------------------------------------------------------------------
          56.000000     -56.000000       0.000000
 
 ------------------------------------------------------------------------------
                       dipole moment  
 ------------------------------------------------------------------------------
   x      12.741036     -12.395704       0.345332
   y     -20.212495      21.428870       1.216375
   z       3.984306      -4.829118      -0.844812
 
   | dipole moment | =     1.5207 a.u. =     3.8652 debye 
 
 ------------------------------------------------------------------------------
                     quadrupole moment
 ------------------------------------------------------------------------------
  xx     764.966600    -805.137626     -40.171026
  yy      77.235401    -107.886865     -30.651465
  zz      86.631061    -121.084323     -34.453262
  xy     -57.428800      56.126457      -1.302343
  xz    -138.338425     144.063686       5.725261
  yz     -39.135717      39.913936       0.778218
 
     1/3  trace=     -35.091917
     anisotropy=      13.195653
 
 ==============================================================================
 
HOMO-LUMO Separation
 HOMO         :   -0.25046063 H =     -6.81538 eV
 LUMO         :   -0.01158133 H =     -0.31514 eV
 HOMO-LUMO gap:    0.23887931 H =     +6.50024 eV
 
 ==============================================================================


    ------------------------------------------------------------------------
         total  cpu-time :  21.77 seconds
         total wall-time :  22.92 seconds
    ------------------------------------------------------------------------

   ****  ridft : all done  ****


    2026-04-20 14:37:25.326 

