 operating system is UNIX !

 ridft (login2) : TURBOMOLE rev. V7-8-1 compiled 26 Feb 2024 at 17:12:58
 Copyright (C) 2024 TURBOMOLE GmbH, Karlsruhe


    2026-04-22 02:25:17.751 



                                  r i d f t

                        DFT program with RI approximation 
                                for coulomb part 





                                 References:     
                                                 
          TURBOMOLE:                             
              R. Ahlrichs, M. Baer, M. Haeser, H. Horn, and
              C. Koelmel
              Electronic structure calculations on workstation
              computers: the program system TURBOMOLE
              Chem. Phys. Lett. 162: 165 (1989)
          Density Functional:                              
              O. Treutler and R. Ahlrichs                      
              Efficient Molecular Numerical Integration Schemes
              J. Chem. Phys. 102: 346 (1995)                   
          Parallel Version:                                
              Performance of parallel TURBOMOLE for Density    
              Functional Calculations                          
              M. v. Arnim and R. Ahlrichs                      
              J. Comp. Chem. 19: 1746 (1998)                   
          RI-J Method:                                     
              Auxiliary Basis Sets to approximate Coulomb      
              Potentials                                       
              Chem. Phys. Lett. 240: 283 (1995)                
              K. Eichkorn, O. Treutler, H. Oehm, M. Haeser     
              and R. Ahlrichs                                  
              Chem. Phys. Lett. 242: 652 (1995)                
                                                           
              Auxiliary Basis Sets for Main Row Atoms and their
              Use to approximate Coulomb Potentials            
              K. Eichkorn, F. Weigend, O. Treutler and         
              R. Ahlrichs                                      
              Theo. Chem. Acc. 97: 119 (1997)                  
                                                           
              Accurate Coulomb-fitting basis sets for H to Rn 
              F. Weigend                                       
              Phys. Chem. Chem. Phys. 8: 1057 (2006)           
                                                           
          Multipole accelerated RI-J (MARI-J):             
              Fast evaluation of the Coulomb potential for     
              electron densities using multipole accelerated   
              resolution of identity approximation             
              M. Sierka, A. Hogekamp and R. Ahlrichs           
              J. Chem. Phys. 118: 9136 (2003)                  
          RI-JK Method:                                     
              A fully direct RI-HF algorithm: Implementation,
              optimised auxiliary basis sets, demonstration of
              accuracy and efficiency                         
              F. Weigend                                      
              Phys. Chem. Chem. Phys. 4: 4285 (2002)           
          Two-component HF and DFT with spin-orbit coupling:  
              Self-consistent treatment of spin-orbit         
              interactions with efficient Hartree-Fock and    
              density functional methods                      
              M. K. Armbruster, F. Weigend, C. van Wüllen and 
              W. Klopper                                      
              Phys. Chem. Chem. Phys. 10: 1748 (2008)         
          Two-component difference density and DIIS algorithm 
              Efficient two-component self-consistent field   
              procedures and gradients: implementation in     
              TURBOMOLE and application to Au20-              
              A. Baldes, F. Weigend                           
              Mol. Phys. 111: 2617 (2013)                     
          Relativistic current density functional theory      
              Current density functional framework for        
              spin-orbit coupling                             
              C. Holzer, Y. J. Franzke, A. Pausch             
              J. Chem. Phys. 157: 204102 (2022)               
          Relativistic all-electron 2c calculations           
              An efficient implementation of two-component    
              relativistic exact-decoupling methods for large 
              molecules                                       
              D. Peng, N. Middendorf, F. Weigend, M. Reiher   
              J. Chem. Phys. 138: 184105 (2013)               
          Finite nucleus model and SNSO approximation         
              Efficient implementation of one- and two-       
              component analytical energy gradients in exact  
              two-component theory                            
              Y. J. Franzke, N. Middendorf, F. Weigend        
              J. Chem. Phys. 148: 104110 (2018)               
          Grids for all-electron relativistic methods         
              Error-consistent segmented contracted all-      
              electron relativistic basis sets of double-     
              and triple-zeta quality for NMR shielding       
              constants                                       
              Y. J. Franzke, R. Tress, T. M. Pazdera,         
              F. Weigend                                      
              Phys. Chem. Chem. Phys. 21: 166658 (2019)       
          Seminumerical exchange algorithms                   
              Seminumerical calculation of the Hartree-Fock   
              exchange matirx: Application to two-component   
              procedures and efficient evaluation of local    
              hybrid functionsl                               
              P. Plessow, F. Weigend,                         
              J. Comput. Chem. 33: 810 (2012)                 
          Improved seminumerical algorithms                   
              C. Holzer,                                      
              J. Chem. Phys. 153 (2020), 184115               





              +--------------------------------------------------+
              |      general information about current run       |
              +--------------------------------------------------+

 
 Becke-3-Parameter hybrid functional: B3-LYP
 exchange:    0.8*LDA + 0.72*B88 + 0.2*HF
 correlation: 0.19*LDA(VWN) + 0.81*LYP
 A Hybrid-DFT calculation using the RI-J approximation will be carried out.
 Allocatable memory for RI due to $ricore (MB):                   100
 Multipole approximation for Coulomb integrals is used

   *************************************************************************
   opt_final_D-Glucose_42                                                   
   *************************************************************************




              +--------------------------------------------------+
              | Atomic coordinate, charge and isotop information |
              +--------------------------------------------------+

                    atomic coordinates            atom    charge  isotop
          6.10232945   -1.49734106    1.28820853    o      8.000     0
          4.74189476    0.28113272   -0.22235721    c      6.000     0
          2.01733010    0.28068691    0.67617560    c      6.000     0
          0.75394961    2.22938351   -0.71865172    o      8.000     0
         -1.76786229    2.63603309    0.13389018    c      6.000     0
         -2.84734767    4.54270756   -1.33151729    o      8.000     0
         -3.32837353    0.23780411   -0.24926233    c      6.000     0
         -5.84921878    0.55437442    0.62316256    o      8.000     0
         -2.12971488   -2.00395094    1.12171815    c      6.000     0
         -2.39211161   -1.88382186    3.80693494    o      8.000     0
          0.66990795   -2.25005354    0.35418726    c      6.000     0
          0.88343590   -3.01756508   -2.22326664    o      8.000     0
          7.81053082   -1.58583032    0.65645216    h      1.000     0
          4.81166703   -0.23546959   -2.21969815    h      1.000     0
          5.50882953    2.18743339    0.00680568    h      1.000     0
          1.99896245    0.76192162    2.69479393    h      1.000     0
         -1.72284768    3.19716704    2.13394198    h      1.000     0
         -2.26159427    6.16834927   -0.73958732    h      1.000     0
         -3.29516269   -0.17984163   -2.27533274    h      1.000     0
         -6.59046843    1.93046334   -0.32269499    h      1.000     0
         -3.12065763   -3.72516094    0.56764452    h      1.000     0
         -1.90883010   -0.23794572    4.42706696    h      1.000     0
          1.56164035   -3.63136292    1.60309371    h      1.000     0
          0.35371164   -4.75911338   -2.34707455    h      1.000     0
 
       center of nuclear mass  :   -0.26626542    0.02721866    0.27269409
       center of nuclear charge:   -0.23361282    0.02502525    0.27740088

              +--------------------------------------------------+
              |               basis set information              |
              +--------------------------------------------------+

              we will work with the 1s 3p 5d 7f 9g ... basis set
              ...i.e. with spherical basis functions...

   type   atoms  prim   cont   basis
   ---------------------------------------------------------------------------
    o        6     34     19   def-TZVP   [5s3p1d|11s6p1d]
    h       12      8      6   def-TZVP   [3s1p|5s1p]
    c        6     34     19   def-TZVP   [5s3p1d|11s6p1d]
   ---------------------------------------------------------------------------
   total:   24    504    300
   ---------------------------------------------------------------------------

   total number of primitive shells          :   42
   total number of contracted shells         :  156
   total number of cartesian basis functions :  312
   total number of SCF-basis functions       :  300


 integral neglect threshold       :  0.11E-09
 integral storage threshold THIZE :  0.10E-04
 integral storage threshold THIME :         5

 RI-J AUXILIARY BASIS SET information:

              we will work with the 1s 3p 5d 7f 9g ... basis set
              ...i.e. with spherical basis functions...

   type   atoms  prim   cont   basis
   ---------------------------------------------------------------------------
    o        6     40     38   def-TZVP   [7s3p3d1f|9s3p3d1f]
    h       12     10      9   def-TZVP   [3s2p|4s2p]
    c        6     40     38   def-TZVP   [7s3p3d1f|9s3p3d1f]
   ---------------------------------------------------------------------------
   total:   24    600    564
   ---------------------------------------------------------------------------

   total number of primitive shells          :   38
   total number of contracted shells         :  228
   total number of cartesian basis functions :  636
   total number of SCF-basis functions       :  564


 symmetry group of the molecule :   c1 

 the group has the following generators :
   c1(z)

    1 symmetry operations found

 there are 1 real representations :   a   

 maximum number of shells which are related by symmetry :  1

  
           ------------------
           density functional
           ------------------
 Becke-3-Parameter hybrid functional: B3-LYP
 exchange:    0.8*LDA + 0.72*B88 + 0.2*HF
 correlation: 0.19*LDA(VWN) + 0.81*LYP
 iterations will be done with small grid
  
 spherical integration : Lebedev's spherical grid
 spherical gridsize    :                     3
    i.e. gridpoints    :                   302
  maximum batchsize    :                   100
 value for diffuse not defined
 radial integration    : Chebyshev 2nd kind (scaling 3)
 radial gridsize       :                     3
 integration cells     :                    24
 partition function    : becke
 partition sharpness   :                     3
  
 
 Derivatives of quadrature weights will be included
 

 biggest AO integral is expected to be     7.998976882

          ------------------------
          nuclear repulsion energy  :   834.231695397    
          ------------------------

      -----------------------------------------------------------      
     |                   =====================                   |     
     |                        D F T - D 4                        |     
     |                   =====================                   |     
     |                         S. Grimme                         |     
     |          Mulliken Center for Theoretical Chemistry        |     
     |                    University of Bonn                     |     
      -----------------------------------------------------------      

           -------------------------------------------------
          |                Calculation Setup                |
           -------------------------------------------------
   charge               :      0
   non-additivity corr. : ATM
   charge model         : EEQ
   damping parameters
   s6                   :     1.0000
   s8                   :     2.0293
   a1                   :     0.4087
   a2                   :     4.5381

        q(ref)        CN(ref)   cov. CN(ref)  alpha(AIM,ref)
     0.0000000      0.0000000      0.0000000      5.1967092
    -0.3547147      0.9924594      0.8041679      6.1223924
    -0.5988153      1.9886928      1.6112394      6.7491941
     0.0000000      0.9985672      0.9798440      5.1987934
        q(ref)        CN(ref)   cov. CN(ref)  alpha(AIM,ref)
     0.0000000      0.0000000      0.0000000     12.3555336
    -0.1712371      0.9867893      0.9189476     12.8040100
    -0.1421000      1.9984766      1.9078606      9.6347083
    -0.2225085      2.9987259      2.8312240      9.6866280
    -0.2565392      3.9843988      3.7487004      7.6947605
    -0.1044135      3.1417713      2.9183271      9.3751067
     0.2103031      0.9999501      0.8556099      7.7402501
        q(ref)        CN(ref)   cov. CN(ref)  alpha(AIM,ref)
     0.0000000      0.0000000      0.0000000      5.0540161
     0.0000000      0.9117922      0.8942243      2.7207580
========================================================================
 Edisp  /kcal,au:   -23.8329  -0.0379801407
========================================================================
 nuclear repulsion energy                  =     834.231695397
  DFT-D4 Energy contribution               =      -0.037980141
 nuclear repulsion + dispersion correction =     834.193715256


         -----------------
         -S,T+V- integrals
         -----------------

 1e-integrals will be neglected if expon. factor < 0.107114E-10
 
 Difference densities algorithm switched on.
 The maximal number of linear combinations of
 difference densities is  20.

Diagonalization of Fock matrix in last SCF iteration activated ...


 DIIS switched on: error vector is FDS-SDF
 Max. Iterations for DIIS is     :   4
 DIIS matrix (see manual) 
    Scaling factor of diagonals  :  1.200
    threshold for scaling factor :  0.000

 scf convergence criterion : increment of total energy < .1000000D-05
                  and increment of one-electron energy < .1000000D-02

 MOs are in ASCII format !


    mo occupation :
   irrep   mo's   occupied
    a      300       48
 
 number of basis functions   :   300
 number of occupied orbitals :    48
 

 reading orbital data $scfmo  from file mos
 orbital characterization : expanded
 virtual MOs provided and orthogonalized by Cholesky decomposition

 automatic virtual orbital shift switched on 
      shift if e(lumo)-e(homo) < 0.10000000    

  
           ------------------------
               RI-J - INFORMATION
           ------------------------
 
    +---------------- Multipole Accelerated RI-J ---------------+
    -------------------------------------------------------------
      Number of bins for density partition        :  8
      Maximum multipole moment used               : 14
      Multipole precision parameter               :  1.0000E-08
      Threshold for moment summation              :  1.0000E-24
      Minimum separation between boxes            :  0.0000E+00
      Maximum allowed extent                      :  2.0000E+01
    +-----------------------------------------------------------+
 
 Extensions and centers of shell-pairs:
  number of shells with a single center:     9720
  number of shells with double centers:       433
 Contributions to RI integral batches: 
  neglected integral batches:                      2093
  multipole/direct contribution:                   3997
  multipole/memory contribution:                   6156
 Memory core needed for (P|Q) and Cholesky      3 MByte
 Memory core minimum needed except of (P|Q)     1 MByte
 Total minimum memory core needed (sum)         3 MByte
  
 ****************************************
 Memory allocated for RI-J   100 MByte
 ****************************************
                                            

 DSCF restart information will be dumped onto file mos


 Starting SCF iterations

          Overall gridpoints after grid construction =         30824
 Ordering of quadrature gridpoints disabled.
 Caution, gridordering can improve performance!

 ITERATION  ENERGY          1e-ENERGY        2e-ENERGY     NORM[dD(SAO)]  TOL
   1  -684.67555366611    -2591.6762037     1072.8069348    0.000D+00 0.107D-09
                            Exc = -71.5606030215     Coul =  1161.39483372    
                            exK = -17.0272958710    
                              N = 96.000551009    
                            current damping = 0.700
 
          max. resid. norm for Fia-block=  3.008D-01 for orbital     23a         
          max. resid. fock norm         =  1.353D+01 for orbital    227a         

 ITERATION  ENERGY          1e-ENERGY        2e-ENERGY     NORM[dD(SAO)]  TOL
   2  -686.66671568992    -2595.4971522     1074.6367213    0.181D+01 0.750D-10
                            Exc = -71.1829834311      Eck =  1145.81970471    
                              N = 96.000381497    
                            current damping = 0.650
 
          Norm of current diis error:  2.4076    
          max. resid. norm for Fia-block=  1.363D-01 for orbital      1a         
          max. resid. fock norm         =  1.934D-01 for orbital    233a         

 ITERATION  ENERGY          1e-ENERGY        2e-ENERGY     NORM[dD(SAO)]  TOL
   3  -686.98288294679    -2598.5640342     1077.3874360    0.118D+01 0.552D-10
                            Exc = -71.5003169069      Eck =  1148.88775286    
                              N = 96.000127950    
                            current damping = 0.550
 
          Norm of current diis error:  1.1715    
          max. resid. norm for Fia-block=  5.462D-02 for orbital      2a         
          max. resid. fock norm         =  6.178D-02 for orbital     55a         

 ITERATION  ENERGY          1e-ENERGY        2e-ENERGY     NORM[dD(SAO)]  TOL
   4  -687.08807642213    -2597.9261957     1076.6444040    0.918D+00 0.459D-10
                            Exc = -71.3926749691      Eck =  1148.03707896    
                              N = 96.000016960    
                            current damping = 0.600
 
          Norm of current diis error: 0.43584    
          max. resid. norm for Fia-block=  2.250D-02 for orbital     13a         
          max. resid. fock norm         =  2.873D-02 for orbital    225a         

 ITERATION  ENERGY          1e-ENERGY        2e-ENERGY     NORM[dD(SAO)]  TOL
   5  -687.10513154557    -2598.9802240     1077.6813772    0.166D+00 0.416D-10
                            Exc = -71.4859910302      Eck =  1149.16736823    
                              N = 95.999986793    
                            current damping = 0.650
 
          Norm of current diis error: 0.18248    
          max. resid. norm for Fia-block=  9.140D-03 for orbital     37a         
          max. resid. fock norm         =  1.066D-02 for orbital     41a         
          mo-orthogonalization: Cholesky decomposition

 ITERATION  ENERGY          1e-ENERGY        2e-ENERGY     NORM[dD(SAO)]  TOL
   6  -687.10867091443    -2598.6881431     1077.3857569    0.614D-01 0.389D-10
                            Exc = -71.4611526605      Eck =  1148.84690961    
                              N = 95.999983150    
                            current damping = 0.700
 
          Norm of current diis error: 0.74148E-01
          max. resid. norm for Fia-block=  3.695D-03 for orbital     19a         
          max. resid. fock norm         =  5.056D-03 for orbital    269a         

 ITERATION  ENERGY          1e-ENERGY        2e-ENERGY     NORM[dD(SAO)]  TOL
   7  -687.10926076879    -2598.8108991     1077.5079231    0.162D-01 0.374D-10
                            Exc = -71.4715406653      Eck =  1148.97946372    
                              N = 95.999979833    
                            current damping = 0.750
 
          Norm of current diis error: 0.31521E-01
          max. resid. norm for Fia-block=  1.599D-03 for orbital     21a         
          max. resid. fock norm         =  2.136D-03 for orbital     40a         

 ITERATION  ENERGY          1e-ENERGY        2e-ENERGY     NORM[dD(SAO)]  TOL
   8  -687.10937389077    -2598.8336839     1077.5305947    0.730D-02 0.366D-10
                            Exc = -71.4736474870      Eck =  1149.00424222    
                              N = 95.999981436    
                            current damping = 0.600
 
          Norm of current diis error: 0.13865E-01
          max. resid. norm for Fia-block=  7.714D-04 for orbital     40a         
          max. resid. fock norm         =  9.453D-04 for orbital     40a         

 ITERATION  ENERGY          1e-ENERGY        2e-ENERGY     NORM[dD(SAO)]  TOL
   9  -687.10939824939    -2598.8310921     1077.5279785    0.135D-02 0.360D-10
                            Exc = -71.4733574490      Eck =  1149.00133599    
                              N = 95.999980840    
                            current damping = 0.650
 
          Norm of current diis error: 0.54489E-02
          max. resid. norm for Fia-block=  2.754D-04 for orbital     48a         
          max. resid. fock norm         =  4.370D-04 for orbital    300a         

 ITERATION  ENERGY          1e-ENERGY        2e-ENERGY     NORM[dD(SAO)]  TOL
  10  -687.10940184878    -2598.8351273     1077.5320102    0.712D-03 0.356D-10
                            Exc = -71.4738973172      Eck =  1149.00590747    
                              N = 95.999981171    
                            current damping = 0.700
 
          Norm of current diis error: 0.21062E-02
          max. resid. norm for Fia-block=  1.158D-04 for orbital     41a         
          max. resid. fock norm         =  1.683D-04 for orbital    300a         
          mo-orthogonalization: Cholesky decomposition

 ENERGY CONVERGED !

          Overall gridpoints after grid construction =        114193
 Ordering of quadrature gridpoints disabled.
 Caution, gridordering can improve performance!

 ITERATION  ENERGY          1e-ENERGY        2e-ENERGY     NORM[dD(SAO)]  TOL
  11  -687.10957194452    -2598.8381896     1077.5349024    0.271D-03 0.353D-10
                            Exc = -71.4742381606      Eck =  1149.00914055    
                              N = 96.000012295    
                            current damping = 0.550
 
          Norm of current diis error: 0.87774E-03
          max. resid. norm for Fia-block=  5.246D-05 for orbital     40a         
          max. resid. fock norm         =  8.327D-05 for orbital    300a         

 End of SCF iterations

   convergence criteria satisfied after    11 iterations


   *************************************************************************
   opt_final_D-Glucose_42                                                   
   *************************************************************************


                  ------------------------------------------ 
                 |  total energy      =   -687.10957194452  |
                  ------------------------------------------ 
                 :  kinetic energy    =    684.41455485460  :
                 :  potential energy  =  -1371.52412679912  :
                 :  virial theorem    =      1.99607774771  :
                 :  wavefunction norm =      1.00000000000  :
                  .......................................... 


 <geterg> : there is no data group $energy 


 <skperg> : $end is missing 


 orbitals $scfmo  will be written to file mos

    irrep                 44a         45a         46a         47a         48a   
 eigenvalues H         -0.30858    -0.29133    -0.28357    -0.27261    -0.26103
            eV          -8.3971     -7.9276     -7.7163     -7.4180     -7.1030
 occupation              2.0000      2.0000      2.0000      2.0000      2.0000

    irrep                 49a         50a         51a         52a         53a   
 eigenvalues H          0.01095     0.01807     0.02432     0.02929     0.04623
            eV           0.2981      0.4918      0.6617      0.7969      1.2580
 
 
 
 
 ==============================================================================
                           electrostatic moments
 ==============================================================================

 reference point for electrostatic moments:    0.00000   0.00000   0.00000

 
              nuc           elec       ->  total
 ------------------------------------------------------------------------------
                          charge      
 ------------------------------------------------------------------------------
          96.000000     -96.000000       0.000000
 
 ------------------------------------------------------------------------------
                       dipole moment  
 ------------------------------------------------------------------------------
   x     -22.426831      23.209907       0.783076
   y       2.402424      -1.816077       0.586347
   z      26.630484     -26.766737      -0.136253
 
   | dipole moment | =     0.9877 a.u. =     2.5105 debye 
 
 ------------------------------------------------------------------------------
                     quadrupole moment
 ------------------------------------------------------------------------------
  xx    1164.321442   -1215.392543     -51.071102
  yy     533.665650    -578.912116     -45.246466
  zz     253.007254    -310.941095     -57.933840
  xy    -205.906445     203.425486      -2.480960
  xz     -37.393049      39.221482       1.828433
  yz     -87.542039      93.995288       6.453248
 
     1/3  trace=     -51.417136
     anisotropy=      16.565771
 
 ==============================================================================
 
HOMO-LUMO Separation
 HOMO         :   -0.26102972 H =     -7.10298 eV
 LUMO         :    0.01095381 H =     +0.29807 eV
 HOMO-LUMO gap:    0.27198353 H =     +7.40105 eV
 
 ==============================================================================


    ------------------------------------------------------------------------
         total  cpu-time :  2 minutes and 55 seconds
         total wall-time :  2 minutes and 55 seconds
    ------------------------------------------------------------------------

   ****  ridft : all done  ****


    2026-04-22 02:28:12.519 

