 operating system is UNIX !

 ridft (login2) : TURBOMOLE rev. V7-8-1 compiled 26 Feb 2024 at 17:12:58
 Copyright (C) 2024 TURBOMOLE GmbH, Karlsruhe


    2026-04-20 18:26:56.858 



                                  r i d f t

                        DFT program with RI approximation 
                                for coulomb part 





                                 References:     
                                                 
          TURBOMOLE:                             
              R. Ahlrichs, M. Baer, M. Haeser, H. Horn, and
              C. Koelmel
              Electronic structure calculations on workstation
              computers: the program system TURBOMOLE
              Chem. Phys. Lett. 162: 165 (1989)
          Density Functional:                              
              O. Treutler and R. Ahlrichs                      
              Efficient Molecular Numerical Integration Schemes
              J. Chem. Phys. 102: 346 (1995)                   
          Parallel Version:                                
              Performance of parallel TURBOMOLE for Density    
              Functional Calculations                          
              M. v. Arnim and R. Ahlrichs                      
              J. Comp. Chem. 19: 1746 (1998)                   
          RI-J Method:                                     
              Auxiliary Basis Sets to approximate Coulomb      
              Potentials                                       
              Chem. Phys. Lett. 240: 283 (1995)                
              K. Eichkorn, O. Treutler, H. Oehm, M. Haeser     
              and R. Ahlrichs                                  
              Chem. Phys. Lett. 242: 652 (1995)                
                                                           
              Auxiliary Basis Sets for Main Row Atoms and their
              Use to approximate Coulomb Potentials            
              K. Eichkorn, F. Weigend, O. Treutler and         
              R. Ahlrichs                                      
              Theo. Chem. Acc. 97: 119 (1997)                  
                                                           
              Accurate Coulomb-fitting basis sets for H to Rn 
              F. Weigend                                       
              Phys. Chem. Chem. Phys. 8: 1057 (2006)           
                                                           
          Multipole accelerated RI-J (MARI-J):             
              Fast evaluation of the Coulomb potential for     
              electron densities using multipole accelerated   
              resolution of identity approximation             
              M. Sierka, A. Hogekamp and R. Ahlrichs           
              J. Chem. Phys. 118: 9136 (2003)                  
          RI-JK Method:                                     
              A fully direct RI-HF algorithm: Implementation,
              optimised auxiliary basis sets, demonstration of
              accuracy and efficiency                         
              F. Weigend                                      
              Phys. Chem. Chem. Phys. 4: 4285 (2002)           
          Two-component HF and DFT with spin-orbit coupling:  
              Self-consistent treatment of spin-orbit         
              interactions with efficient Hartree-Fock and    
              density functional methods                      
              M. K. Armbruster, F. Weigend, C. van Wüllen and 
              W. Klopper                                      
              Phys. Chem. Chem. Phys. 10: 1748 (2008)         
          Two-component difference density and DIIS algorithm 
              Efficient two-component self-consistent field   
              procedures and gradients: implementation in     
              TURBOMOLE and application to Au20-              
              A. Baldes, F. Weigend                           
              Mol. Phys. 111: 2617 (2013)                     
          Relativistic current density functional theory      
              Current density functional framework for        
              spin-orbit coupling                             
              C. Holzer, Y. J. Franzke, A. Pausch             
              J. Chem. Phys. 157: 204102 (2022)               
          Relativistic all-electron 2c calculations           
              An efficient implementation of two-component    
              relativistic exact-decoupling methods for large 
              molecules                                       
              D. Peng, N. Middendorf, F. Weigend, M. Reiher   
              J. Chem. Phys. 138: 184105 (2013)               
          Finite nucleus model and SNSO approximation         
              Efficient implementation of one- and two-       
              component analytical energy gradients in exact  
              two-component theory                            
              Y. J. Franzke, N. Middendorf, F. Weigend        
              J. Chem. Phys. 148: 104110 (2018)               
          Grids for all-electron relativistic methods         
              Error-consistent segmented contracted all-      
              electron relativistic basis sets of double-     
              and triple-zeta quality for NMR shielding       
              constants                                       
              Y. J. Franzke, R. Tress, T. M. Pazdera,         
              F. Weigend                                      
              Phys. Chem. Chem. Phys. 21: 166658 (2019)       
          Seminumerical exchange algorithms                   
              Seminumerical calculation of the Hartree-Fock   
              exchange matirx: Application to two-component   
              procedures and efficient evaluation of local    
              hybrid functionsl                               
              P. Plessow, F. Weigend,                         
              J. Comput. Chem. 33: 810 (2012)                 
          Improved seminumerical algorithms                   
              C. Holzer,                                      
              J. Chem. Phys. 153 (2020), 184115               





              +--------------------------------------------------+
              |      general information about current run       |
              +--------------------------------------------------+

 
 Becke-3-Parameter hybrid functional: B3-LYP
 exchange:    0.8*LDA + 0.72*B88 + 0.2*HF
 correlation: 0.19*LDA(VWN) + 0.81*LYP
 A Hybrid-DFT calculation using the RI-J approximation will be carried out.
 Allocatable memory for RI due to $ricore (MB):                   100
 Multipole approximation for Coulomb integrals is used

   *************************************************************************
   opt_final_PVP_monomer_N-vinyl-2-pyrrolidone_8                            
   *************************************************************************




              +--------------------------------------------------+
              | Atomic coordinate, charge and isotop information |
              +--------------------------------------------------+

                    atomic coordinates            atom    charge  isotop
          5.57550294   -0.80499108   -0.72925789    c      6.000     0
          3.74750718    0.93796048   -0.41475342    c      6.000     0
          1.20970053    0.51041327   -0.14637092    n      7.000     0
          0.27790214   -2.08422322   -0.05945192    c      6.000     0
         -2.60657784   -2.15748113    0.09174755    c      6.000     0
         -3.78330207   -0.05502087   -1.51446241    c      6.000     0
         -2.99157082    2.47755638   -0.48622254    c      6.000     0
         -4.32111658    4.35408729   -0.54249385    o      8.000     0
         -0.40860619    2.53058296    0.76459742    c      6.000     0
          5.21561948   -2.81673902   -0.73718947    h      1.000     0
          7.50148993   -0.18474848   -1.01240469    h      1.000     0
          4.24579437    2.92746465   -0.39780669    h      1.000     0
          0.90928507   -3.03378409   -1.78542913    h      1.000     0
          1.11185001   -3.11024553    1.54004830    h      1.000     0
         -3.22815835   -1.94360332    2.04985193    h      1.000     0
         -3.26668809   -4.00165600   -0.54420538    h      1.000     0
         -3.09865258   -0.18233830   -3.46693541    h      1.000     0
         -5.84057897   -0.14903914   -1.56919414    h      1.000     0
          0.47814881    4.34764572    0.37791090    h      1.000     0
         -0.72754897    2.43815945    2.82008651    h      1.000     0
 
       center of nuclear mass  :   -0.40852916    0.64870530   -0.33295476
       center of nuclear charge:   -0.35199024    0.55533836   -0.32612697

              +--------------------------------------------------+
              |               basis set information              |
              +--------------------------------------------------+

              we will work with the 1s 3p 5d 7f 9g ... basis set
              ...i.e. with spherical basis functions...

   type   atoms  prim   cont   basis
   ---------------------------------------------------------------------------
    o        1     34     19   def-TZVP   [5s3p1d|11s6p1d]
    n        1     34     19   def-TZVP   [5s3p1d|11s6p1d]
    h       11      8      6   def-TZVP   [3s1p|5s1p]
    c        7     34     19   def-TZVP   [5s3p1d|11s6p1d]
   ---------------------------------------------------------------------------
   total:   20    394    237
   ---------------------------------------------------------------------------

   total number of primitive shells          :   60
   total number of contracted shells         :  125
   total number of cartesian basis functions :  246
   total number of SCF-basis functions       :  237


 integral neglect threshold       :  0.14E-09
 integral storage threshold THIZE :  0.10E-04
 integral storage threshold THIME :         5

 RI-J AUXILIARY BASIS SET information:

              we will work with the 1s 3p 5d 7f 9g ... basis set
              ...i.e. with spherical basis functions...

   type   atoms  prim   cont   basis
   ---------------------------------------------------------------------------
    o        1     40     38   def-TZVP   [7s3p3d1f|9s3p3d1f]
    n        1     40     38   def-TZVP   [7s3p3d1f|9s3p3d1f]
    h       11     10      9   def-TZVP   [3s2p|4s2p]
    c        7     40     38   def-TZVP   [7s3p3d1f|9s3p3d1f]
   ---------------------------------------------------------------------------
   total:   20    470    441
   ---------------------------------------------------------------------------

   total number of primitive shells          :   54
   total number of contracted shells         :  181
   total number of cartesian basis functions :  495
   total number of SCF-basis functions       :  441


 symmetry group of the molecule :   c1 

 the group has the following generators :
   c1(z)

    1 symmetry operations found

 there are 1 real representations :   a   

 maximum number of shells which are related by symmetry :  1

  
           ------------------
           density functional
           ------------------
 Becke-3-Parameter hybrid functional: B3-LYP
 exchange:    0.8*LDA + 0.72*B88 + 0.2*HF
 correlation: 0.19*LDA(VWN) + 0.81*LYP
 iterations will be done with small grid
  
 spherical integration : Lebedev's spherical grid
 spherical gridsize    :                     3
    i.e. gridpoints    :                   302
  maximum batchsize    :                   100
 value for diffuse not defined
 radial integration    : Chebyshev 2nd kind (scaling 3)
 radial gridsize       :                     3
 integration cells     :                    20
 partition function    : becke
 partition sharpness   :                     3
  
 
 Derivatives of quadrature weights will be included
 

 biggest AO integral is expected to be     7.998976882

          ------------------------
          nuclear repulsion energy  :   453.622618681    
          ------------------------

      -----------------------------------------------------------      
     |                   =====================                   |     
     |                        D F T - D 4                        |     
     |                   =====================                   |     
     |                         S. Grimme                         |     
     |          Mulliken Center for Theoretical Chemistry        |     
     |                    University of Bonn                     |     
      -----------------------------------------------------------      

           -------------------------------------------------
          |                Calculation Setup                |
           -------------------------------------------------
   charge               :      0
   non-additivity corr. : ATM
   charge model         : EEQ
   damping parameters
   s6                   :     1.0000
   s8                   :     2.0293
   a1                   :     0.4087
   a2                   :     4.5381

        q(ref)        CN(ref)   cov. CN(ref)  alpha(AIM,ref)
     0.0000000      0.0000000      0.0000000     12.3555336
    -0.1712371      0.9867893      0.9189476     12.8040100
    -0.1421000      1.9984766      1.9078606      9.6347083
    -0.2225085      2.9987259      2.8312240      9.6866280
    -0.2565392      3.9843988      3.7487004      7.6947605
    -0.1044135      3.1417713      2.9183271      9.3751067
     0.2103031      0.9999501      0.8556099      7.7402501
        q(ref)        CN(ref)   cov. CN(ref)  alpha(AIM,ref)
     0.0000000      0.0000000      0.0000000      7.5385089
    -0.3529859      0.9944072      0.8582779      8.6583057
    -0.3012579      2.0142722      1.8398511      7.9579326
    -0.8242972      2.9902642      2.5803990      9.7489831
     0.0000000      0.9999895      0.9808553      5.8062716
        q(ref)        CN(ref)   cov. CN(ref)  alpha(AIM,ref)
     0.0000000      0.0000000      0.0000000      5.1967092
    -0.3547147      0.9924594      0.8041679      6.1223924
    -0.5988153      1.9886928      1.6112394      6.7491941
     0.0000000      0.9985672      0.9798440      5.1987934
        q(ref)        CN(ref)   cov. CN(ref)  alpha(AIM,ref)
     0.0000000      0.0000000      0.0000000      5.0540161
     0.0000000      0.9117922      0.8942243      2.7207580
========================================================================
 Edisp  /kcal,au:   -19.1282  -0.0304827706
========================================================================
 nuclear repulsion energy                  =     453.622618681
  DFT-D4 Energy contribution               =      -0.030482771
 nuclear repulsion + dispersion correction =     453.592135911


         -----------------
         -S,T+V- integrals
         -----------------

 1e-integrals will be neglected if expon. factor < 0.135852E-10
 
 Difference densities algorithm switched on.
 The maximal number of linear combinations of
 difference densities is  20.

Diagonalization of Fock matrix in last SCF iteration activated ...


 DIIS switched on: error vector is FDS-SDF
 Max. Iterations for DIIS is     :   4
 DIIS matrix (see manual) 
    Scaling factor of diagonals  :  1.200
    threshold for scaling factor :  0.000

 scf convergence criterion : increment of total energy < .1000000D-05
                  and increment of one-electron energy < .1000000D-02

 MOs are in ASCII format !


    mo occupation :
   irrep   mo's   occupied
    a      237       34
 
 number of basis functions   :   237
 number of occupied orbitals :    34
 

 reading orbital data $scfmo  from file mos
 orbital characterization : expanded
 virtual MOs provided and orthogonalized by Cholesky decomposition

 automatic virtual orbital shift switched on 
      shift if e(lumo)-e(homo) < 0.10000000    

  
           ------------------------
               RI-J - INFORMATION
           ------------------------
 
    +---------------- Multipole Accelerated RI-J ---------------+
    -------------------------------------------------------------
      Number of bins for density partition        :  8
      Maximum multipole moment used               : 14
      Multipole precision parameter               :  1.0000E-08
      Threshold for moment summation              :  1.0000E-24
      Minimum separation between boxes            :  0.0000E+00
      Maximum allowed extent                      :  2.0000E+01
    +-----------------------------------------------------------+
 
 Extensions and centers of shell-pairs:
  number of shells with a single center:     6554
  number of shells with double centers:       376
 Contributions to RI integral batches: 
  neglected integral batches:                       945
  multipole/direct contribution:                    338
  multipole/memory contribution:                   6592
 Memory core needed for (P|Q) and Cholesky      2 MByte
 Memory core minimum needed except of (P|Q)     1 MByte
 Total minimum memory core needed (sum)         2 MByte
  
 ****************************************
 Memory allocated for RI-J   100 MByte
 ****************************************
                                            

 DSCF restart information will be dumped onto file mos


 Starting SCF iterations

          Overall gridpoints after grid construction =         24842
 Ordering of quadrature gridpoints disabled.
 Caution, gridordering can improve performance!

 ITERATION  ENERGY          1e-ENERGY        2e-ENERGY     NORM[dD(SAO)]  TOL
   1  -401.62367455327    -1430.6646514     575.44884093    0.000D+00 0.136D-09
                            Exc = -45.5287019429     Coul =  631.780590729    
                            exK = -10.8030478576    
                              N = 67.996583246    
                            current damping = 0.700
 
          max. resid. norm for Fia-block=  3.093D-01 for orbital      1a         
          max. resid. fock norm         =  1.098D+01 for orbital    127a         

 ITERATION  ENERGY          1e-ENERGY        2e-ENERGY     NORM[dD(SAO)]  TOL
   2  -402.91998833602    -1439.6566125     583.14448825    0.120D+01 0.923D-10
                            Exc = -46.0054959207      Eck =  629.149984175    
                              N = 67.997034145    
                            current damping = 0.650
 
          Norm of current diis error:  2.1177    
          max. resid. norm for Fia-block=  1.616D-01 for orbital      1a         
          max. resid. fock norm         =  2.867D-01 for orbital    214a         

 ITERATION  ENERGY          1e-ENERGY        2e-ENERGY     NORM[dD(SAO)]  TOL
   3  -403.14119201780    -1442.4291587     585.69583079    0.706D+00 0.675D-10
                            Exc = -46.2935361553      Eck =  631.989366944    
                              N = 67.997248246    
                            current damping = 0.550
 
          Norm of current diis error:  1.0513    
          max. resid. norm for Fia-block=  6.357D-02 for orbital     32a         
          max. resid. fock norm         =  6.905D-02 for orbital     35a         

 ITERATION  ENERGY          1e-ENERGY        2e-ENERGY     NORM[dD(SAO)]  TOL
   4  -403.21710416539    -1443.3901271     586.58088703    0.611D+00 0.573D-10
                            Exc = -46.3328884690      Eck =  632.913775500    
                              N = 67.997297653    
                            current damping = 0.450
 
          Norm of current diis error: 0.42537    
          max. resid. norm for Fia-block=  4.193D-02 for orbital     10a         
          max. resid. fock norm         =  6.360D-02 for orbital    202a         

 ITERATION  ENERGY          1e-ENERGY        2e-ENERGY     NORM[dD(SAO)]  TOL
   5  -403.22895297036    -1444.1840702     587.36298133    0.200D+00 0.535D-10
                            Exc = -46.4382836274      Eck =  633.801264953    
                              N = 67.997339480    
                            current damping = 0.350
 
          Norm of current diis error: 0.21772    
          max. resid. norm for Fia-block=  1.523D-02 for orbital     31a         
          max. resid. fock norm         =  1.629D-02 for orbital     35a         
          mo-orthogonalization: Cholesky decomposition

 ITERATION  ENERGY          1e-ENERGY        2e-ENERGY     NORM[dD(SAO)]  TOL
   6  -403.23303195142    -1444.3435546     587.51838676    0.770D-01 0.503D-10
                            Exc = -46.4293691852      Eck =  633.947755949    
                              N = 67.997340979    
                            current damping = 0.200
 
          Norm of current diis error: 0.66298E-01
          max. resid. norm for Fia-block=  4.551D-03 for orbital     10a         
          max. resid. fock norm         =  6.400D-03 for orbital    211a         

 ITERATION  ENERGY          1e-ENERGY        2e-ENERGY     NORM[dD(SAO)]  TOL
   7  -403.23336466717    -1444.2447166     587.41921605    0.244D-01 0.488D-10
                            Exc = -46.4334509292      Eck =  633.852666974    
                              N = 67.997342172    
                            current damping = 0.250
 
          Norm of current diis error: 0.21376E-01
          max. resid. norm for Fia-block=  1.459D-03 for orbital     34a         
          max. resid. fock norm         =  1.999D-03 for orbital     34a         

 ITERATION  ENERGY          1e-ENERGY        2e-ENERGY     NORM[dD(SAO)]  TOL
   8  -403.23338953431    -1444.3821107     587.55658523    0.120D-01 0.484D-10
                            Exc = -46.4400152286      Eck =  633.996600454    
                              N = 67.997340889    
                            current damping = 0.300
 
          Norm of current diis error: 0.13461E-01
          max. resid. norm for Fia-block=  7.815D-04 for orbital     34a         
          max. resid. fock norm         =  1.288D-03 for orbital    229a         

 ITERATION  ENERGY          1e-ENERGY        2e-ENERGY     NORM[dD(SAO)]  TOL
   9  -403.23340248067    -1444.3488987     587.52336031    0.340D-02 0.479D-10
                            Exc = -46.4386055554      Eck =  633.961965864    
                              N = 67.997342569    
                            current damping = 0.350
 
          Norm of current diis error: 0.32662E-02
          max. resid. norm for Fia-block=  2.058D-04 for orbital     34a         
          max. resid. fock norm         =  3.716D-04 for orbital    229a         

 ITERATION  ENERGY          1e-ENERGY        2e-ENERGY     NORM[dD(SAO)]  TOL
  10  -403.23340314693    -1444.3372635     587.51172444    0.886D-03 0.476D-10
                            Exc = -46.4377643112      Eck =  633.949488756    
                              N = 67.997341827    
                            current damping = 0.200
 
          Norm of current diis error: 0.16042E-02
          max. resid. norm for Fia-block=  1.295D-04 for orbital     33a         
          max. resid. fock norm         =  1.854D-04 for orbital     33a         
          mo-orthogonalization: Cholesky decomposition

 ENERGY CONVERGED !

          Overall gridpoints after grid construction =         93128
 Ordering of quadrature gridpoints disabled.
 Caution, gridordering can improve performance!

 ITERATION  ENERGY          1e-ENERGY        2e-ENERGY     NORM[dD(SAO)]  TOL
  11  -403.23371169479    -1444.3383150     587.51246740    0.236D-03 0.472D-10
                            Exc = -46.4384427876      Eck =  633.950910184    
                              N = 67.999972810    
                            current damping = 0.250
 
          Norm of current diis error: 0.12063E-02
          max. resid. norm for Fia-block=  5.283D-05 for orbital     31a         
          max. resid. fock norm         =  7.369D-05 for orbital     35a         

 End of SCF iterations

   convergence criteria satisfied after    11 iterations


   *************************************************************************
   opt_final_PVP_monomer_N-vinyl-2-pyrrolidone_8                            
   *************************************************************************


                  ------------------------------------------ 
                 |  total energy      =   -403.23371169479  |
                  ------------------------------------------ 
                 :  kinetic energy    =    401.44266891273  :
                 :  potential energy  =   -804.67638060752  :
                 :  virial theorem    =      1.99555830098  :
                 :  wavefunction norm =      1.00000000000  :
                  .......................................... 


 <geterg> : there is no data group $energy 


 <skperg> : $end is missing 


 orbitals $scfmo  will be written to file mos

    irrep                 30a         31a         32a         33a         34a   
 eigenvalues H         -0.36089    -0.35163    -0.31529    -0.26078    -0.20126
            eV          -9.8205     -9.5684     -8.5794     -7.0964     -5.4767
 occupation              2.0000      2.0000      2.0000      2.0000      2.0000

    irrep                 35a         36a         37a         38a         39a   
 eigenvalues H         -0.03428     0.01868     0.02908     0.05270     0.06022
            eV          -0.9329      0.5084      0.7914      1.4341      1.6387
 
 
 
 
 ==============================================================================
                           electrostatic moments
 ==============================================================================

 reference point for electrostatic moments:    0.00000   0.00000   0.00000

 
              nuc           elec       ->  total
 ------------------------------------------------------------------------------
                          charge      
 ------------------------------------------------------------------------------
          68.000000     -68.000000      -0.000000
 
 ------------------------------------------------------------------------------
                       dipole moment  
 ------------------------------------------------------------------------------
   x     -23.935336      23.957529       0.022193
   y      37.763008     -38.676460      -0.913452
   z     -22.176634      22.355614       0.178980
 
   | dipole moment | =     0.9311 a.u. =     2.3666 debye 
 
 ------------------------------------------------------------------------------
                     quadrupole moment
 ------------------------------------------------------------------------------
  xx     781.337157    -828.316421     -46.979264
  yy     372.026812    -416.202785     -44.175973
  zz      59.848749    -101.552609     -41.703860
  xy    -159.969920     167.492374       7.522454
  xz      23.646921     -23.855754      -0.208833
  yz      -4.490065       5.663128       1.173064
 
     1/3  trace=     -44.286366
     anisotropy=      13.961406
 
 ==============================================================================
 
HOMO-LUMO Separation
 HOMO         :   -0.20126430 H =     -5.47668 eV
 LUMO         :   -0.03428495 H =     -0.93294 eV
 HOMO-LUMO gap:    0.16697935 H =     +4.54374 eV
 
 ==============================================================================


    ------------------------------------------------------------------------
         total  cpu-time :  1 minutes and 34 seconds
         total wall-time :  1 minutes and 35 seconds
    ------------------------------------------------------------------------

   ****  ridft : all done  ****


    2026-04-20 18:28:31.527 

