 operating system is UNIX !

 ridft (login2) : TURBOMOLE rev. V7-8-1 compiled 26 Feb 2024 at 17:12:58
 Copyright (C) 2024 TURBOMOLE GmbH, Karlsruhe


    2026-04-20 16:07:38.247 



                                  r i d f t

                        DFT program with RI approximation 
                                for coulomb part 





                                 References:     
                                                 
          TURBOMOLE:                             
              R. Ahlrichs, M. Baer, M. Haeser, H. Horn, and
              C. Koelmel
              Electronic structure calculations on workstation
              computers: the program system TURBOMOLE
              Chem. Phys. Lett. 162: 165 (1989)
          Density Functional:                              
              O. Treutler and R. Ahlrichs                      
              Efficient Molecular Numerical Integration Schemes
              J. Chem. Phys. 102: 346 (1995)                   
          Parallel Version:                                
              Performance of parallel TURBOMOLE for Density    
              Functional Calculations                          
              M. v. Arnim and R. Ahlrichs                      
              J. Comp. Chem. 19: 1746 (1998)                   
          RI-J Method:                                     
              Auxiliary Basis Sets to approximate Coulomb      
              Potentials                                       
              Chem. Phys. Lett. 240: 283 (1995)                
              K. Eichkorn, O. Treutler, H. Oehm, M. Haeser     
              and R. Ahlrichs                                  
              Chem. Phys. Lett. 242: 652 (1995)                
                                                           
              Auxiliary Basis Sets for Main Row Atoms and their
              Use to approximate Coulomb Potentials            
              K. Eichkorn, F. Weigend, O. Treutler and         
              R. Ahlrichs                                      
              Theo. Chem. Acc. 97: 119 (1997)                  
                                                           
              Accurate Coulomb-fitting basis sets for H to Rn 
              F. Weigend                                       
              Phys. Chem. Chem. Phys. 8: 1057 (2006)           
                                                           
          Multipole accelerated RI-J (MARI-J):             
              Fast evaluation of the Coulomb potential for     
              electron densities using multipole accelerated   
              resolution of identity approximation             
              M. Sierka, A. Hogekamp and R. Ahlrichs           
              J. Chem. Phys. 118: 9136 (2003)                  
          RI-JK Method:                                     
              A fully direct RI-HF algorithm: Implementation,
              optimised auxiliary basis sets, demonstration of
              accuracy and efficiency                         
              F. Weigend                                      
              Phys. Chem. Chem. Phys. 4: 4285 (2002)           
          Two-component HF and DFT with spin-orbit coupling:  
              Self-consistent treatment of spin-orbit         
              interactions with efficient Hartree-Fock and    
              density functional methods                      
              M. K. Armbruster, F. Weigend, C. van Wüllen and 
              W. Klopper                                      
              Phys. Chem. Chem. Phys. 10: 1748 (2008)         
          Two-component difference density and DIIS algorithm 
              Efficient two-component self-consistent field   
              procedures and gradients: implementation in     
              TURBOMOLE and application to Au20-              
              A. Baldes, F. Weigend                           
              Mol. Phys. 111: 2617 (2013)                     
          Relativistic current density functional theory      
              Current density functional framework for        
              spin-orbit coupling                             
              C. Holzer, Y. J. Franzke, A. Pausch             
              J. Chem. Phys. 157: 204102 (2022)               
          Relativistic all-electron 2c calculations           
              An efficient implementation of two-component    
              relativistic exact-decoupling methods for large 
              molecules                                       
              D. Peng, N. Middendorf, F. Weigend, M. Reiher   
              J. Chem. Phys. 138: 184105 (2013)               
          Finite nucleus model and SNSO approximation         
              Efficient implementation of one- and two-       
              component analytical energy gradients in exact  
              two-component theory                            
              Y. J. Franzke, N. Middendorf, F. Weigend        
              J. Chem. Phys. 148: 104110 (2018)               
          Grids for all-electron relativistic methods         
              Error-consistent segmented contracted all-      
              electron relativistic basis sets of double-     
              and triple-zeta quality for NMR shielding       
              constants                                       
              Y. J. Franzke, R. Tress, T. M. Pazdera,         
              F. Weigend                                      
              Phys. Chem. Chem. Phys. 21: 166658 (2019)       
          Seminumerical exchange algorithms                   
              Seminumerical calculation of the Hartree-Fock   
              exchange matirx: Application to two-component   
              procedures and efficient evaluation of local    
              hybrid functionsl                               
              P. Plessow, F. Weigend,                         
              J. Comput. Chem. 33: 810 (2012)                 
          Improved seminumerical algorithms                   
              C. Holzer,                                      
              J. Chem. Phys. 153 (2020), 184115               





              +--------------------------------------------------+
              |      general information about current run       |
              +--------------------------------------------------+

 
 Becke-3-Parameter hybrid functional: B3-LYP
 exchange:    0.8*LDA + 0.72*B88 + 0.2*HF
 correlation: 0.19*LDA(VWN) + 0.81*LYP
 A Hybrid-DFT calculation using the RI-J approximation will be carried out.
 Allocatable memory for RI due to $ricore (MB):                   100
 Multipole approximation for Coulomb integrals is used

   *************************************************************************
   opt_final_5-Fluorouracil_50                                              
   *************************************************************************




              +--------------------------------------------------+
              | Atomic coordinate, charge and isotop information |
              +--------------------------------------------------+

                    atomic coordinates            atom    charge  isotop
         -0.84414710   -2.30185566   -0.88638817    c      6.000     0
          1.54821646   -1.40563007   -0.58768108    c      6.000     0
          1.99713597    0.97079860    0.33670608    n      7.000     0
          0.12502634    2.64987569    1.03804667    c      6.000     0
          0.52458955    4.75291875    1.85752767    o      8.000     0
         -2.25412402    1.62979490    0.68706637    n      7.000     0
         -2.97824946   -0.78641029   -0.24356024    c      6.000     0
         -5.21477882   -1.33107793   -0.40644043    o      8.000     0
         -4.19124471    3.20660261    1.35362352    f      9.000     0
          3.52874633   -2.82719645   -1.19184039    o      8.000     0
         -1.16194823   -4.17778886   -1.61587633    h      1.000     0
          3.78830071    1.61431450    0.55097360    h      1.000     0
          5.13247699   -1.99434579   -0.89215728    h      1.000     0
 
       center of nuclear mass  :   -0.82012083    0.54845202    0.23322335
       center of nuclear charge:   -0.72902372    0.48917285    0.20795185

              +--------------------------------------------------+
              |               basis set information              |
              +--------------------------------------------------+

              we will work with the 1s 3p 5d 7f 9g ... basis set
              ...i.e. with spherical basis functions...

   type   atoms  prim   cont   basis
   ---------------------------------------------------------------------------
    o        3     34     19   def-TZVP   [5s3p1d|11s6p1d]
    n        2     34     19   def-TZVP   [5s3p1d|11s6p1d]
    h        3      8      6   def-TZVP   [3s1p|5s1p]
    f        1     34     19   def-TZVP   [5s3p1d|11s6p1d]
    c        4     34     19   def-TZVP   [5s3p1d|11s6p1d]
   ---------------------------------------------------------------------------
   total:   13    364    208
   ---------------------------------------------------------------------------

   total number of primitive shells          :   78
   total number of contracted shells         :  102
   total number of cartesian basis functions :  218
   total number of SCF-basis functions       :  208


 integral neglect threshold       :  0.15E-09
 integral storage threshold THIZE :  0.10E-04
 integral storage threshold THIME :         5

 RI-J AUXILIARY BASIS SET information:

              we will work with the 1s 3p 5d 7f 9g ... basis set
              ...i.e. with spherical basis functions...

   type   atoms  prim   cont   basis
   ---------------------------------------------------------------------------
    o        3     40     38   def-TZVP   [7s3p3d1f|9s3p3d1f]
    n        2     40     38   def-TZVP   [7s3p3d1f|9s3p3d1f]
    h        3     10      9   def-TZVP   [3s2p|4s2p]
    f        1     45     43   def-TZVP   [7s3p4d1f|9s3p4d1f]
    c        4     40     38   def-TZVP   [7s3p3d1f|9s3p3d1f]
   ---------------------------------------------------------------------------
   total:   13    435    412
   ---------------------------------------------------------------------------

   total number of primitive shells          :   71
   total number of contracted shells         :  156
   total number of cartesian basis functions :  473
   total number of SCF-basis functions       :  412


 symmetry group of the molecule :   c1 

 the group has the following generators :
   c1(z)

    1 symmetry operations found

 there are 1 real representations :   a   

 maximum number of shells which are related by symmetry :  1

  
           ------------------
           density functional
           ------------------
 Becke-3-Parameter hybrid functional: B3-LYP
 exchange:    0.8*LDA + 0.72*B88 + 0.2*HF
 correlation: 0.19*LDA(VWN) + 0.81*LYP
 iterations will be done with small grid
  
 spherical integration : Lebedev's spherical grid
 spherical gridsize    :                     3
    i.e. gridpoints    :                   302
  maximum batchsize    :                   100
 value for diffuse not defined
 radial integration    : Chebyshev 2nd kind (scaling 3)
 radial gridsize       :                     3
 integration cells     :                    13
 partition function    : becke
 partition sharpness   :                     3
  
 
 Derivatives of quadrature weights will be included
 

 biggest AO integral is expected to be     9.133500319

          ------------------------
          nuclear repulsion energy  :   539.114688114    
          ------------------------

      -----------------------------------------------------------      
     |                   =====================                   |     
     |                        D F T - D 4                        |     
     |                   =====================                   |     
     |                         S. Grimme                         |     
     |          Mulliken Center for Theoretical Chemistry        |     
     |                    University of Bonn                     |     
      -----------------------------------------------------------      

           -------------------------------------------------
          |                Calculation Setup                |
           -------------------------------------------------
   charge               :      0
   non-additivity corr. : ATM
   charge model         : EEQ
   damping parameters
   s6                   :     1.0000
   s8                   :     2.0293
   a1                   :     0.4087
   a2                   :     4.5381

        q(ref)        CN(ref)   cov. CN(ref)  alpha(AIM,ref)
     0.0000000      0.0000000      0.0000000     12.3555336
    -0.1712371      0.9867893      0.9189476     12.8040100
    -0.1421000      1.9984766      1.9078606      9.6347083
    -0.2225085      2.9987259      2.8312240      9.6866280
    -0.2565392      3.9843988      3.7487004      7.6947605
    -0.1044135      3.1417713      2.9183271      9.3751067
     0.2103031      0.9999501      0.8556099      7.7402501
        q(ref)        CN(ref)   cov. CN(ref)  alpha(AIM,ref)
     0.0000000      0.0000000      0.0000000      7.5385089
    -0.3529859      0.9944072      0.8582779      8.6583057
    -0.3012579      2.0142722      1.8398511      7.9579326
    -0.8242972      2.9902642      2.5803990      9.7489831
     0.0000000      0.9999895      0.9808553      5.8062716
        q(ref)        CN(ref)   cov. CN(ref)  alpha(AIM,ref)
     0.0000000      0.0000000      0.0000000      5.1967092
    -0.3547147      0.9924594      0.8041679      6.1223924
    -0.5988153      1.9886928      1.6112394      6.7491941
     0.0000000      0.9985672      0.9798440      5.1987934
        q(ref)        CN(ref)   cov. CN(ref)  alpha(AIM,ref)
     0.0000000      0.0000000      0.0000000      3.6338389
    -0.2477392      0.9982036      0.7407699      3.9524034
        q(ref)        CN(ref)   cov. CN(ref)  alpha(AIM,ref)
     0.0000000      0.0000000      0.0000000      5.0540161
     0.0000000      0.9117922      0.8942243      2.7207580
========================================================================
 Edisp  /kcal,au:   -13.6030  -0.0216776916
========================================================================
 nuclear repulsion energy                  =     539.114688114
  DFT-D4 Energy contribution               =      -0.021677692
 nuclear repulsion + dispersion correction =     539.093010422


         -----------------
         -S,T+V- integrals
         -----------------

 1e-integrals will be neglected if expon. factor < 0.153301E-10
 
 Difference densities algorithm switched on.
 The maximal number of linear combinations of
 difference densities is  20.

Diagonalization of Fock matrix in last SCF iteration activated ...


 DIIS switched on: error vector is FDS-SDF
 Max. Iterations for DIIS is     :   4
 DIIS matrix (see manual) 
    Scaling factor of diagonals  :  1.200
    threshold for scaling factor :  0.000

 scf convergence criterion : increment of total energy < .1000000D-05
                  and increment of one-electron energy < .1000000D-02

 MOs are in ASCII format !


    mo occupation :
   irrep   mo's   occupied
    a      208       37
 
 number of basis functions   :   208
 number of occupied orbitals :    37
 

 reading orbital data $scfmo  from file mos
 orbital characterization : expanded
 virtual MOs provided and orthogonalized by Cholesky decomposition

 automatic virtual orbital shift switched on 
      shift if e(lumo)-e(homo) < 0.10000000    

  
           ------------------------
               RI-J - INFORMATION
           ------------------------
 
    +---------------- Multipole Accelerated RI-J ---------------+
    -------------------------------------------------------------
      Number of bins for density partition        :  8
      Maximum multipole moment used               : 14
      Multipole precision parameter               :  1.0000E-08
      Threshold for moment summation              :  1.0000E-24
      Minimum separation between boxes            :  0.0000E+00
      Maximum allowed extent                      :  2.0000E+01
    +-----------------------------------------------------------+
 
 Extensions and centers of shell-pairs:
  number of shells with a single center:     4417
  number of shells with double centers:        85
 Contributions to RI integral batches: 
  neglected integral batches:                       751
  multipole/direct contribution:                      0
  multipole/memory contribution:                   4502
 Memory core needed for (P|Q) and Cholesky      2 MByte
 Memory core minimum needed except of (P|Q)     1 MByte
 Total minimum memory core needed (sum)         2 MByte
  
 ****************************************
 Memory allocated for RI-J    78 MByte
 ****************************************
                                            

 DSCF restart information will be dumped onto file mos


 Starting SCF iterations

          Overall gridpoints after grid construction =         20326
 Ordering of quadrature gridpoints disabled.
 Caution, gridordering can improve performance!

 ITERATION  ENERGY          1e-ENERGY        2e-ENERGY     NORM[dD(SAO)]  TOL
   1  -586.80268043438    -1864.2163824     738.32069152    0.000D+00 0.153D-09
                            Exc = -58.7207380551     Coul =  811.029193975    
                            exK = -13.9877643960    
                              N = 73.999424198    
                            current damping = 0.700
 
          max. resid. norm for Fia-block=  4.284D-01 for orbital     30a         
          max. resid. fock norm         =  1.391D+01 for orbital    170a         

 ITERATION  ENERGY          1e-ENERGY        2e-ENERGY     NORM[dD(SAO)]  TOL
   2  -588.79548651151    -1871.6384650     743.74996802    0.167D+01 0.107D-09
                            Exc = -58.5177010612      Eck =  802.267669082    
                              N = 73.999423039    
                            current damping = 0.650
 
          Norm of current diis error:  2.1703    
          max. resid. norm for Fia-block=  1.612D-01 for orbital      3a         
          max. resid. fock norm         =  3.055D-01 for orbital    168a         

 ITERATION  ENERGY          1e-ENERGY        2e-ENERGY     NORM[dD(SAO)]  TOL
   3  -589.05447225304    -1875.0617390     746.91425637    0.895D+00 0.791D-10
                            Exc = -58.7687503156      Eck =  805.683006683    
                              N = 73.999498213    
                            current damping = 0.550
 
          Norm of current diis error:  1.0249    
          max. resid. norm for Fia-block=  6.451D-02 for orbital      3a         
          max. resid. fock norm         =  1.012D-01 for orbital     70a         

 ITERATION  ENERGY          1e-ENERGY        2e-ENERGY     NORM[dD(SAO)]  TOL
   4  -589.13021437588    -1875.3336221     747.11039728    0.581D+00 0.645D-10
                            Exc = -58.6782896246      Eck =  805.788686902    
                              N = 73.999466642    
                            current damping = 0.400
 
          Norm of current diis error: 0.41480    
          max. resid. norm for Fia-block=  2.976D-02 for orbital     14a         
          max. resid. fock norm         =  5.246D-02 for orbital    181a         

 ITERATION  ENERGY          1e-ENERGY        2e-ENERGY     NORM[dD(SAO)]  TOL
   5  -589.14175337624    -1875.7039041     747.46914027    0.171D+00 0.588D-10
                            Exc = -58.7451836683      Eck =  806.214323936    
                              N = 73.999497851    
                            current damping = 0.250
 
          Norm of current diis error: 0.20697    
          max. resid. norm for Fia-block=  9.938D-03 for orbital     22a         
          max. resid. fock norm         =  1.261D-02 for orbital     41a         
          mo-orthogonalization: Cholesky decomposition

 ITERATION  ENERGY          1e-ENERGY        2e-ENERGY     NORM[dD(SAO)]  TOL
   6  -589.14505943776    -1876.0307420     747.79267218    0.566D-01 0.555D-10
                            Exc = -58.7340072758      Eck =  806.526679455    
                              N = 73.999483932    
                            current damping = 0.100
 
          Norm of current diis error: 0.74027E-01
          max. resid. norm for Fia-block=  3.803D-03 for orbital     35a         
          max. resid. fock norm         =  6.293D-03 for orbital     35a         

 ITERATION  ENERGY          1e-ENERGY        2e-ENERGY     NORM[dD(SAO)]  TOL
   7  -589.14540438077    -1875.8407690     747.60235425    0.211D-01 0.545D-10
                            Exc = -58.7307129630      Eck =  806.333067210    
                              N = 73.999488612    
                            current damping = 0.150
 
          Norm of current diis error: 0.30519E-01
          max. resid. norm for Fia-block=  1.758D-03 for orbital     12a         
          max. resid. fock norm         =  2.304D-03 for orbital    150a         

 ITERATION  ENERGY          1e-ENERGY        2e-ENERGY     NORM[dD(SAO)]  TOL
   8  -589.14545732284    -1875.9249007     747.68643295    0.839D-02 0.541D-10
                            Exc = -58.7359574317      Eck =  806.422390384    
                              N = 73.999488071    
                            current damping = 0.200
 
          Norm of current diis error: 0.13255E-01
          max. resid. norm for Fia-block=  6.173D-04 for orbital     28a         
          max. resid. fock norm         =  1.118D-03 for orbital     28a         

 ITERATION  ENERGY          1e-ENERGY        2e-ENERGY     NORM[dD(SAO)]  TOL
   9  -589.14546780331    -1875.9325414     747.69406320    0.308D-02 0.539D-10
                            Exc = -58.7354133285      Eck =  806.429476530    
                              N = 73.999488346    
                            current damping = 0.100
 
          Norm of current diis error: 0.29095E-02
          max. resid. norm for Fia-block=  2.083D-04 for orbital     36a         
          max. resid. fock norm         =  4.148D-04 for orbital    200a         

 ITERATION  ENERGY          1e-ENERGY        2e-ENERGY     NORM[dD(SAO)]  TOL
  10  -589.14546813050    -1875.9185776     747.68009907    0.933D-03 0.537D-10
                            Exc = -58.7344512745      Eck =  806.414550345    
                              N = 73.999487861    
                            current damping = 0.150
 
          Norm of current diis error: 0.22066E-02
          max. resid. norm for Fia-block=  1.277D-04 for orbital     36a         
          max. resid. fock norm         =  2.165D-04 for orbital    200a         
          mo-orthogonalization: Cholesky decomposition

 ENERGY CONVERGED !

          Overall gridpoints after grid construction =         72304
 Ordering of quadrature gridpoints disabled.
 Caution, gridordering can improve performance!

 ITERATION  ENERGY          1e-ENERGY        2e-ENERGY     NORM[dD(SAO)]  TOL
  11  -589.14554443274    -1875.9202973     747.68174249    0.310D-03 0.535D-10
                            Exc = -58.7349108641      Eck =  806.416653357    
                              N = 73.999950121    
                            current damping = 0.200
 
          Norm of current diis error: 0.76682E-03
          max. resid. norm for Fia-block=  3.115D-05 for orbital     32a         
          max. resid. fock norm         =  4.932D-05 for orbital    206a         

 End of SCF iterations

   convergence criteria satisfied after    11 iterations


   *************************************************************************
   opt_final_5-Fluorouracil_50                                              
   *************************************************************************


                  ------------------------------------------ 
                 |  total energy      =   -589.14554443274  |
                  ------------------------------------------ 
                 :  kinetic energy    =    587.01684636813  :
                 :  potential energy  =  -1176.16239080087  :
                 :  virial theorem    =      1.99638680444  :
                 :  wavefunction norm =      1.00000000000  :
                  .......................................... 


 <geterg> : there is no data group $energy 


 <skperg> : $end is missing 


 orbitals $scfmo  will be written to file mos

    irrep                 33a         34a         35a         36a         37a   
 eigenvalues H         -0.35813    -0.32524    -0.29754    -0.28538    -0.26679
            eV          -9.7454     -8.8502     -8.0967     -7.7658     -7.2599
 occupation              2.0000      2.0000      2.0000      2.0000      2.0000

    irrep                 38a         39a         40a         41a         42a   
 eigenvalues H         -0.05047    -0.04039    -0.01731    -0.00040     0.02953
            eV          -1.3733     -1.0990     -0.4710     -0.0108      0.8035
 
 
 
 
 ==============================================================================
                           electrostatic moments
 ==============================================================================

 reference point for electrostatic moments:    0.00000   0.00000   0.00000

 
              nuc           elec       ->  total
 ------------------------------------------------------------------------------
                          charge      
 ------------------------------------------------------------------------------
          74.000000     -74.000000      -0.000000
 
 ------------------------------------------------------------------------------
                       dipole moment  
 ------------------------------------------------------------------------------
   x     -53.947755      56.743133       2.795378
   y      36.198791     -36.930270      -0.731480
   z      15.388437     -15.736340      -0.347903
 
   | dipole moment | =     2.9104 a.u. =     7.3974 debye 
 
 ------------------------------------------------------------------------------
                     quadrupole moment
 ------------------------------------------------------------------------------
  xx     654.970111    -696.725799     -41.755689
  yy     490.096883    -539.427035     -49.330152
  zz      78.195445    -120.529984     -42.334539
  xy    -122.060470     120.941675      -1.118795
  xz     -62.541282      62.133576      -0.407706
  yz     195.376644    -198.603145      -3.226500
 
     1/3  trace=     -44.473460
     anisotropy=       9.423788
 
 ==============================================================================
 
HOMO-LUMO Separation
 HOMO         :   -0.26679298 H =     -7.25981 eV
 LUMO         :   -0.05046856 H =     -1.37332 eV
 HOMO-LUMO gap:    0.21632441 H =     +5.88649 eV
 
 ==============================================================================


    ------------------------------------------------------------------------
         total  cpu-time :  1 minutes and  0 seconds
         total wall-time :  1 minutes and  0 seconds
    ------------------------------------------------------------------------

   ****  ridft : all done  ****


    2026-04-20 16:08:38.219 

