 operating system is UNIX !

 ridft (login2) : TURBOMOLE rev. V7-8-1 compiled 26 Feb 2024 at 17:12:58
 Copyright (C) 2024 TURBOMOLE GmbH, Karlsruhe


    2026-04-20 14:31:44.140 



                                  r i d f t

                        DFT program with RI approximation 
                                for coulomb part 





                                 References:     
                                                 
          TURBOMOLE:                             
              R. Ahlrichs, M. Baer, M. Haeser, H. Horn, and
              C. Koelmel
              Electronic structure calculations on workstation
              computers: the program system TURBOMOLE
              Chem. Phys. Lett. 162: 165 (1989)
          Density Functional:                              
              O. Treutler and R. Ahlrichs                      
              Efficient Molecular Numerical Integration Schemes
              J. Chem. Phys. 102: 346 (1995)                   
          Parallel Version:                                
              Performance of parallel TURBOMOLE for Density    
              Functional Calculations                          
              M. v. Arnim and R. Ahlrichs                      
              J. Comp. Chem. 19: 1746 (1998)                   
          RI-J Method:                                     
              Auxiliary Basis Sets to approximate Coulomb      
              Potentials                                       
              Chem. Phys. Lett. 240: 283 (1995)                
              K. Eichkorn, O. Treutler, H. Oehm, M. Haeser     
              and R. Ahlrichs                                  
              Chem. Phys. Lett. 242: 652 (1995)                
                                                           
              Auxiliary Basis Sets for Main Row Atoms and their
              Use to approximate Coulomb Potentials            
              K. Eichkorn, F. Weigend, O. Treutler and         
              R. Ahlrichs                                      
              Theo. Chem. Acc. 97: 119 (1997)                  
                                                           
              Accurate Coulomb-fitting basis sets for H to Rn 
              F. Weigend                                       
              Phys. Chem. Chem. Phys. 8: 1057 (2006)           
                                                           
          Multipole accelerated RI-J (MARI-J):             
              Fast evaluation of the Coulomb potential for     
              electron densities using multipole accelerated   
              resolution of identity approximation             
              M. Sierka, A. Hogekamp and R. Ahlrichs           
              J. Chem. Phys. 118: 9136 (2003)                  
          RI-JK Method:                                     
              A fully direct RI-HF algorithm: Implementation,
              optimised auxiliary basis sets, demonstration of
              accuracy and efficiency                         
              F. Weigend                                      
              Phys. Chem. Chem. Phys. 4: 4285 (2002)           
          Two-component HF and DFT with spin-orbit coupling:  
              Self-consistent treatment of spin-orbit         
              interactions with efficient Hartree-Fock and    
              density functional methods                      
              M. K. Armbruster, F. Weigend, C. van Wüllen and 
              W. Klopper                                      
              Phys. Chem. Chem. Phys. 10: 1748 (2008)         
          Two-component difference density and DIIS algorithm 
              Efficient two-component self-consistent field   
              procedures and gradients: implementation in     
              TURBOMOLE and application to Au20-              
              A. Baldes, F. Weigend                           
              Mol. Phys. 111: 2617 (2013)                     
          Relativistic current density functional theory      
              Current density functional framework for        
              spin-orbit coupling                             
              C. Holzer, Y. J. Franzke, A. Pausch             
              J. Chem. Phys. 157: 204102 (2022)               
          Relativistic all-electron 2c calculations           
              An efficient implementation of two-component    
              relativistic exact-decoupling methods for large 
              molecules                                       
              D. Peng, N. Middendorf, F. Weigend, M. Reiher   
              J. Chem. Phys. 138: 184105 (2013)               
          Finite nucleus model and SNSO approximation         
              Efficient implementation of one- and two-       
              component analytical energy gradients in exact  
              two-component theory                            
              Y. J. Franzke, N. Middendorf, F. Weigend        
              J. Chem. Phys. 148: 104110 (2018)               
          Grids for all-electron relativistic methods         
              Error-consistent segmented contracted all-      
              electron relativistic basis sets of double-     
              and triple-zeta quality for NMR shielding       
              constants                                       
              Y. J. Franzke, R. Tress, T. M. Pazdera,         
              F. Weigend                                      
              Phys. Chem. Chem. Phys. 21: 166658 (2019)       
          Seminumerical exchange algorithms                   
              Seminumerical calculation of the Hartree-Fock   
              exchange matirx: Application to two-component   
              procedures and efficient evaluation of local    
              hybrid functionsl                               
              P. Plessow, F. Weigend,                         
              J. Comput. Chem. 33: 810 (2012)                 
          Improved seminumerical algorithms                   
              C. Holzer,                                      
              J. Chem. Phys. 153 (2020), 184115               





              +--------------------------------------------------+
              |      general information about current run       |
              +--------------------------------------------------+

 
 Becke-3-Parameter hybrid functional: B3-LYP
 exchange:    0.8*LDA + 0.72*B88 + 0.2*HF
 correlation: 0.19*LDA(VWN) + 0.81*LYP
 A Hybrid-DFT calculation using the RI-J approximation will be carried out.
 Allocatable memory for RI due to $ricore (MB):                   100
 Multipole approximation for Coulomb integrals is used

   *************************************************************************
   opt_final_Methionine_31                                                  
   *************************************************************************




              +--------------------------------------------------+
              | Atomic coordinate, charge and isotop information |
              +--------------------------------------------------+

                    atomic coordinates            atom    charge  isotop
         -5.35060816   -2.13704557   -1.07683369    n      7.000     0
         -3.11810585   -0.96455147    0.06206913    c      6.000     0
         -0.68969399   -1.21891589   -1.53513024    c      6.000     0
          1.62808237   -0.02987360   -0.30527978    c      6.000     0
          4.44474463   -0.63769645   -2.25370295    s     16.000     0
          6.80960741    1.07451382   -0.39433298    c      6.000     0
         -3.70449664    1.82848569    0.45469359    c      6.000     0
         -4.51498379    3.17640036   -1.20228160    o      8.000     0
         -3.21669855    2.82203974    2.74224151    o      8.000     0
         -5.01462655   -4.00790256   -1.34274076    h      1.000     0
         -5.65822009   -1.38017414   -2.81573965    h      1.000     0
         -2.80589147   -1.86102276    1.89520725    h      1.000     0
         -0.37214996   -3.23790982   -1.82884871    h      1.000     0
         -1.03484636   -0.36527329   -3.38458051    h      1.000     0
          1.95232463   -0.82458370    1.57090669    h      1.000     0
          1.41886101    2.01398521   -0.12572328    h      1.000     0
          8.60885270    0.86230853   -1.37019775    h      1.000     0
          6.32722172    3.07268786   -0.28025170    h      1.000     0
          6.95928350    0.27275592    1.49594312    h      1.000     0
         -2.66865658    1.54177214    3.93264708    h      1.000     0
 
       center of nuclear mass  :   -0.24958759    0.33462540   -0.57376694
       center of nuclear charge:   -0.18659112    0.28812066   -0.54798330

              +--------------------------------------------------+
              |               basis set information              |
              +--------------------------------------------------+

              we will work with the 1s 3p 5d 7f 9g ... basis set
              ...i.e. with spherical basis functions...

   type   atoms  prim   cont   basis
   ---------------------------------------------------------------------------
    s        1     46     22   def-TZVP   [5s4p1d|14s9p1d]
    o        2     34     19   def-TZVP   [5s3p1d|11s6p1d]
    n        1     34     19   def-TZVP   [5s3p1d|11s6p1d]
    h       11      8      6   def-TZVP   [3s1p|5s1p]
    c        5     34     19   def-TZVP   [5s3p1d|11s6p1d]
   ---------------------------------------------------------------------------
   total:   20    406    240
   ---------------------------------------------------------------------------

   total number of primitive shells          :   84
   total number of contracted shells         :  126
   total number of cartesian basis functions :  249
   total number of SCF-basis functions       :  240


 integral neglect threshold       :  0.13E-09
 integral storage threshold THIZE :  0.10E-04
 integral storage threshold THIME :         5

 RI-J AUXILIARY BASIS SET information:

              we will work with the 1s 3p 5d 7f 9g ... basis set
              ...i.e. with spherical basis functions...

   type   atoms  prim   cont   basis
   ---------------------------------------------------------------------------
    s        1     71     40   def-TZVP   [5s3p2d1f1g|12s6p5d1f1g]
    o        2     40     38   def-TZVP   [7s3p3d1f|9s3p3d1f]
    n        1     40     38   def-TZVP   [7s3p3d1f|9s3p3d1f]
    h       11     10      9   def-TZVP   [3s2p|4s2p]
    c        5     40     38   def-TZVP   [7s3p3d1f|9s3p3d1f]
   ---------------------------------------------------------------------------
   total:   20    501    443
   ---------------------------------------------------------------------------

   total number of primitive shells          :   79
   total number of contracted shells         :  179
   total number of cartesian basis functions :  502
   total number of SCF-basis functions       :  443


 symmetry group of the molecule :   c1 

 the group has the following generators :
   c1(z)

    1 symmetry operations found

 there are 1 real representations :   a   

 maximum number of shells which are related by symmetry :  1

  
           ------------------
           density functional
           ------------------
 Becke-3-Parameter hybrid functional: B3-LYP
 exchange:    0.8*LDA + 0.72*B88 + 0.2*HF
 correlation: 0.19*LDA(VWN) + 0.81*LYP
 iterations will be done with small grid
  
 spherical integration : Lebedev's spherical grid
 spherical gridsize    :                     3
    i.e. gridpoints    :                   302
  maximum batchsize    :                   100
 value for diffuse not defined
 radial integration    : Chebyshev 2nd kind (scaling 3)
 radial gridsize       :                     3
 integration cells     :                    20
 partition function    : becke
 partition sharpness   :                     3
  
 
 Derivatives of quadrature weights will be included
 

 biggest AO integral is expected to be     9.804440325

          ------------------------
          nuclear repulsion energy  :   539.807873892    
          ------------------------

      -----------------------------------------------------------      
     |                   =====================                   |     
     |                        D F T - D 4                        |     
     |                   =====================                   |     
     |                         S. Grimme                         |     
     |          Mulliken Center for Theoretical Chemistry        |     
     |                    University of Bonn                     |     
      -----------------------------------------------------------      

           -------------------------------------------------
          |                Calculation Setup                |
           -------------------------------------------------
   charge               :      0
   non-additivity corr. : ATM
   charge model         : EEQ
   damping parameters
   s6                   :     1.0000
   s8                   :     2.0293
   a1                   :     0.4087
   a2                   :     4.5381

        q(ref)        CN(ref)   cov. CN(ref)  alpha(AIM,ref)
     0.0000000      0.0000000      0.0000000      7.5385089
    -0.3529859      0.9944072      0.8582779      8.6583057
    -0.3012579      2.0142722      1.8398511      7.9579326
    -0.8242972      2.9902642      2.5803990      9.7489831
     0.0000000      0.9999895      0.9808553      5.8062716
        q(ref)        CN(ref)   cov. CN(ref)  alpha(AIM,ref)
     0.0000000      0.0000000      0.0000000     12.3555336
    -0.1712371      0.9867893      0.9189476     12.8040100
    -0.1421000      1.9984766      1.9078606      9.6347083
    -0.2225085      2.9987259      2.8312240      9.6866280
    -0.2565392      3.9843988      3.7487004      7.6947605
    -0.1044135      3.1417713      2.9183271      9.3751067
     0.2103031      0.9999501      0.8556099      7.7402501
        q(ref)        CN(ref)   cov. CN(ref)  alpha(AIM,ref)
     0.0000000      0.0000000      0.0000000     19.6135101
    -0.1626723      0.9948413      0.9219850     20.4238955
    -0.2377517      1.9903438      1.8445381     20.5482906
        q(ref)        CN(ref)   cov. CN(ref)  alpha(AIM,ref)
     0.0000000      0.0000000      0.0000000      5.1967092
    -0.3547147      0.9924594      0.8041679      6.1223924
    -0.5988153      1.9886928      1.6112394      6.7491941
     0.0000000      0.9985672      0.9798440      5.1987934
        q(ref)        CN(ref)   cov. CN(ref)  alpha(AIM,ref)
     0.0000000      0.0000000      0.0000000      5.0540161
     0.0000000      0.9117922      0.8942243      2.7207580
========================================================================
 Edisp  /kcal,au:   -17.8748  -0.0284853010
========================================================================
 nuclear repulsion energy                  =     539.807873892
  DFT-D4 Energy contribution               =      -0.028485301
 nuclear repulsion + dispersion correction =     539.779388591


         -----------------
         -S,T+V- integrals
         -----------------

 1e-integrals will be neglected if expon. factor < 0.134215E-10
 
 Difference densities algorithm switched on.
 The maximal number of linear combinations of
 difference densities is  20.

Diagonalization of Fock matrix in last SCF iteration activated ...


 DIIS switched on: error vector is FDS-SDF
 Max. Iterations for DIIS is     :   4
 DIIS matrix (see manual) 
    Scaling factor of diagonals  :  1.200
    threshold for scaling factor :  0.000

 scf convergence criterion : increment of total energy < .1000000D-05
                  and increment of one-electron energy < .1000000D-02

 MOs are in ASCII format !


    mo occupation :
   irrep   mo's   occupied
    a      240       40
 
 number of basis functions   :   240
 number of occupied orbitals :    40
 

 reading orbital data $scfmo  from file mos
 orbital characterization : expanded
 virtual MOs provided and orthogonalized by Cholesky decomposition

 automatic virtual orbital shift switched on 
      shift if e(lumo)-e(homo) < 0.10000000    

  
           ------------------------
               RI-J - INFORMATION
           ------------------------
 
    +---------------- Multipole Accelerated RI-J ---------------+
    -------------------------------------------------------------
      Number of bins for density partition        :  8
      Maximum multipole moment used               : 14
      Multipole precision parameter               :  1.0000E-08
      Threshold for moment summation              :  1.0000E-24
      Minimum separation between boxes            :  0.0000E+00
      Maximum allowed extent                      :  2.0000E+01
    +-----------------------------------------------------------+
 
 Extensions and centers of shell-pairs:
  number of shells with a single center:     6310
  number of shells with double centers:       278
 Contributions to RI integral batches: 
  neglected integral batches:                      1413
  multipole/direct contribution:                     43
  multipole/memory contribution:                   6545
 Memory core needed for (P|Q) and Cholesky      2 MByte
 Memory core minimum needed except of (P|Q)     1 MByte
 Total minimum memory core needed (sum)         2 MByte
  
 ****************************************
 Memory allocated for RI-J   100 MByte
 ****************************************
                                            

 DSCF restart information will be dumped onto file mos


 Starting SCF iterations

          Overall gridpoints after grid construction =         25373
 Ordering of quadrature gridpoints disabled.
 Caution, gridordering can improve performance!

 ITERATION  ENERGY          1e-ENERGY        2e-ENERGY     NORM[dD(SAO)]  TOL
   1  -798.45726142877    -2161.8980611     823.66141110    0.000D+00 0.134D-09
                            Exc = -65.0848506666     Coul =  904.320359726    
                            exK = -15.5740979608    
                              N = 80.004535147    
                            current damping = 0.700
 
          max. resid. norm for Fia-block=  2.418D+00 for orbital      1a         
          max. resid. fock norm         =  1.204D+01 for orbital    186a         

 ITERATION  ENERGY          1e-ENERGY        2e-ENERGY     NORM[dD(SAO)]  TOL
   2  -800.09256848235    -2166.0375104     826.16555332    0.128D+01 0.877D-10
                            Exc = -65.0349309485      Eck =  891.200484268    
                              N = 80.003651555    
                            current damping = 0.650
 
          Norm of current diis error:  2.1942    
          max. resid. norm for Fia-block=  9.181D-01 for orbital      1a         
          max. resid. fock norm         =  1.060D+00 for orbital      1a         

 ITERATION  ENERGY          1e-ENERGY        2e-ENERGY     NORM[dD(SAO)]  TOL
   3  -800.35429718464    -2167.8089156     827.67522978    0.697D+00 0.670D-10
                            Exc = -65.2101780976      Eck =  892.885407877    
                              N = 80.003417094    
                            current damping = 0.550
 
          Norm of current diis error:  1.0439    
          max. resid. norm for Fia-block=  3.488D-01 for orbital      1a         
          max. resid. fock norm         =  4.026D-01 for orbital      1a         

 ITERATION  ENERGY          1e-ENERGY        2e-ENERGY     NORM[dD(SAO)]  TOL
   4  -800.43738104178    -2167.9684188     827.75164915    0.460D+00 0.548D-10
                            Exc = -65.1815079071      Eck =  892.933157057    
                              N = 80.003231146    
                            current damping = 0.400
 
          Norm of current diis error: 0.39667    
          max. resid. norm for Fia-block=  1.235D-01 for orbital      1a         
          max. resid. fock norm         =  1.435D-01 for orbital      1a         

 ITERATION  ENERGY          1e-ENERGY        2e-ENERGY     NORM[dD(SAO)]  TOL
   5  -800.45041465197    -2168.4913895     828.26158626    0.194D+00 0.497D-10
                            Exc = -65.2555038920      Eck =  893.517090147    
                              N = 80.003205902    
                            current damping = 0.300
 
          Norm of current diis error: 0.19628    
          max. resid. norm for Fia-block=  3.475D-02 for orbital      1a         
          max. resid. fock norm         =  4.026D-02 for orbital      1a         
          mo-orthogonalization: Cholesky decomposition

 ITERATION  ENERGY          1e-ENERGY        2e-ENERGY     NORM[dD(SAO)]  TOL
   6  -800.45347900498    -2168.4425949     828.20972728    0.746D-01 0.472D-10
                            Exc = -65.2342816542      Eck =  893.444008938    
                              N = 80.003175597    
                            current damping = 0.350
 
          Norm of current diis error: 0.98097E-01
          max. resid. norm for Fia-block=  8.113D-03 for orbital      1a         
          max. resid. fock norm         =  1.156D-02 for orbital    239a         

 ITERATION  ENERGY          1e-ENERGY        2e-ENERGY     NORM[dD(SAO)]  TOL
   7  -800.45415224611    -2168.4040692     828.17052840    0.240D-01 0.463D-10
                            Exc = -65.2351298037      Eck =  893.405658201    
                              N = 80.003163868    
                            current damping = 0.200
 
          Norm of current diis error: 0.28336E-01
          max. resid. norm for Fia-block=  2.303D-03 for orbital     21a         
          max. resid. fock norm         =  3.014D-03 for orbital    239a         

 ITERATION  ENERGY          1e-ENERGY        2e-ENERGY     NORM[dD(SAO)]  TOL
   8  -800.45419855176    -2168.4629256     828.22933843    0.956D-02 0.460D-10
                            Exc = -65.2434650031      Eck =  893.472803432    
                              N = 80.003172512    
                            current damping = 0.250
 
          Norm of current diis error: 0.13511E-01
          max. resid. norm for Fia-block=  6.434D-04 for orbital     21a         
          max. resid. fock norm         =  1.233D-03 for orbital    239a         

 ITERATION  ENERGY          1e-ENERGY        2e-ENERGY     NORM[dD(SAO)]  TOL
   9  -800.45421045489    -2168.4598525     828.22625350    0.272D-02 0.456D-10
                            Exc = -65.2418419457      Eck =  893.468095446    
                              N = 80.003169336    
                            current damping = 0.300
 
          Norm of current diis error: 0.20803E-02
          max. resid. norm for Fia-block=  2.219D-04 for orbital     39a         
          max. resid. fock norm         =  3.037D-04 for orbital    235a         

 ITERATION  ENERGY          1e-ENERGY        2e-ENERGY     NORM[dD(SAO)]  TOL
  10  -800.45421070364    -2168.4494564     828.21585713    0.863D-03 0.455D-10
                            Exc = -65.2410191773      Eck =  893.456876311    
                              N = 80.003169107    
                            current damping = 0.150
 
          Norm of current diis error: 0.15235E-02
          max. resid. norm for Fia-block=  7.731D-05 for orbital     38a         
          max. resid. fock norm         =  1.415D-04 for orbital    240a         
          mo-orthogonalization: Cholesky decomposition

 ENERGY CONVERGED !

          Overall gridpoints after grid construction =         94733
 Ordering of quadrature gridpoints disabled.
 Caution, gridordering can improve performance!

 ITERATION  ENERGY          1e-ENERGY        2e-ENERGY     NORM[dD(SAO)]  TOL
  11  -800.45354709899    -2168.4513093     828.21837361    0.256D-03 0.452D-10
                            Exc = -65.2406372444      Eck =  893.459010858    
                              N = 79.999947501    
                            current damping = 0.200
 
          Norm of current diis error: 0.71139E-03
          max. resid. norm for Fia-block=  3.628D-05 for orbital     36a         
          max. resid. fock norm         =  6.025D-05 for orbital    240a         

 End of SCF iterations

   convergence criteria satisfied after    11 iterations


   *************************************************************************
   opt_final_Methionine_31                                                  
   *************************************************************************


                  ------------------------------------------ 
                 |  total energy      =   -800.45354709899  |
                  ------------------------------------------ 
                 :  kinetic energy    =    797.70092060770  :
                 :  potential energy  =  -1598.15446770669  :
                 :  virial theorem    =      1.99656116648  :
                 :  wavefunction norm =      1.00000000000  :
                  .......................................... 


 <geterg> : there is no data group $energy 


 <skperg> : $end is missing 


 orbitals $scfmo  will be written to file mos

    irrep                 36a         37a         38a         39a         40a   
 eigenvalues H         -0.33032    -0.31887    -0.28934    -0.26008    -0.22865
            eV          -8.9886     -8.6768     -7.8734     -7.0771     -6.2219
 occupation              2.0000      2.0000      2.0000      2.0000      2.0000

    irrep                 41a         42a         43a         44a         45a   
 eigenvalues H         -0.01337    -0.00201     0.01973     0.02771     0.04198
            eV          -0.3638     -0.0547      0.5369      0.7540      1.1425
 
 
 
 
 ==============================================================================
                           electrostatic moments
 ==============================================================================

 reference point for electrostatic moments:    0.00000   0.00000   0.00000

 
              nuc           elec       ->  total
 ------------------------------------------------------------------------------
                          charge      
 ------------------------------------------------------------------------------
          80.000000     -80.000000       0.000000
 
 ------------------------------------------------------------------------------
                       dipole moment  
 ------------------------------------------------------------------------------
   x     -14.927289      15.920778       0.993488
   y      23.049653     -24.198956      -1.149302
   z     -43.838664      44.754347       0.915683
 
   | dipole moment | =     1.7738 a.u. =     4.5086 debye 
 
 ------------------------------------------------------------------------------
                     quadrupole moment
 ------------------------------------------------------------------------------
  xx    1441.779267   -1494.255567     -52.476299
  yy     273.813934    -324.855310     -51.041377
  zz     228.268613    -273.309282     -45.040669
  xy     -65.994424      74.393023       8.398599
  xz    -160.326215     162.127973       1.801758
  yz      99.609398     -98.573911       1.035487
 
     1/3  trace=     -49.519448
     anisotropy=      16.469461
 
 ==============================================================================
 
HOMO-LUMO Separation
 HOMO         :   -0.22864738 H =     -6.22182 eV
 LUMO         :   -0.01336954 H =     -0.36380 eV
 HOMO-LUMO gap:    0.21527784 H =     +5.85801 eV
 
 ==============================================================================


    ------------------------------------------------------------------------
         total  cpu-time :  1 minutes and 20 seconds
         total wall-time :  1 minutes and 20 seconds
    ------------------------------------------------------------------------

   ****  ridft : all done  ****


    2026-04-20 14:33:03.850 

