 operating system is UNIX !

 ridft (login2) : TURBOMOLE rev. V7-8-1 compiled 26 Feb 2024 at 17:12:58
 Copyright (C) 2024 TURBOMOLE GmbH, Karlsruhe


    2026-04-20 17:58:32.675 



                                  r i d f t

                        DFT program with RI approximation 
                                for coulomb part 





                                 References:     
                                                 
          TURBOMOLE:                             
              R. Ahlrichs, M. Baer, M. Haeser, H. Horn, and
              C. Koelmel
              Electronic structure calculations on workstation
              computers: the program system TURBOMOLE
              Chem. Phys. Lett. 162: 165 (1989)
          Density Functional:                              
              O. Treutler and R. Ahlrichs                      
              Efficient Molecular Numerical Integration Schemes
              J. Chem. Phys. 102: 346 (1995)                   
          Parallel Version:                                
              Performance of parallel TURBOMOLE for Density    
              Functional Calculations                          
              M. v. Arnim and R. Ahlrichs                      
              J. Comp. Chem. 19: 1746 (1998)                   
          RI-J Method:                                     
              Auxiliary Basis Sets to approximate Coulomb      
              Potentials                                       
              Chem. Phys. Lett. 240: 283 (1995)                
              K. Eichkorn, O. Treutler, H. Oehm, M. Haeser     
              and R. Ahlrichs                                  
              Chem. Phys. Lett. 242: 652 (1995)                
                                                           
              Auxiliary Basis Sets for Main Row Atoms and their
              Use to approximate Coulomb Potentials            
              K. Eichkorn, F. Weigend, O. Treutler and         
              R. Ahlrichs                                      
              Theo. Chem. Acc. 97: 119 (1997)                  
                                                           
              Accurate Coulomb-fitting basis sets for H to Rn 
              F. Weigend                                       
              Phys. Chem. Chem. Phys. 8: 1057 (2006)           
                                                           
          Multipole accelerated RI-J (MARI-J):             
              Fast evaluation of the Coulomb potential for     
              electron densities using multipole accelerated   
              resolution of identity approximation             
              M. Sierka, A. Hogekamp and R. Ahlrichs           
              J. Chem. Phys. 118: 9136 (2003)                  
          RI-JK Method:                                     
              A fully direct RI-HF algorithm: Implementation,
              optimised auxiliary basis sets, demonstration of
              accuracy and efficiency                         
              F. Weigend                                      
              Phys. Chem. Chem. Phys. 4: 4285 (2002)           
          Two-component HF and DFT with spin-orbit coupling:  
              Self-consistent treatment of spin-orbit         
              interactions with efficient Hartree-Fock and    
              density functional methods                      
              M. K. Armbruster, F. Weigend, C. van Wüllen and 
              W. Klopper                                      
              Phys. Chem. Chem. Phys. 10: 1748 (2008)         
          Two-component difference density and DIIS algorithm 
              Efficient two-component self-consistent field   
              procedures and gradients: implementation in     
              TURBOMOLE and application to Au20-              
              A. Baldes, F. Weigend                           
              Mol. Phys. 111: 2617 (2013)                     
          Relativistic current density functional theory      
              Current density functional framework for        
              spin-orbit coupling                             
              C. Holzer, Y. J. Franzke, A. Pausch             
              J. Chem. Phys. 157: 204102 (2022)               
          Relativistic all-electron 2c calculations           
              An efficient implementation of two-component    
              relativistic exact-decoupling methods for large 
              molecules                                       
              D. Peng, N. Middendorf, F. Weigend, M. Reiher   
              J. Chem. Phys. 138: 184105 (2013)               
          Finite nucleus model and SNSO approximation         
              Efficient implementation of one- and two-       
              component analytical energy gradients in exact  
              two-component theory                            
              Y. J. Franzke, N. Middendorf, F. Weigend        
              J. Chem. Phys. 148: 104110 (2018)               
          Grids for all-electron relativistic methods         
              Error-consistent segmented contracted all-      
              electron relativistic basis sets of double-     
              and triple-zeta quality for NMR shielding       
              constants                                       
              Y. J. Franzke, R. Tress, T. M. Pazdera,         
              F. Weigend                                      
              Phys. Chem. Chem. Phys. 21: 166658 (2019)       
          Seminumerical exchange algorithms                   
              Seminumerical calculation of the Hartree-Fock   
              exchange matirx: Application to two-component   
              procedures and efficient evaluation of local    
              hybrid functionsl                               
              P. Plessow, F. Weigend,                         
              J. Comput. Chem. 33: 810 (2012)                 
          Improved seminumerical algorithms                   
              C. Holzer,                                      
              J. Chem. Phys. 153 (2020), 184115               





              +--------------------------------------------------+
              |      general information about current run       |
              +--------------------------------------------------+

 
 Becke-3-Parameter hybrid functional: B3-LYP
 exchange:    0.8*LDA + 0.72*B88 + 0.2*HF
 correlation: 0.19*LDA(VWN) + 0.81*LYP
 A Hybrid-DFT calculation using the RI-J approximation will be carried out.
 Allocatable memory for RI due to $ricore (MB):                   100
 Multipole approximation for Coulomb integrals is used

   *************************************************************************
   opt_final_Dihydrolipoic_acid_DHLA_26                                     
   *************************************************************************




              +--------------------------------------------------+
              | Atomic coordinate, charge and isotop information |
              +--------------------------------------------------+

                    atomic coordinates            atom    charge  isotop
          9.39144367   -0.48201239    1.63060211    o      8.000     0
          7.35087421    0.04868793    2.51822349    c      6.000     0
          6.82794381    2.50627136    2.98223971    o      8.000     0
          5.29897730   -1.83150322    3.13784014    c      6.000     0
          2.83266413   -1.34919792    1.67559055    c      6.000     0
          3.20300981   -1.40866001   -1.19235628    c      6.000     0
          0.77927323   -1.48897405   -2.77786297    c      6.000     0
         -0.89460765    0.88234714   -2.70019909    c      6.000     0
         -2.67346961    1.10848507   -0.43310401    c      6.000     0
         -4.87190117   -1.63978908   -0.18625838    s     16.000     0
         -7.86108077    0.06542603   -0.80815546    c      6.000     0
         -7.26181767    2.49848877   -2.19465374    c      6.000     0
         -4.60588519    4.00270779   -0.54236950    s     16.000     0
          5.17376711    2.71421145    3.74178704    h      1.000     0
          6.03525872   -3.70538050    2.71016209    h      1.000     0
          4.93438924   -1.73787300    5.17023890    h      1.000     0
          1.47875597   -2.80097122    2.24419592    h      1.000     0
          2.02549520    0.45703077    2.27034790    h      1.000     0
          4.32357762   -3.08309821   -1.66315504    h      1.000     0
          4.33332018    0.22457522   -1.77926549    h      1.000     0
         -0.33771538   -3.14993709   -2.25713490    h      1.000     0
          1.33812884   -1.78300501   -4.74492897    h      1.000     0
          0.30705505    2.56683514   -2.73149111    h      1.000     0
         -2.04578632    0.94447519   -4.41288269    h      1.000     0
         -1.64120593    1.20807819    1.33653992    h      1.000     0
         -8.80029865    0.44387284    0.98176040    h      1.000     0
         -9.04100485   -1.17684928   -1.95177902    h      1.000     0
         -6.75354947    2.15258600   -4.15886185    h      1.000     0
         -8.84561240    3.81317199   -2.12947261    h      1.000     0
 
       center of nuclear mass  :   -0.19367002    0.39709083    0.04393010
       center of nuclear charge:   -0.20984720    0.35795841    0.01036174

              +--------------------------------------------------+
              |               basis set information              |
              +--------------------------------------------------+

              we will work with the 1s 3p 5d 7f 9g ... basis set
              ...i.e. with spherical basis functions...

   type   atoms  prim   cont   basis
   ---------------------------------------------------------------------------
    s        2     46     22   def-TZVP   [5s4p1d|14s9p1d]
    o        2     34     19   def-TZVP   [5s3p1d|11s6p1d]
    h       16      8      6   def-TZVP   [3s1p|5s1p]
    c        9     34     19   def-TZVP   [5s3p1d|11s6p1d]
   ---------------------------------------------------------------------------
   total:   29    594    349
   ---------------------------------------------------------------------------

   total number of primitive shells          :   66
   total number of contracted shells         :  183
   total number of cartesian basis functions :  362
   total number of SCF-basis functions       :  349


 integral neglect threshold       :  0.92E-10
 integral storage threshold THIZE :  0.10E-04
 integral storage threshold THIME :         5

 RI-J AUXILIARY BASIS SET information:

              we will work with the 1s 3p 5d 7f 9g ... basis set
              ...i.e. with spherical basis functions...

   type   atoms  prim   cont   basis
   ---------------------------------------------------------------------------
    s        2     71     40   def-TZVP   [5s3p2d1f1g|12s6p5d1f1g]
    o        2     40     38   def-TZVP   [7s3p3d1f|9s3p3d1f]
    h       16     10      9   def-TZVP   [3s2p|4s2p]
    c        9     40     38   def-TZVP   [7s3p3d1f|9s3p3d1f]
   ---------------------------------------------------------------------------
   total:   29    742    642
   ---------------------------------------------------------------------------

   total number of primitive shells          :   63
   total number of contracted shells         :  258
   total number of cartesian basis functions :  730
   total number of SCF-basis functions       :  642


 symmetry group of the molecule :   c1 

 the group has the following generators :
   c1(z)

    1 symmetry operations found

 there are 1 real representations :   a   

 maximum number of shells which are related by symmetry :  1

  
           ------------------
           density functional
           ------------------
 Becke-3-Parameter hybrid functional: B3-LYP
 exchange:    0.8*LDA + 0.72*B88 + 0.2*HF
 correlation: 0.19*LDA(VWN) + 0.81*LYP
 iterations will be done with small grid
  
 spherical integration : Lebedev's spherical grid
 spherical gridsize    :                     3
    i.e. gridpoints    :                   302
  maximum batchsize    :                   100
 value for diffuse not defined
 radial integration    : Chebyshev 2nd kind (scaling 3)
 radial gridsize       :                     3
 integration cells     :                    29
 partition function    : becke
 partition sharpness   :                     3
  
 
 Derivatives of quadrature weights will be included
 

 biggest AO integral is expected to be     9.804440325

          ------------------------
          nuclear repulsion energy  :   1023.03019288    
          ------------------------

      -----------------------------------------------------------      
     |                   =====================                   |     
     |                        D F T - D 4                        |     
     |                   =====================                   |     
     |                         S. Grimme                         |     
     |          Mulliken Center for Theoretical Chemistry        |     
     |                    University of Bonn                     |     
      -----------------------------------------------------------      

           -------------------------------------------------
          |                Calculation Setup                |
           -------------------------------------------------
   charge               :      0
   non-additivity corr. : ATM
   charge model         : EEQ
   damping parameters
   s6                   :     1.0000
   s8                   :     2.0293
   a1                   :     0.4087
   a2                   :     4.5381

        q(ref)        CN(ref)   cov. CN(ref)  alpha(AIM,ref)
     0.0000000      0.0000000      0.0000000      5.1967092
    -0.3547147      0.9924594      0.8041679      6.1223924
    -0.5988153      1.9886928      1.6112394      6.7491941
     0.0000000      0.9985672      0.9798440      5.1987934
        q(ref)        CN(ref)   cov. CN(ref)  alpha(AIM,ref)
     0.0000000      0.0000000      0.0000000     12.3555336
    -0.1712371      0.9867893      0.9189476     12.8040100
    -0.1421000      1.9984766      1.9078606      9.6347083
    -0.2225085      2.9987259      2.8312240      9.6866280
    -0.2565392      3.9843988      3.7487004      7.6947605
    -0.1044135      3.1417713      2.9183271      9.3751067
     0.2103031      0.9999501      0.8556099      7.7402501
        q(ref)        CN(ref)   cov. CN(ref)  alpha(AIM,ref)
     0.0000000      0.0000000      0.0000000     19.6135101
    -0.1626723      0.9948413      0.9219850     20.4238955
    -0.2377517      1.9903438      1.8445381     20.5482906
        q(ref)        CN(ref)   cov. CN(ref)  alpha(AIM,ref)
     0.0000000      0.0000000      0.0000000      5.0540161
     0.0000000      0.9117922      0.8942243      2.7207580
========================================================================
 Edisp  /kcal,au:   -32.7651  -0.0522145865
========================================================================
 nuclear repulsion energy                  =    1023.030192876
  DFT-D4 Energy contribution               =      -0.052214586
 nuclear repulsion + dispersion correction =    1022.977978289


         -----------------
         -S,T+V- integrals
         -----------------

 1e-integrals will be neglected if expon. factor < 0.923194E-11
 
 Difference densities algorithm switched on.
 The maximal number of linear combinations of
 difference densities is  20.

Diagonalization of Fock matrix in last SCF iteration activated ...


 DIIS switched on: error vector is FDS-SDF
 Max. Iterations for DIIS is     :   4
 DIIS matrix (see manual) 
    Scaling factor of diagonals  :  1.200
    threshold for scaling factor :  0.000

 scf convergence criterion : increment of total energy < .1000000D-05
                  and increment of one-electron energy < .1000000D-02

 MOs are in ASCII format !


    mo occupation :
   irrep   mo's   occupied
    a      349       59
 
 number of basis functions   :   349
 number of occupied orbitals :    59
 

 reading orbital data $scfmo  from file mos
 orbital characterization : expanded
 virtual MOs provided and orthogonalized by Cholesky decomposition

 automatic virtual orbital shift switched on 
      shift if e(lumo)-e(homo) < 0.10000000    

  
           ------------------------
               RI-J - INFORMATION
           ------------------------
 
    +---------------- Multipole Accelerated RI-J ---------------+
    -------------------------------------------------------------
      Number of bins for density partition        :  8
      Maximum multipole moment used               : 14
      Multipole precision parameter               :  1.0000E-08
      Threshold for moment summation              :  1.0000E-24
      Minimum separation between boxes            :  0.0000E+00
      Maximum allowed extent                      :  2.0000E+01
    +-----------------------------------------------------------+
 
 Extensions and centers of shell-pairs:
  number of shells with a single center:    11714
  number of shells with double centers:       631
 Contributions to RI integral batches: 
  neglected integral batches:                      4491
  multipole/direct contribution:                   6131
  multipole/memory contribution:                   6214
 Memory core needed for (P|Q) and Cholesky      4 MByte
 Memory core minimum needed except of (P|Q)     1 MByte
 Total minimum memory core needed (sum)         4 MByte
  
 ****************************************
 Memory allocated for RI-J   100 MByte
 ****************************************
                                            

 DSCF restart information will be dumped onto file mos


 Starting SCF iterations

          Overall gridpoints after grid construction =         36529
 Ordering of quadrature gridpoints disabled.
 Caution, gridordering can improve performance!

 ITERATION  ENERGY          1e-ENERGY        2e-ENERGY     NORM[dD(SAO)]  TOL
   1  -1296.5871949839    -3804.3185706     1484.7533974    0.000D+00 0.921D-10
                            Exc = -98.9198118528     Coul =  1607.38700425    
                            exK = -23.7137950402    
                              N = 117.99751849    
                            current damping = 0.700
 
          max. resid. norm for Fia-block=  2.418D+00 for orbital      1a         
          max. resid. fock norm         =  1.180D+01 for orbital    240a         

 ITERATION  ENERGY          1e-ENERGY        2e-ENERGY     NORM[dD(SAO)]  TOL
   2  -1298.7863754669    -3811.9798090     1490.2154553    0.163D+01 0.605D-10
                            Exc = -99.0416266813      Eck =  1589.25708195    
                              N = 117.99785379    
                            current damping = 0.650
 
          Norm of current diis error:  2.6328    
          max. resid. norm for Fia-block=  9.171D-01 for orbital      1a         
          max. resid. fock norm         =  1.058D+00 for orbital      1a         

 ITERATION  ENERGY          1e-ENERGY        2e-ENERGY     NORM[dD(SAO)]  TOL
   3  -1299.1393197285    -3814.1714135     1492.0541155    0.803D+00 0.461D-10
                            Exc = -99.2449630054      Eck =  1591.29907853    
                              N = 117.99817502    
                            current damping = 0.550
 
          Norm of current diis error:  1.2548    
          max. resid. norm for Fia-block=  3.490D-01 for orbital      1a         
          max. resid. fock norm         =  4.030D-01 for orbital      1a         

 ITERATION  ENERGY          1e-ENERGY        2e-ENERGY     NORM[dD(SAO)]  TOL
   4  -1299.2501271137    -3815.1494907     1492.9213853    0.602D+00 0.386D-10
                            Exc = -99.2587442758      Eck =  1592.18012953    
                              N = 117.99828142    
                            current damping = 0.450
 
          Norm of current diis error: 0.47330    
          max. resid. norm for Fia-block=  1.235D-01 for orbital      1a         
          max. resid. fock norm         =  1.436D-01 for orbital      1a         

 ITERATION  ENERGY          1e-ENERGY        2e-ENERGY     NORM[dD(SAO)]  TOL
   5  -1299.2663318618    -3815.8073199     1493.5630098    0.254D+00 0.355D-10
                            Exc = -99.3509921454      Eck =  1592.91400192    
                              N = 117.99839720    
                            current damping = 0.350
 
          Norm of current diis error: 0.24252    
          max. resid. norm for Fia-block=  3.790D-02 for orbital      1a         
          max. resid. fock norm         =  4.401D-02 for orbital      1a         
          mo-orthogonalization: Cholesky decomposition

 ITERATION  ENERGY          1e-ENERGY        2e-ENERGY     NORM[dD(SAO)]  TOL
   6  -1299.2709510997    -3815.8094727     1493.5605433    0.934D-01 0.335D-10
                            Exc = -99.3288085010      Eck =  1592.88935185    
                              N = 117.99841260    
                            current damping = 0.400
 
          Norm of current diis error: 0.10570    
          max. resid. norm for Fia-block=  9.898D-03 for orbital      1a         
          max. resid. fock norm         =  1.154D-02 for orbital      1a         

 ITERATION  ENERGY          1e-ENERGY        2e-ENERGY     NORM[dD(SAO)]  TOL
   7  -1299.2717525256    -3815.8200785     1493.5703477    0.286D-01 0.328D-10
                            Exc = -99.3336498905      Eck =  1592.90399756    
                              N = 117.99842022    
                            current damping = 0.450
 
          Norm of current diis error: 0.30598E-01
          max. resid. norm for Fia-block=  2.825D-03 for orbital      2a         
          max. resid. fock norm         =  3.296D-03 for orbital      2a         

 ITERATION  ENERGY          1e-ENERGY        2e-ENERGY     NORM[dD(SAO)]  TOL
   8  -1299.2718166641    -3815.8697258     1493.6199309    0.996D-02 0.325D-10
                            Exc = -99.3407572695      Eck =  1592.96068812    
                              N = 117.99842644    
                            current damping = 0.300
 
          Norm of current diis error: 0.94304E-02
          max. resid. norm for Fia-block=  8.723D-04 for orbital      1a         
          max. resid. fock norm         =  1.015D-03 for orbital      1a         

 ITERATION  ENERGY          1e-ENERGY        2e-ENERGY     NORM[dD(SAO)]  TOL
   9  -1299.2718241443    -3815.8656722     1493.6158698    0.376D-02 0.321D-10
                            Exc = -99.3399081483      Eck =  1592.95577793    
                              N = 117.99842766    
                            current damping = 0.350
 
          Norm of current diis error: 0.25980E-02
          max. resid. norm for Fia-block=  2.305D-04 for orbital     57a         
          max. resid. fock norm         =  3.113D-04 for orbital    342a         

 ENERGY CONVERGED !

          Overall gridpoints after grid construction =        135997
 Ordering of quadrature gridpoints disabled.
 Caution, gridordering can improve performance!

 ITERATION  ENERGY          1e-ENERGY        2e-ENERGY     NORM[dD(SAO)]  TOL
  10  -1299.2720766337    -3815.8669723     1493.6169174    0.114D-02 0.320D-10
                            Exc = -99.3399375005      Eck =  1592.95685490    
                              N = 117.99998824    
                            current damping = 0.400
 
          Norm of current diis error: 0.21765E-02
          max. resid. norm for Fia-block=  1.413D-04 for orbital     57a         
          max. resid. fock norm         =  1.938D-04 for orbital     23a         

 End of SCF iterations

   convergence criteria satisfied after    10 iterations


   *************************************************************************
   opt_final_Dihydrolipoic_acid_DHLA_26                                     
   *************************************************************************


                  ------------------------------------------ 
                 |  total energy      =  -1299.27207663375  |
                  ------------------------------------------ 
                 :  kinetic energy    =   1294.94879811936  :
                 :  potential energy  =  -2594.22087475311  :
                 :  virial theorem    =      1.99667253796  :
                 :  wavefunction norm =      1.00000000000  :
                  .......................................... 


 <geterg> : there is no data group $energy 


 <skperg> : $end is missing 


 orbitals $scfmo  will be written to file mos

    irrep                 55a         56a         57a         58a         59a   
 eigenvalues H         -0.32283    -0.30430    -0.27646    -0.23810    -0.23509
            eV          -8.7849     -8.2805     -7.5229     -6.4790     -6.3972
 occupation              2.0000      2.0000      2.0000      2.0000      2.0000

    irrep                 60a         61a         62a         63a         64a   
 eigenvalues H         -0.01252    -0.00501     0.00139     0.02664     0.03177
            eV          -0.3407     -0.1363      0.0378      0.7248      0.8644
 
 
 
 
 ==============================================================================
                           electrostatic moments
 ==============================================================================

 reference point for electrostatic moments:    0.00000   0.00000   0.00000

 
              nuc           elec       ->  total
 ------------------------------------------------------------------------------
                          charge      
 ------------------------------------------------------------------------------
         118.000000    -118.000000       0.000000
 
 ------------------------------------------------------------------------------
                       dipole moment  
 ------------------------------------------------------------------------------
   x     -24.761969      22.696726      -2.065243
   y      42.239092     -42.440325      -0.201233
   z       1.222685      -1.168978       0.053707
 
   | dipole moment | =     2.0757 a.u. =     5.2760 debye 
 
 ------------------------------------------------------------------------------
                     quadrupole moment
 ------------------------------------------------------------------------------
  xx    3561.872939   -3649.064664     -87.191725
  yy     541.798455    -615.737316     -73.938861
  zz     491.306363    -557.415271     -66.108909
  xy    -392.430327     389.083480      -3.346847
  xz     809.068963    -805.620673       3.448289
  yz     -56.875768      56.466439      -0.409329
 
     1/3  trace=     -75.746498
     anisotropy=      20.260670
 
 ==============================================================================
 
HOMO-LUMO Separation
 HOMO         :   -0.23508948 H =     -6.39711 eV
 LUMO         :   -0.01252158 H =     -0.34073 eV
 HOMO-LUMO gap:    0.22256790 H =     +6.05638 eV
 
 ==============================================================================


    ------------------------------------------------------------------------
         total  cpu-time :  3 minutes and 18 seconds
         total wall-time :  3 minutes and 18 seconds
    ------------------------------------------------------------------------

   ****  ridft : all done  ****


    2026-04-20 18:01:51.054 

