 operating system is UNIX !

 ridft (login2) : TURBOMOLE rev. V7-8-1 compiled 26 Feb 2024 at 17:12:58
 Copyright (C) 2024 TURBOMOLE GmbH, Karlsruhe


    2026-04-22 00:36:51.027 



                                  r i d f t

                        DFT program with RI approximation 
                                for coulomb part 





                                 References:     
                                                 
          TURBOMOLE:                             
              R. Ahlrichs, M. Baer, M. Haeser, H. Horn, and
              C. Koelmel
              Electronic structure calculations on workstation
              computers: the program system TURBOMOLE
              Chem. Phys. Lett. 162: 165 (1989)
          Density Functional:                              
              O. Treutler and R. Ahlrichs                      
              Efficient Molecular Numerical Integration Schemes
              J. Chem. Phys. 102: 346 (1995)                   
          Parallel Version:                                
              Performance of parallel TURBOMOLE for Density    
              Functional Calculations                          
              M. v. Arnim and R. Ahlrichs                      
              J. Comp. Chem. 19: 1746 (1998)                   
          RI-J Method:                                     
              Auxiliary Basis Sets to approximate Coulomb      
              Potentials                                       
              Chem. Phys. Lett. 240: 283 (1995)                
              K. Eichkorn, O. Treutler, H. Oehm, M. Haeser     
              and R. Ahlrichs                                  
              Chem. Phys. Lett. 242: 652 (1995)                
                                                           
              Auxiliary Basis Sets for Main Row Atoms and their
              Use to approximate Coulomb Potentials            
              K. Eichkorn, F. Weigend, O. Treutler and         
              R. Ahlrichs                                      
              Theo. Chem. Acc. 97: 119 (1997)                  
                                                           
              Accurate Coulomb-fitting basis sets for H to Rn 
              F. Weigend                                       
              Phys. Chem. Chem. Phys. 8: 1057 (2006)           
                                                           
          Multipole accelerated RI-J (MARI-J):             
              Fast evaluation of the Coulomb potential for     
              electron densities using multipole accelerated   
              resolution of identity approximation             
              M. Sierka, A. Hogekamp and R. Ahlrichs           
              J. Chem. Phys. 118: 9136 (2003)                  
          RI-JK Method:                                     
              A fully direct RI-HF algorithm: Implementation,
              optimised auxiliary basis sets, demonstration of
              accuracy and efficiency                         
              F. Weigend                                      
              Phys. Chem. Chem. Phys. 4: 4285 (2002)           
          Two-component HF and DFT with spin-orbit coupling:  
              Self-consistent treatment of spin-orbit         
              interactions with efficient Hartree-Fock and    
              density functional methods                      
              M. K. Armbruster, F. Weigend, C. van Wüllen and 
              W. Klopper                                      
              Phys. Chem. Chem. Phys. 10: 1748 (2008)         
          Two-component difference density and DIIS algorithm 
              Efficient two-component self-consistent field   
              procedures and gradients: implementation in     
              TURBOMOLE and application to Au20-              
              A. Baldes, F. Weigend                           
              Mol. Phys. 111: 2617 (2013)                     
          Relativistic current density functional theory      
              Current density functional framework for        
              spin-orbit coupling                             
              C. Holzer, Y. J. Franzke, A. Pausch             
              J. Chem. Phys. 157: 204102 (2022)               
          Relativistic all-electron 2c calculations           
              An efficient implementation of two-component    
              relativistic exact-decoupling methods for large 
              molecules                                       
              D. Peng, N. Middendorf, F. Weigend, M. Reiher   
              J. Chem. Phys. 138: 184105 (2013)               
          Finite nucleus model and SNSO approximation         
              Efficient implementation of one- and two-       
              component analytical energy gradients in exact  
              two-component theory                            
              Y. J. Franzke, N. Middendorf, F. Weigend        
              J. Chem. Phys. 148: 104110 (2018)               
          Grids for all-electron relativistic methods         
              Error-consistent segmented contracted all-      
              electron relativistic basis sets of double-     
              and triple-zeta quality for NMR shielding       
              constants                                       
              Y. J. Franzke, R. Tress, T. M. Pazdera,         
              F. Weigend                                      
              Phys. Chem. Chem. Phys. 21: 166658 (2019)       
          Seminumerical exchange algorithms                   
              Seminumerical calculation of the Hartree-Fock   
              exchange matirx: Application to two-component   
              procedures and efficient evaluation of local    
              hybrid functionsl                               
              P. Plessow, F. Weigend,                         
              J. Comput. Chem. 33: 810 (2012)                 
          Improved seminumerical algorithms                   
              C. Holzer,                                      
              J. Chem. Phys. 153 (2020), 184115               





              +--------------------------------------------------+
              |      general information about current run       |
              +--------------------------------------------------+

 
 Becke-3-Parameter hybrid functional: B3-LYP
 exchange:    0.8*LDA + 0.72*B88 + 0.2*HF
 correlation: 0.19*LDA(VWN) + 0.81*LYP
 A Hybrid-DFT calculation using the RI-J approximation will be carried out.
 Allocatable memory for RI due to $ricore (MB):                   100
 Multipole approximation for Coulomb integrals is used

   *************************************************************************
   opt_final_Biotin_41                                                      
   *************************************************************************




              +--------------------------------------------------+
              | Atomic coordinate, charge and isotop information |
              +--------------------------------------------------+

                    atomic coordinates            atom    charge  isotop
          8.13681227    2.23716687    3.17001285    o      8.000     0
          8.07112543    0.95037999    1.27123148    c      6.000     0
          8.92105382   -1.44755341    1.23506423    o      8.000     0
          7.07557474    1.79365643   -1.25650586    c      6.000     0
          4.97647831    0.07867796   -2.29395358    c      6.000     0
          2.64861177   -0.02036592   -0.58657820    c      6.000     0
          0.60630768   -1.76356961   -1.65320680    c      6.000     0
         -1.86856878   -1.87416619   -0.17750833    c      6.000     0
         -1.47461521   -2.70527346    3.20230614    s     16.000     0
         -4.80147370   -1.86372657    3.73530192    c      6.000     0
         -5.26468844    0.53983477    2.17414612    c      6.000     0
         -7.73913196    0.61307748    0.96657645    n      7.000     0
         -7.59233223    1.03593401   -1.58422559    c      6.000     0
         -9.38550695    1.46355069   -3.00744998    o      8.000     0
         -5.11170855    0.83775925   -2.27652591    n      7.000     0
         -3.41201688    0.58591431   -0.13002512    c      6.000     0
          9.53624241   -1.88582928    2.91079278    h      1.000     0
          6.40474366    3.72859349   -1.04198613    h      1.000     0
          8.66823723    1.81448986   -2.57367572    h      1.000     0
          5.72198119   -1.82681501   -2.57272881    h      1.000     0
          4.43998354    0.78986573   -4.15763474    h      1.000     0
          1.91089943    1.89518753   -0.34136938    h      1.000     0
          3.19135160   -0.67993227    1.29633602    h      1.000     0
          0.14032036   -1.17569151   -3.58415496    h      1.000     0
          1.36510371   -3.67923397   -1.81036593    h      1.000     0
         -3.06068279   -3.34431573   -0.99917000    h      1.000     0
         -5.11732007   -1.58042921    5.74638358    h      1.000     0
         -6.00764302   -3.39248760    3.06383149    h      1.000     0
         -4.98190555    2.20138677    3.35826517    h      1.000     0
         -9.30184535    1.15927757    1.90879562    h      1.000     0
         -4.54532715    1.45306948   -3.98631862    h      1.000     0
         -2.15006054    2.20733946   -0.00566019    h      1.000     0
 
       center of nuclear mass  :   -0.38061608   -0.16028644    0.40054708
       center of nuclear charge:   -0.33325129   -0.15879473    0.36501281

              +--------------------------------------------------+
              |               basis set information              |
              +--------------------------------------------------+

              we will work with the 1s 3p 5d 7f 9g ... basis set
              ...i.e. with spherical basis functions...

   type   atoms  prim   cont   basis
   ---------------------------------------------------------------------------
    s        1     46     22   def-TZVP   [5s4p1d|14s9p1d]
    o        3     34     19   def-TZVP   [5s3p1d|11s6p1d]
    n        2     34     19   def-TZVP   [5s3p1d|11s6p1d]
    h       16      8      6   def-TZVP   [3s1p|5s1p]
    c       10     34     19   def-TZVP   [5s3p1d|11s6p1d]
   ---------------------------------------------------------------------------
   total:   32    684    403
   ---------------------------------------------------------------------------

   total number of primitive shells          :   84
   total number of contracted shells         :  209
   total number of cartesian basis functions :  419
   total number of SCF-basis functions       :  403


 integral neglect threshold       :  0.80E-10
 integral storage threshold THIZE :  0.10E-04
 integral storage threshold THIME :         5

 RI-J AUXILIARY BASIS SET information:

              we will work with the 1s 3p 5d 7f 9g ... basis set
              ...i.e. with spherical basis functions...

   type   atoms  prim   cont   basis
   ---------------------------------------------------------------------------
    s        1     71     40   def-TZVP   [5s3p2d1f1g|12s6p5d1f1g]
    o        3     40     38   def-TZVP   [7s3p3d1f|9s3p3d1f]
    n        2     40     38   def-TZVP   [7s3p3d1f|9s3p3d1f]
    h       16     10      9   def-TZVP   [3s2p|4s2p]
    c       10     40     38   def-TZVP   [7s3p3d1f|9s3p3d1f]
   ---------------------------------------------------------------------------
   total:   32    831    754
   ---------------------------------------------------------------------------

   total number of primitive shells          :   79
   total number of contracted shells         :  302
   total number of cartesian basis functions :  855
   total number of SCF-basis functions       :  754


 symmetry group of the molecule :   c1 

 the group has the following generators :
   c1(z)

    1 symmetry operations found

 there are 1 real representations :   a   

 maximum number of shells which are related by symmetry :  1

  
           ------------------
           density functional
           ------------------
 Becke-3-Parameter hybrid functional: B3-LYP
 exchange:    0.8*LDA + 0.72*B88 + 0.2*HF
 correlation: 0.19*LDA(VWN) + 0.81*LYP
 iterations will be done with small grid
  
 spherical integration : Lebedev's spherical grid
 spherical gridsize    :                     3
    i.e. gridpoints    :                   302
  maximum batchsize    :                   100
 value for diffuse not defined
 radial integration    : Chebyshev 2nd kind (scaling 3)
 radial gridsize       :                     3
 integration cells     :                    32
 partition function    : becke
 partition sharpness   :                     3
  
 
 Derivatives of quadrature weights will be included
 

 biggest AO integral is expected to be     9.804440325

          ------------------------
          nuclear repulsion energy  :   1239.64682823    
          ------------------------

      -----------------------------------------------------------      
     |                   =====================                   |     
     |                        D F T - D 4                        |     
     |                   =====================                   |     
     |                         S. Grimme                         |     
     |          Mulliken Center for Theoretical Chemistry        |     
     |                    University of Bonn                     |     
      -----------------------------------------------------------      

           -------------------------------------------------
          |                Calculation Setup                |
           -------------------------------------------------
   charge               :      0
   non-additivity corr. : ATM
   charge model         : EEQ
   damping parameters
   s6                   :     1.0000
   s8                   :     2.0293
   a1                   :     0.4087
   a2                   :     4.5381

        q(ref)        CN(ref)   cov. CN(ref)  alpha(AIM,ref)
     0.0000000      0.0000000      0.0000000      5.1967092
    -0.3547147      0.9924594      0.8041679      6.1223924
    -0.5988153      1.9886928      1.6112394      6.7491941
     0.0000000      0.9985672      0.9798440      5.1987934
        q(ref)        CN(ref)   cov. CN(ref)  alpha(AIM,ref)
     0.0000000      0.0000000      0.0000000     12.3555336
    -0.1712371      0.9867893      0.9189476     12.8040100
    -0.1421000      1.9984766      1.9078606      9.6347083
    -0.2225085      2.9987259      2.8312240      9.6866280
    -0.2565392      3.9843988      3.7487004      7.6947605
    -0.1044135      3.1417713      2.9183271      9.3751067
     0.2103031      0.9999501      0.8556099      7.7402501
        q(ref)        CN(ref)   cov. CN(ref)  alpha(AIM,ref)
     0.0000000      0.0000000      0.0000000     19.6135101
    -0.1626723      0.9948413      0.9219850     20.4238955
    -0.2377517      1.9903438      1.8445381     20.5482906
        q(ref)        CN(ref)   cov. CN(ref)  alpha(AIM,ref)
     0.0000000      0.0000000      0.0000000      7.5385089
    -0.3529859      0.9944072      0.8582779      8.6583057
    -0.3012579      2.0142722      1.8398511      7.9579326
    -0.8242972      2.9902642      2.5803990      9.7489831
     0.0000000      0.9999895      0.9808553      5.8062716
        q(ref)        CN(ref)   cov. CN(ref)  alpha(AIM,ref)
     0.0000000      0.0000000      0.0000000      5.0540161
     0.0000000      0.9117922      0.8942243      2.7207580
========================================================================
 Edisp  /kcal,au:   -36.6277  -0.0583700052
========================================================================
 nuclear repulsion energy                  =    1239.646828230
  DFT-D4 Energy contribution               =      -0.058370005
 nuclear repulsion + dispersion correction =    1239.588458225


         -----------------
         -S,T+V- integrals
         -----------------

 1e-integrals will be neglected if expon. factor < 0.797604E-11
 
 Difference densities algorithm switched on.
 The maximal number of linear combinations of
 difference densities is  20.

Diagonalization of Fock matrix in last SCF iteration activated ...


 DIIS switched on: error vector is FDS-SDF
 Max. Iterations for DIIS is     :   4
 DIIS matrix (see manual) 
    Scaling factor of diagonals  :  1.200
    threshold for scaling factor :  0.000

 scf convergence criterion : increment of total energy < .1000000D-05
                  and increment of one-electron energy < .1000000D-02

 MOs are in ASCII format !


    mo occupation :
   irrep   mo's   occupied
    a      403       65
 
 number of basis functions   :   403
 number of occupied orbitals :    65
 

 reading orbital data $scfmo  from file mos
 orbital characterization : expanded
 virtual MOs provided and orthogonalized by Cholesky decomposition

 automatic virtual orbital shift switched on 
      shift if e(lumo)-e(homo) < 0.10000000    

  
           ------------------------
               RI-J - INFORMATION
           ------------------------
 
    +---------------- Multipole Accelerated RI-J ---------------+
    -------------------------------------------------------------
      Number of bins for density partition        :  8
      Maximum multipole moment used               : 14
      Multipole precision parameter               :  1.0000E-08
      Threshold for moment summation              :  1.0000E-24
      Minimum separation between boxes            :  0.0000E+00
      Maximum allowed extent                      :  2.0000E+01
    +-----------------------------------------------------------+
 
 Extensions and centers of shell-pairs:
  number of shells with a single center:    14727
  number of shells with double centers:       687
 Contributions to RI integral batches: 
  neglected integral batches:                      6531
  multipole/direct contribution:                   9353
  multipole/memory contribution:                   6061
 Memory core needed for (P|Q) and Cholesky      5 MByte
 Memory core minimum needed except of (P|Q)     1 MByte
 Total minimum memory core needed (sum)         5 MByte
  
 ****************************************
 Memory allocated for RI-J   100 MByte
 ****************************************
                                            

 DSCF restart information will be dumped onto file mos


 Starting SCF iterations

          Overall gridpoints after grid construction =         41396
 Ordering of quadrature gridpoints disabled.
 Caution, gridordering can improve performance!

 ITERATION  ENERGY          1e-ENERGY        2e-ENERGY     NORM[dD(SAO)]  TOL
   1  -1120.7948699633    -3983.2619493     1622.8786211    0.000D+00 0.796D-10
                            Exc = -100.602897731     Coul =  1747.49371985    
                            exK = -24.0122010351    
                              N = 130.00236353    
                            current damping = 0.700
 
          max. resid. norm for Fia-block=  2.418D+00 for orbital      1a         
          max. resid. fock norm         =  1.024D+01 for orbital    265a         

 ITERATION  ENERGY          1e-ENERGY        2e-ENERGY     NORM[dD(SAO)]  TOL
   2  -1123.4029291015    -3994.6531485     1631.6617612    0.253D+01 0.573D-10
                            Exc = -100.789700372      Eck =  1732.45146156    
                              N = 130.00161028    
                            current damping = 0.650
 
          Norm of current diis error:  2.8515    
          max. resid. norm for Fia-block=  9.169D-01 for orbital      1a         
          max. resid. fock norm         =  1.058D+00 for orbital      1a         

 ITERATION  ENERGY          1e-ENERGY        2e-ENERGY     NORM[dD(SAO)]  TOL
   3  -1123.8139569202    -3998.4363092     1635.0338941    0.105D+01 0.417D-10
                            Exc = -101.126101532      Eck =  1736.15999559    
                              N = 130.00117204    
                            current damping = 0.550
 
          Norm of current diis error:  1.3726    
          max. resid. norm for Fia-block=  3.485D-01 for orbital      1a         
          max. resid. fock norm         =  4.022D-01 for orbital      1a         

 ITERATION  ENERGY          1e-ENERGY        2e-ENERGY     NORM[dD(SAO)]  TOL
   4  -1123.9432561332    -3999.5241878     1635.9924735    0.615D+00 0.347D-10
                            Exc = -101.112901966      Eck =  1737.10537545    
                              N = 130.00088289    
                            current damping = 0.450
 
          Norm of current diis error: 0.53330    
          max. resid. norm for Fia-block=  1.235D-01 for orbital      1a         
          max. resid. fock norm         =  1.437D-01 for orbital      1a         

 ITERATION  ENERGY          1e-ENERGY        2e-ENERGY     NORM[dD(SAO)]  TOL
   5  -1123.9622865352    -4000.3953677     1636.8446229    0.310D+00 0.315D-10
                            Exc = -101.232020095      Eck =  1738.07664303    
                              N = 130.00075416    
                            current damping = 0.350
 
          Norm of current diis error: 0.27908    
          max. resid. norm for Fia-block=  3.788D-02 for orbital      1a         
          max. resid. fock norm         =  4.397D-02 for orbital      1a         
          mo-orthogonalization: Cholesky decomposition

 ITERATION  ENERGY          1e-ENERGY        2e-ENERGY     NORM[dD(SAO)]  TOL
   6  -1123.9684521535    -4000.6426157     1637.0857053    0.108D+00 0.296D-10
                            Exc = -101.212782183      Eck =  1738.29848746    
                              N = 130.00071856    
                            current damping = 0.200
 
          Norm of current diis error: 0.10898    
          max. resid. norm for Fia-block=  9.861D-03 for orbital      1a         
          max. resid. fock norm         =  1.149D-02 for orbital      1a         

 ITERATION  ENERGY          1e-ENERGY        2e-ENERGY     NORM[dD(SAO)]  TOL
   7  -1123.9692807910    -4000.4751383     1636.9173993    0.377D-01 0.287D-10
                            Exc = -101.211292816      Eck =  1738.12869213    
                              N = 130.00069956    
                            current damping = 0.250
 
          Norm of current diis error: 0.38999E-01
          max. resid. norm for Fia-block=  2.473D-03 for orbital     21a         
          max. resid. fock norm         =  3.504D-03 for orbital     21a         

 ITERATION  ENERGY          1e-ENERGY        2e-ENERGY     NORM[dD(SAO)]  TOL
   8  -1123.9693682523    -4000.6115163     1637.0536898    0.125D-01 0.285D-10
                            Exc = -101.223268718      Eck =  1738.27695849    
                              N = 130.00069961    
                            current damping = 0.300
 
          Norm of current diis error: 0.15167E-01
          max. resid. norm for Fia-block=  6.426D-04 for orbital     59a         
          max. resid. fock norm         =  1.167D-03 for orbital     21a         

 ITERATION  ENERGY          1e-ENERGY        2e-ENERGY     NORM[dD(SAO)]  TOL
   9  -1123.9693827691    -4000.6059683     1637.0481273    0.516D-02 0.282D-10
                            Exc = -101.221017390      Eck =  1738.26914471    
                              N = 130.00069744    
                            current damping = 0.350
 
          Norm of current diis error: 0.45148E-02
          max. resid. norm for Fia-block=  4.397D-04 for orbital     61a         
          max. resid. fock norm         =  5.457D-04 for orbital     61a         

 ITERATION  ENERGY          1e-ENERGY        2e-ENERGY     NORM[dD(SAO)]  TOL
  10  -1123.9693833971    -4000.5895089     1637.0316672    0.188D-02 0.281D-10
                            Exc = -101.219695824      Eck =  1738.25136306    
                              N = 130.00069777    
                            current damping = 0.200
 
          Norm of current diis error: 0.37596E-02
          max. resid. norm for Fia-block=  1.971D-04 for orbital     61a         
          max. resid. fock norm         =  2.587D-04 for orbital     61a         
          mo-orthogonalization: Cholesky decomposition

 ENERGY CONVERGED !

          Overall gridpoints after grid construction =        152878
 Ordering of quadrature gridpoints disabled.
 Caution, gridordering can improve performance!

 ITERATION  ENERGY          1e-ENERGY        2e-ENERGY     NORM[dD(SAO)]  TOL
  11  -1123.9693364139    -4000.5899006     1637.0321060    0.647D-03 0.279D-10
                            Exc = -101.220068416      Eck =  1738.25217437    
                              N = 130.00007477    
                            current damping = 0.250
 
          Norm of current diis error: 0.79586E-03
          max. resid. norm for Fia-block=  2.406D-05 for orbital     41a         
          max. resid. fock norm         =  5.492D-05 for orbital    391a         

 End of SCF iterations

   convergence criteria satisfied after    11 iterations


   *************************************************************************
   opt_final_Biotin_41                                                      
   *************************************************************************


                  ------------------------------------------ 
                 |  total energy      =  -1123.96933641389  |
                  ------------------------------------------ 
                 :  kinetic energy    =   1119.87228246633  :
                 :  potential energy  =  -2243.84161888022  :
                 :  virial theorem    =      1.99635483477  :
                 :  wavefunction norm =      1.00000000000  :
                  .......................................... 


 <geterg> : there is no data group $energy 


 <skperg> : $end is missing 


 orbitals $scfmo  will be written to file mos

    irrep                 61a         62a         63a         64a         65a   
 eigenvalues H         -0.28515    -0.26458    -0.26271    -0.25799    -0.23536
            eV          -7.7593     -7.1996     -7.1488     -7.0204     -6.4047
 occupation              2.0000      2.0000      2.0000      2.0000      2.0000

    irrep                 66a         67a         68a         69a         70a   
 eigenvalues H         -0.00935     0.00171     0.01045     0.02186     0.03269
            eV          -0.2544      0.0466      0.2844      0.5948      0.8895
 
 
 
 
 ==============================================================================
                           electrostatic moments
 ==============================================================================

 reference point for electrostatic moments:    0.00000   0.00000   0.00000

 
              nuc           elec       ->  total
 ------------------------------------------------------------------------------
                          charge      
 ------------------------------------------------------------------------------
         130.000000    -130.000000       0.000000
 
 ------------------------------------------------------------------------------
                       dipole moment  
 ------------------------------------------------------------------------------
   x     -43.322668      44.341851       1.019183
   y     -20.643315      20.417217      -0.226098
   z      47.451665     -47.253976       0.197690
 
   | dipole moment | =     1.0625 a.u. =     2.7006 debye 
 
 ------------------------------------------------------------------------------
                     quadrupole moment
 ------------------------------------------------------------------------------
  xx    4616.966695   -4709.325197     -92.358502
  yy     376.215119    -455.195956     -78.980837
  zz     700.704176    -778.563127     -77.858951
  xy      65.859676     -68.723165      -2.863489
  xz     203.763682    -222.317128     -18.553446
  yz    -189.034632     187.147508      -1.887125
 
     1/3  trace=     -83.066097
     anisotropy=      35.541557
 
 ==============================================================================
 
HOMO-LUMO Separation
 HOMO         :   -0.23536500 H =     -6.40461 eV
 LUMO         :   -0.00934718 H =     -0.25435 eV
 HOMO-LUMO gap:    0.22601781 H =     +6.15026 eV
 
 ==============================================================================


    ------------------------------------------------------------------------
         total  cpu-time :  5 minutes and 14 seconds
         total wall-time :  5 minutes and 15 seconds
    ------------------------------------------------------------------------

   ****  ridft : all done  ****


    2026-04-22 00:42:05.953 

