 operating system is UNIX !

 ridft (login1) : TURBOMOLE rev. V7-8-1 compiled 26 Feb 2024 at 17:12:58
 Copyright (C) 2024 TURBOMOLE GmbH, Karlsruhe


    2026-04-21 03:59:40.777 



                                  r i d f t

                        DFT program with RI approximation 
                                for coulomb part 





                                 References:     
                                                 
          TURBOMOLE:                             
              R. Ahlrichs, M. Baer, M. Haeser, H. Horn, and
              C. Koelmel
              Electronic structure calculations on workstation
              computers: the program system TURBOMOLE
              Chem. Phys. Lett. 162: 165 (1989)
          Density Functional:                              
              O. Treutler and R. Ahlrichs                      
              Efficient Molecular Numerical Integration Schemes
              J. Chem. Phys. 102: 346 (1995)                   
          Parallel Version:                                
              Performance of parallel TURBOMOLE for Density    
              Functional Calculations                          
              M. v. Arnim and R. Ahlrichs                      
              J. Comp. Chem. 19: 1746 (1998)                   
          RI-J Method:                                     
              Auxiliary Basis Sets to approximate Coulomb      
              Potentials                                       
              Chem. Phys. Lett. 240: 283 (1995)                
              K. Eichkorn, O. Treutler, H. Oehm, M. Haeser     
              and R. Ahlrichs                                  
              Chem. Phys. Lett. 242: 652 (1995)                
                                                           
              Auxiliary Basis Sets for Main Row Atoms and their
              Use to approximate Coulomb Potentials            
              K. Eichkorn, F. Weigend, O. Treutler and         
              R. Ahlrichs                                      
              Theo. Chem. Acc. 97: 119 (1997)                  
                                                           
              Accurate Coulomb-fitting basis sets for H to Rn 
              F. Weigend                                       
              Phys. Chem. Chem. Phys. 8: 1057 (2006)           
                                                           
          Multipole accelerated RI-J (MARI-J):             
              Fast evaluation of the Coulomb potential for     
              electron densities using multipole accelerated   
              resolution of identity approximation             
              M. Sierka, A. Hogekamp and R. Ahlrichs           
              J. Chem. Phys. 118: 9136 (2003)                  
          RI-JK Method:                                     
              A fully direct RI-HF algorithm: Implementation,
              optimised auxiliary basis sets, demonstration of
              accuracy and efficiency                         
              F. Weigend                                      
              Phys. Chem. Chem. Phys. 4: 4285 (2002)           
          Two-component HF and DFT with spin-orbit coupling:  
              Self-consistent treatment of spin-orbit         
              interactions with efficient Hartree-Fock and    
              density functional methods                      
              M. K. Armbruster, F. Weigend, C. van Wüllen and 
              W. Klopper                                      
              Phys. Chem. Chem. Phys. 10: 1748 (2008)         
          Two-component difference density and DIIS algorithm 
              Efficient two-component self-consistent field   
              procedures and gradients: implementation in     
              TURBOMOLE and application to Au20-              
              A. Baldes, F. Weigend                           
              Mol. Phys. 111: 2617 (2013)                     
          Relativistic current density functional theory      
              Current density functional framework for        
              spin-orbit coupling                             
              C. Holzer, Y. J. Franzke, A. Pausch             
              J. Chem. Phys. 157: 204102 (2022)               
          Relativistic all-electron 2c calculations           
              An efficient implementation of two-component    
              relativistic exact-decoupling methods for large 
              molecules                                       
              D. Peng, N. Middendorf, F. Weigend, M. Reiher   
              J. Chem. Phys. 138: 184105 (2013)               
          Finite nucleus model and SNSO approximation         
              Efficient implementation of one- and two-       
              component analytical energy gradients in exact  
              two-component theory                            
              Y. J. Franzke, N. Middendorf, F. Weigend        
              J. Chem. Phys. 148: 104110 (2018)               
          Grids for all-electron relativistic methods         
              Error-consistent segmented contracted all-      
              electron relativistic basis sets of double-     
              and triple-zeta quality for NMR shielding       
              constants                                       
              Y. J. Franzke, R. Tress, T. M. Pazdera,         
              F. Weigend                                      
              Phys. Chem. Chem. Phys. 21: 166658 (2019)       
          Seminumerical exchange algorithms                   
              Seminumerical calculation of the Hartree-Fock   
              exchange matirx: Application to two-component   
              procedures and efficient evaluation of local    
              hybrid functionsl                               
              P. Plessow, F. Weigend,                         
              J. Comput. Chem. 33: 810 (2012)                 
          Improved seminumerical algorithms                   
              C. Holzer,                                      
              J. Chem. Phys. 153 (2020), 184115               





              +--------------------------------------------------+
              |      general information about current run       |
              +--------------------------------------------------+

 
 Becke-3-Parameter hybrid functional: B3-LYP
 exchange:    0.8*LDA + 0.72*B88 + 0.2*HF
 correlation: 0.19*LDA(VWN) + 0.81*LYP
 A Hybrid-DFT calculation using the RI-J approximation will be carried out.
 Allocatable memory for RI due to $ricore (MB):                   100
 Multipole approximation for Coulomb integrals is used

   *************************************************************************
   opt_final_Gemcitabine_53                                                 
   *************************************************************************




              +--------------------------------------------------+
              | Atomic coordinate, charge and isotop information |
              +--------------------------------------------------+

                    atomic coordinates            atom    charge  isotop
          9.73994507    1.00321354   -0.15603460    n      7.000     0
          7.29282733    0.42132087    0.02014874    c      6.000     0
          6.59847732   -1.79236832    0.96778190    n      7.000     0
          4.13199644   -2.45236576    1.17227421    c      6.000     0
          3.42771704   -4.51235252    2.00221645    o      8.000     0
          2.28915007   -0.67363580    0.38303253    n      7.000     0
          2.97033441    1.61665963   -0.59437818    c      6.000     0
          5.42984956    2.19403924   -0.80220095    c      6.000     0
          6.19635265    4.45120445   -1.73678439    f      9.000     0
         -0.37230358   -1.32842263    0.62747337    c      6.000     0
         -1.79597605    0.82048769    1.31621096    o      8.000     0
         -3.95999329    1.14861508   -0.35026671    c      6.000     0
         -6.14110272    2.12902213    1.21710514    c      6.000     0
         -8.11561126    2.76568976   -0.50792085    o      8.000     0
         -4.35283556   -1.41757231   -1.61445639    c      6.000     0
         -5.68298857   -3.04994576    0.02532878    o      8.000     0
         -1.59729218   -2.28050771   -1.84339254    c      6.000     0
         -0.49367208   -1.15582125   -3.90391813    f      9.000     0
         -1.33014050   -4.81797724   -2.15060921    f      9.000     0
         10.31779157    2.67454941   -0.86083212    h      1.000     0
         11.05427073   -0.24107086    0.44105328    h      1.000     0
          1.48689481    2.90979158   -1.12696746    h      1.000     0
         -0.49496814   -2.80488425    2.05164421    h      1.000     0
         -3.47878945    2.54023353   -1.79893369    h      1.000     0
         -5.49627847    3.79252810    2.26302236    h      1.000     0
         -6.74922109    0.68582102    2.55923596    h      1.000     0
         -9.58660844    3.24028255    0.45989699    h      1.000     0
         -5.24326155   -1.25954549   -3.46609446    h      1.000     0
         -6.04456409   -4.60698870   -0.85803702    h      1.000     0
 
       center of nuclear mass  :    0.62529004   -0.37581136   -0.39933807
       center of nuclear charge:    0.54573018   -0.33775277   -0.36398497

              +--------------------------------------------------+
              |               basis set information              |
              +--------------------------------------------------+

              we will work with the 1s 3p 5d 7f 9g ... basis set
              ...i.e. with spherical basis functions...

   type   atoms  prim   cont   basis
   ---------------------------------------------------------------------------
    o        4     34     19   def-TZVP   [5s3p1d|11s6p1d]
    n        3     34     19   def-TZVP   [5s3p1d|11s6p1d]
    h       10      8      6   def-TZVP   [3s1p|5s1p]
    f        3     34     19   def-TZVP   [5s3p1d|11s6p1d]
    c        9     34     19   def-TZVP   [5s3p1d|11s6p1d]
   ---------------------------------------------------------------------------
   total:   29    726    421
   ---------------------------------------------------------------------------

   total number of primitive shells          :   78
   total number of contracted shells         :  211
   total number of cartesian basis functions :  440
   total number of SCF-basis functions       :  421


 integral neglect threshold       :  0.76E-10
 integral storage threshold THIZE :  0.10E-04
 integral storage threshold THIME :         5

 RI-J AUXILIARY BASIS SET information:

              we will work with the 1s 3p 5d 7f 9g ... basis set
              ...i.e. with spherical basis functions...

   type   atoms  prim   cont   basis
   ---------------------------------------------------------------------------
    o        4     40     38   def-TZVP   [7s3p3d1f|9s3p3d1f]
    n        3     40     38   def-TZVP   [7s3p3d1f|9s3p3d1f]
    h       10     10      9   def-TZVP   [3s2p|4s2p]
    f        3     45     43   def-TZVP   [7s3p4d1f|9s3p4d1f]
    c        9     40     38   def-TZVP   [7s3p3d1f|9s3p3d1f]
   ---------------------------------------------------------------------------
   total:   29    875    827
   ---------------------------------------------------------------------------

   total number of primitive shells          :   71
   total number of contracted shells         :  319
   total number of cartesian basis functions :  944
   total number of SCF-basis functions       :  827


 symmetry group of the molecule :   c1 

 the group has the following generators :
   c1(z)

    1 symmetry operations found

 there are 1 real representations :   a   

 maximum number of shells which are related by symmetry :  1

  
           ------------------
           density functional
           ------------------
 Becke-3-Parameter hybrid functional: B3-LYP
 exchange:    0.8*LDA + 0.72*B88 + 0.2*HF
 correlation: 0.19*LDA(VWN) + 0.81*LYP
 iterations will be done with small grid
  
 spherical integration : Lebedev's spherical grid
 spherical gridsize    :                     3
    i.e. gridpoints    :                   302
  maximum batchsize    :                   100
 value for diffuse not defined
 radial integration    : Chebyshev 2nd kind (scaling 3)
 radial gridsize       :                     3
 integration cells     :                    29
 partition function    : becke
 partition sharpness   :                     3
  
 
 Derivatives of quadrature weights will be included
 

 biggest AO integral is expected to be     9.133500319

          ------------------------
          nuclear repulsion energy  :   1605.40726390    
          ------------------------

      -----------------------------------------------------------      
     |                   =====================                   |     
     |                        D F T - D 4                        |     
     |                   =====================                   |     
     |                         S. Grimme                         |     
     |          Mulliken Center for Theoretical Chemistry        |     
     |                    University of Bonn                     |     
      -----------------------------------------------------------      

           -------------------------------------------------
          |                Calculation Setup                |
           -------------------------------------------------
   charge               :      0
   non-additivity corr. : ATM
   charge model         : EEQ
   damping parameters
   s6                   :     1.0000
   s8                   :     2.0293
   a1                   :     0.4087
   a2                   :     4.5381

        q(ref)        CN(ref)   cov. CN(ref)  alpha(AIM,ref)
     0.0000000      0.0000000      0.0000000      7.5385089
    -0.3529859      0.9944072      0.8582779      8.6583057
    -0.3012579      2.0142722      1.8398511      7.9579326
    -0.8242972      2.9902642      2.5803990      9.7489831
     0.0000000      0.9999895      0.9808553      5.8062716
        q(ref)        CN(ref)   cov. CN(ref)  alpha(AIM,ref)
     0.0000000      0.0000000      0.0000000     12.3555336
    -0.1712371      0.9867893      0.9189476     12.8040100
    -0.1421000      1.9984766      1.9078606      9.6347083
    -0.2225085      2.9987259      2.8312240      9.6866280
    -0.2565392      3.9843988      3.7487004      7.6947605
    -0.1044135      3.1417713      2.9183271      9.3751067
     0.2103031      0.9999501      0.8556099      7.7402501
        q(ref)        CN(ref)   cov. CN(ref)  alpha(AIM,ref)
     0.0000000      0.0000000      0.0000000      5.1967092
    -0.3547147      0.9924594      0.8041679      6.1223924
    -0.5988153      1.9886928      1.6112394      6.7491941
     0.0000000      0.9985672      0.9798440      5.1987934
        q(ref)        CN(ref)   cov. CN(ref)  alpha(AIM,ref)
     0.0000000      0.0000000      0.0000000      3.6338389
    -0.2477392      0.9982036      0.7407699      3.9524034
        q(ref)        CN(ref)   cov. CN(ref)  alpha(AIM,ref)
     0.0000000      0.0000000      0.0000000      5.0540161
     0.0000000      0.9117922      0.8942243      2.7207580
========================================================================
 Edisp  /kcal,au:   -35.1423  -0.0560028325
========================================================================
 nuclear repulsion energy                  =    1605.407263900
  DFT-D4 Energy contribution               =      -0.056002833
 nuclear repulsion + dispersion correction =    1605.351261067


         -----------------
         -S,T+V- integrals
         -----------------

 1e-integrals will be neglected if expon. factor < 0.759537E-11
 
 Difference densities algorithm switched on.
 The maximal number of linear combinations of
 difference densities is  20.

Diagonalization of Fock matrix in last SCF iteration activated ...


 DIIS switched on: error vector is FDS-SDF
 Max. Iterations for DIIS is     :   4
 DIIS matrix (see manual) 
    Scaling factor of diagonals  :  1.200
    threshold for scaling factor :  0.000

 scf convergence criterion : increment of total energy < .1000000D-05
                  and increment of one-electron energy < .1000000D-02

 MOs are in ASCII format !


    mo occupation :
   irrep   mo's   occupied
    a      421       72
 
 number of basis functions   :   421
 number of occupied orbitals :    72
 

 reading orbital data $scfmo  from file mos
 orbital characterization : expanded
 virtual MOs provided and orthogonalized by Cholesky decomposition

 automatic virtual orbital shift switched on 
      shift if e(lumo)-e(homo) < 0.10000000    

  
           ------------------------
               RI-J - INFORMATION
           ------------------------
 
    +---------------- Multipole Accelerated RI-J ---------------+
    -------------------------------------------------------------
      Number of bins for density partition        :  8
      Maximum multipole moment used               : 14
      Multipole precision parameter               :  1.0000E-08
      Threshold for moment summation              :  1.0000E-24
      Minimum separation between boxes            :  0.0000E+00
      Maximum allowed extent                      :  2.0000E+01
    +-----------------------------------------------------------+
 
 Extensions and centers of shell-pairs:
  number of shells with a single center:    15151
  number of shells with double centers:       440
 Contributions to RI integral batches: 
  neglected integral batches:                      6775
  multipole/direct contribution:                  11153
  multipole/memory contribution:                   4438
 Memory core needed for (P|Q) and Cholesky      6 MByte
 Memory core minimum needed except of (P|Q)     1 MByte
 Total minimum memory core needed (sum)         6 MByte
  
 ****************************************
 Memory allocated for RI-J   100 MByte
 ****************************************
                                            

 DSCF restart information will be dumped onto file mos


 Starting SCF iterations

          Overall gridpoints after grid construction =         41446
 Ordering of quadrature gridpoints disabled.
 Caution, gridordering can improve performance!

 ITERATION  ENERGY          1e-ENERGY        2e-ENERGY     NORM[dD(SAO)]  TOL
   1  -1109.6403215737    -4702.7068745     1987.7152919    0.000D+00 0.758D-10
                            Exc = -112.208951164     Coul =  2126.65674004    
                            exK = -26.7324970064    
                              N = 143.99820849    
                            current damping = 0.700
 
          max. resid. norm for Fia-block=  3.948D-01 for orbital     54a         
          max. resid. fock norm         =  1.268D+01 for orbital    200a         

 ITERATION  ENERGY          1e-ENERGY        2e-ENERGY     NORM[dD(SAO)]  TOL
   2  -1112.9046164745    -4713.8956467     1995.6397691    0.286D+01 0.581D-10
                            Exc = -111.747997363      Eck =  2107.38776648    
                              N = 143.99878896    
                            current damping = 0.650
 
          Norm of current diis error:  2.9854    
          max. resid. norm for Fia-block=  1.553D-01 for orbital      7a         
          max. resid. fock norm         =  2.246D-01 for orbital    401a         

 ITERATION  ENERGY          1e-ENERGY        2e-ENERGY     NORM[dD(SAO)]  TOL
   3  -1113.3886623764    -4720.2215078     2001.4815843    0.137D+01 0.387D-10
                            Exc = -112.231557159      Eck =  2113.71314148    
                              N = 143.99922042    
                            current damping = 0.550
 
          Norm of current diis error:  1.4221    
          max. resid. norm for Fia-block=  6.160D-02 for orbital      7a         
          max. resid. fock norm         =  8.065D-02 for orbital     75a         

 ITERATION  ENERGY          1e-ENERGY        2e-ENERGY     NORM[dD(SAO)]  TOL
   4  -1113.5366330023    -4719.9625108     2001.0746167    0.836D+00 0.325D-10
                            Exc = -112.057094576      Eck =  2113.13171132    
                              N = 143.99942690    
                            current damping = 0.600
 
          Norm of current diis error: 0.54271    
          max. resid. norm for Fia-block=  2.927D-02 for orbital     28a         
          max. resid. fock norm         =  4.947D-02 for orbital     28a         

 ITERATION  ENERGY          1e-ENERGY        2e-ENERGY     NORM[dD(SAO)]  TOL
   5  -1113.5597012882    -4721.2918799     2002.3809176    0.244D+00 0.297D-10
                            Exc = -112.188292675      Eck =  2114.56921026    
                              N = 143.99951650    
                            current damping = 0.650
 
          Norm of current diis error: 0.25189    
          max. resid. norm for Fia-block=  1.162D-02 for orbital     72a         
          max. resid. fock norm         =  1.399D-02 for orbital    285a         
          mo-orthogonalization: Cholesky decomposition

 ITERATION  ENERGY          1e-ENERGY        2e-ENERGY     NORM[dD(SAO)]  TOL
   6  -1113.5652184788    -4721.4944763     2002.5779967    0.906D-01 0.281D-10
                            Exc = -112.167381678      Eck =  2114.74537841    
                              N = 143.99954444    
                            current damping = 0.500
 
          Norm of current diis error: 0.10770    
          max. resid. norm for Fia-block=  5.710D-03 for orbital     69a         
          max. resid. fock norm         =  1.082D-02 for orbital     28a         

 ITERATION  ENERGY          1e-ENERGY        2e-ENERGY     NORM[dD(SAO)]  TOL
   7  -1113.5662509584    -4721.3267484     2002.4092364    0.418D-01 0.271D-10
                            Exc = -112.163838099      Eck =  2114.57307446    
                              N = 143.99955161    
                            current damping = 0.550
 
          Norm of current diis error: 0.46182E-01
          max. resid. norm for Fia-block=  1.858D-03 for orbital     72a         
          max. resid. fock norm         =  2.889D-03 for orbital     29a         

 ITERATION  ENERGY          1e-ENERGY        2e-ENERGY     NORM[dD(SAO)]  TOL
   8  -1113.5664366550    -4721.4667501     2002.5490524    0.106D-01 0.266D-10
                            Exc = -112.172161707      Eck =  2114.72121411    
                              N = 143.99955689    
                            current damping = 0.600
 
          Norm of current diis error: 0.14390E-01
          max. resid. norm for Fia-block=  7.697D-04 for orbital     67a         
          max. resid. fock norm         =  1.301D-03 for orbital    416a         

 ITERATION  ENERGY          1e-ENERGY        2e-ENERGY     NORM[dD(SAO)]  TOL
   9  -1113.5664572615    -4721.4905222     2002.5728039    0.453D-02 0.263D-10
                            Exc = -112.173640120      Eck =  2114.74644399    
                              N = 143.99955783    
                            current damping = 0.450
 
          Norm of current diis error: 0.54996E-02
          max. resid. norm for Fia-block=  3.074D-04 for orbital     63a         
          max. resid. fock norm         =  3.635D-04 for orbital    413a         

 ITERATION  ENERGY          1e-ENERGY        2e-ENERGY     NORM[dD(SAO)]  TOL
  10  -1113.5664602777    -4721.4756118     2002.5578904    0.168D-02 0.260D-10
                            Exc = -112.171525661      Eck =  2114.72941608    
                              N = 143.99955802    
                            current damping = 0.500
 
          Norm of current diis error: 0.32397E-02
          max. resid. norm for Fia-block=  2.207D-04 for orbital     71a         
          max. resid. fock norm         =  3.291D-04 for orbital    316a         
          mo-orthogonalization: Cholesky decomposition

 ENERGY CONVERGED !

          Overall gridpoints after grid construction =        149590
 Ordering of quadrature gridpoints disabled.
 Caution, gridordering can improve performance!

 ITERATION  ENERGY          1e-ENERGY        2e-ENERGY     NORM[dD(SAO)]  TOL
  11  -1113.5664226761    -4721.4793815     2002.5616978    0.624D-03 0.259D-10
                            Exc = -112.172735125      Eck =  2114.73443293    
                              N = 143.99991443    
                            current damping = 0.550
 
          Norm of current diis error: 0.20283E-02
          max. resid. norm for Fia-block=  1.060D-04 for orbital     72a         
          max. resid. fock norm         =  1.338D-04 for orbital     72a         

 End of SCF iterations

   convergence criteria satisfied after    11 iterations


   *************************************************************************
   opt_final_Gemcitabine_53                                                 
   *************************************************************************


                  ------------------------------------------ 
                 |  total energy      =  -1113.56642267614  |
                  ------------------------------------------ 
                 :  kinetic energy    =   1109.40312309873  :
                 :  potential energy  =  -2222.96954577487  :
                 :  virial theorem    =      1.99626129210  :
                 :  wavefunction norm =      1.00000000000  :
                  .......................................... 


 <geterg> : there is no data group $energy 


 <skperg> : $end is missing 


 orbitals $scfmo  will be written to file mos

    irrep                 68a         69a         70a         71a         72a   
 eigenvalues H         -0.29629    -0.28074    -0.26810    -0.25711    -0.23513
            eV          -8.0624     -7.6393     -7.2955     -6.9964     -6.3984
 occupation              2.0000      2.0000      2.0000      2.0000      2.0000

    irrep                 73a         74a         75a         76a         77a   
 eigenvalues H         -0.05225     0.00485     0.01225     0.01826     0.02049
            eV          -1.4219      0.1320      0.3334      0.4969      0.5576
 
 
 
 
 ==============================================================================
                           electrostatic moments
 ==============================================================================

 reference point for electrostatic moments:    0.00000   0.00000   0.00000

 
              nuc           elec       ->  total
 ------------------------------------------------------------------------------
                          charge      
 ------------------------------------------------------------------------------
         144.000000    -144.000000      -0.000000
 
 ------------------------------------------------------------------------------
                       dipole moment  
 ------------------------------------------------------------------------------
   x      78.585146     -79.268117      -0.682972
   y     -48.636399      50.429463       1.793065
   z     -52.413836      51.888154      -0.525682
 
   | dipole moment | =     1.9894 a.u. =     5.0567 debye 
 
 ------------------------------------------------------------------------------
                     quadrupole moment
 ------------------------------------------------------------------------------
  xx    3850.755072   -3906.496253     -55.741181
  yy     984.692132   -1071.936900     -87.244768
  zz     358.218058    -441.674140     -83.456082
  xy     123.194378    -113.366161       9.828216
  xz      58.177426     -62.839730      -4.662304
  yz      -8.553602      14.356400       5.802798
 
     1/3  trace=     -75.480677
     anisotropy=      36.653555
 
 ==============================================================================
 
HOMO-LUMO Separation
 HOMO         :   -0.23513391 H =     -6.39832 eV
 LUMO         :   -0.05225435 H =     -1.42191 eV
 HOMO-LUMO gap:    0.18287956 H =     +4.97641 eV
 
 ==============================================================================


    ------------------------------------------------------------------------
         total  cpu-time :  6 minutes and  4 seconds
         total wall-time :  6 minutes and  4 seconds
    ------------------------------------------------------------------------

   ****  ridft : all done  ****


    2026-04-21 04:05:44.895 

