 operating system is UNIX !

 ridft (login1) : TURBOMOLE rev. V7-8-1 compiled 26 Feb 2024 at 17:12:58
 Copyright (C) 2024 TURBOMOLE GmbH, Karlsruhe


    2026-04-20 15:31:15.366 



                                  r i d f t

                        DFT program with RI approximation 
                                for coulomb part 





                                 References:     
                                                 
          TURBOMOLE:                             
              R. Ahlrichs, M. Baer, M. Haeser, H. Horn, and
              C. Koelmel
              Electronic structure calculations on workstation
              computers: the program system TURBOMOLE
              Chem. Phys. Lett. 162: 165 (1989)
          Density Functional:                              
              O. Treutler and R. Ahlrichs                      
              Efficient Molecular Numerical Integration Schemes
              J. Chem. Phys. 102: 346 (1995)                   
          Parallel Version:                                
              Performance of parallel TURBOMOLE for Density    
              Functional Calculations                          
              M. v. Arnim and R. Ahlrichs                      
              J. Comp. Chem. 19: 1746 (1998)                   
          RI-J Method:                                     
              Auxiliary Basis Sets to approximate Coulomb      
              Potentials                                       
              Chem. Phys. Lett. 240: 283 (1995)                
              K. Eichkorn, O. Treutler, H. Oehm, M. Haeser     
              and R. Ahlrichs                                  
              Chem. Phys. Lett. 242: 652 (1995)                
                                                           
              Auxiliary Basis Sets for Main Row Atoms and their
              Use to approximate Coulomb Potentials            
              K. Eichkorn, F. Weigend, O. Treutler and         
              R. Ahlrichs                                      
              Theo. Chem. Acc. 97: 119 (1997)                  
                                                           
              Accurate Coulomb-fitting basis sets for H to Rn 
              F. Weigend                                       
              Phys. Chem. Chem. Phys. 8: 1057 (2006)           
                                                           
          Multipole accelerated RI-J (MARI-J):             
              Fast evaluation of the Coulomb potential for     
              electron densities using multipole accelerated   
              resolution of identity approximation             
              M. Sierka, A. Hogekamp and R. Ahlrichs           
              J. Chem. Phys. 118: 9136 (2003)                  
          RI-JK Method:                                     
              A fully direct RI-HF algorithm: Implementation,
              optimised auxiliary basis sets, demonstration of
              accuracy and efficiency                         
              F. Weigend                                      
              Phys. Chem. Chem. Phys. 4: 4285 (2002)           
          Two-component HF and DFT with spin-orbit coupling:  
              Self-consistent treatment of spin-orbit         
              interactions with efficient Hartree-Fock and    
              density functional methods                      
              M. K. Armbruster, F. Weigend, C. van Wüllen and 
              W. Klopper                                      
              Phys. Chem. Chem. Phys. 10: 1748 (2008)         
          Two-component difference density and DIIS algorithm 
              Efficient two-component self-consistent field   
              procedures and gradients: implementation in     
              TURBOMOLE and application to Au20-              
              A. Baldes, F. Weigend                           
              Mol. Phys. 111: 2617 (2013)                     
          Relativistic current density functional theory      
              Current density functional framework for        
              spin-orbit coupling                             
              C. Holzer, Y. J. Franzke, A. Pausch             
              J. Chem. Phys. 157: 204102 (2022)               
          Relativistic all-electron 2c calculations           
              An efficient implementation of two-component    
              relativistic exact-decoupling methods for large 
              molecules                                       
              D. Peng, N. Middendorf, F. Weigend, M. Reiher   
              J. Chem. Phys. 138: 184105 (2013)               
          Finite nucleus model and SNSO approximation         
              Efficient implementation of one- and two-       
              component analytical energy gradients in exact  
              two-component theory                            
              Y. J. Franzke, N. Middendorf, F. Weigend        
              J. Chem. Phys. 148: 104110 (2018)               
          Grids for all-electron relativistic methods         
              Error-consistent segmented contracted all-      
              electron relativistic basis sets of double-     
              and triple-zeta quality for NMR shielding       
              constants                                       
              Y. J. Franzke, R. Tress, T. M. Pazdera,         
              F. Weigend                                      
              Phys. Chem. Chem. Phys. 21: 166658 (2019)       
          Seminumerical exchange algorithms                   
              Seminumerical calculation of the Hartree-Fock   
              exchange matirx: Application to two-component   
              procedures and efficient evaluation of local    
              hybrid functionsl                               
              P. Plessow, F. Weigend,                         
              J. Comput. Chem. 33: 810 (2012)                 
          Improved seminumerical algorithms                   
              C. Holzer,                                      
              J. Chem. Phys. 153 (2020), 184115               





              +--------------------------------------------------+
              |      general information about current run       |
              +--------------------------------------------------+

 
 Becke-3-Parameter hybrid functional: B3-LYP
 exchange:    0.8*LDA + 0.72*B88 + 0.2*HF
 correlation: 0.19*LDA(VWN) + 0.81*LYP
 A Hybrid-DFT calculation using the RI-J approximation will be carried out.
 Allocatable memory for RI due to $ricore (MB):                   100
 Multipole approximation for Coulomb integrals is used

   *************************************************************************
   opt_final_Citric_acid_1                                                  
   *************************************************************************




              +--------------------------------------------------+
              | Atomic coordinate, charge and isotop information |
              +--------------------------------------------------+

                    atomic coordinates            atom    charge  isotop
          1.01664289    4.19056814   -2.05583787    o      8.000     0
          0.35970379    3.22959612   -0.08685577    c      6.000     0
         -0.04718366    4.51522858    2.04007170    o      8.000     0
         -0.17725784    0.37727829    0.18290752    c      6.000     0
         -0.05617704   -0.44164493    2.72964113    o      8.000     0
         -2.95585466    0.01879002   -0.63730798    c      6.000     0
         -3.89019056   -2.61550487   -0.04659256    c      6.000     0
         -3.05176399   -4.54134059   -0.95702790    o      8.000     0
         -5.80591083   -2.59500824    1.61135930    o      8.000     0
          1.64367948   -1.09535974   -1.53988842    c      6.000     0
          4.41915249   -0.62475676   -1.09362360    c      6.000     0
          6.06814315   -1.12648520   -2.59214150    o      8.000     0
          4.89636321    0.39194364    1.19294718    o      8.000     0
          0.25544739    6.30239710    1.72436975    h      1.000     0
          1.66297618   -0.23352667    3.32382227    h      1.000     0
         -4.13525883    1.39060039    0.33937695    h      1.000     0
         -3.12766012    0.32909502   -2.66672719    h      1.000     0
         -6.35791208   -4.32409223    1.91301497    h      1.000     0
          1.26983947   -0.67950179   -3.51880060    h      1.000     0
          1.30803367   -3.11255727   -1.27163033    h      1.000     0
          6.70518786    0.64428098    1.40892297    h      1.000     0
 
       center of nuclear mass  :    0.20125012   -0.00997381   -0.03084899
       center of nuclear charge:    0.18136960   -0.00796955   -0.02323720

              +--------------------------------------------------+
              |               basis set information              |
              +--------------------------------------------------+

              we will work with the 1s 3p 5d 7f 9g ... basis set
              ...i.e. with spherical basis functions...

   type   atoms  prim   cont   basis
   ---------------------------------------------------------------------------
    o        7     34     19   def-TZVP   [5s3p1d|11s6p1d]
    h        8      8      6   def-TZVP   [3s1p|5s1p]
    c        6     34     19   def-TZVP   [5s3p1d|11s6p1d]
   ---------------------------------------------------------------------------
   total:   21    506    295
   ---------------------------------------------------------------------------

   total number of primitive shells          :   42
   total number of contracted shells         :  149
   total number of cartesian basis functions :  308
   total number of SCF-basis functions       :  295


 integral neglect threshold       :  0.11E-09
 integral storage threshold THIZE :  0.10E-04
 integral storage threshold THIME :         5

 RI-J AUXILIARY BASIS SET information:

              we will work with the 1s 3p 5d 7f 9g ... basis set
              ...i.e. with spherical basis functions...

   type   atoms  prim   cont   basis
   ---------------------------------------------------------------------------
    o        7     40     38   def-TZVP   [7s3p3d1f|9s3p3d1f]
    h        8     10      9   def-TZVP   [3s2p|4s2p]
    c        6     40     38   def-TZVP   [7s3p3d1f|9s3p3d1f]
   ---------------------------------------------------------------------------
   total:   21    600    566
   ---------------------------------------------------------------------------

   total number of primitive shells          :   38
   total number of contracted shells         :  222
   total number of cartesian basis functions :  644
   total number of SCF-basis functions       :  566


 symmetry group of the molecule :   c1 

 the group has the following generators :
   c1(z)

    1 symmetry operations found

 there are 1 real representations :   a   

 maximum number of shells which are related by symmetry :  1

  
           ------------------
           density functional
           ------------------
 Becke-3-Parameter hybrid functional: B3-LYP
 exchange:    0.8*LDA + 0.72*B88 + 0.2*HF
 correlation: 0.19*LDA(VWN) + 0.81*LYP
 iterations will be done with small grid
  
 spherical integration : Lebedev's spherical grid
 spherical gridsize    :                     3
    i.e. gridpoints    :                   302
  maximum batchsize    :                   100
 value for diffuse not defined
 radial integration    : Chebyshev 2nd kind (scaling 3)
 radial gridsize       :                     3
 integration cells     :                    21
 partition function    : becke
 partition sharpness   :                     3
  
 
 Derivatives of quadrature weights will be included
 

 biggest AO integral is expected to be     7.998976882

          ------------------------
          nuclear repulsion energy  :   873.177219057    
          ------------------------

      -----------------------------------------------------------      
     |                   =====================                   |     
     |                        D F T - D 4                        |     
     |                   =====================                   |     
     |                         S. Grimme                         |     
     |          Mulliken Center for Theoretical Chemistry        |     
     |                    University of Bonn                     |     
      -----------------------------------------------------------      

           -------------------------------------------------
          |                Calculation Setup                |
           -------------------------------------------------
   charge               :      0
   non-additivity corr. : ATM
   charge model         : EEQ
   damping parameters
   s6                   :     1.0000
   s8                   :     2.0293
   a1                   :     0.4087
   a2                   :     4.5381

        q(ref)        CN(ref)   cov. CN(ref)  alpha(AIM,ref)
     0.0000000      0.0000000      0.0000000      5.1967092
    -0.3547147      0.9924594      0.8041679      6.1223924
    -0.5988153      1.9886928      1.6112394      6.7491941
     0.0000000      0.9985672      0.9798440      5.1987934
        q(ref)        CN(ref)   cov. CN(ref)  alpha(AIM,ref)
     0.0000000      0.0000000      0.0000000     12.3555336
    -0.1712371      0.9867893      0.9189476     12.8040100
    -0.1421000      1.9984766      1.9078606      9.6347083
    -0.2225085      2.9987259      2.8312240      9.6866280
    -0.2565392      3.9843988      3.7487004      7.6947605
    -0.1044135      3.1417713      2.9183271      9.3751067
     0.2103031      0.9999501      0.8556099      7.7402501
        q(ref)        CN(ref)   cov. CN(ref)  alpha(AIM,ref)
     0.0000000      0.0000000      0.0000000      5.0540161
     0.0000000      0.9117922      0.8942243      2.7207580
========================================================================
 Edisp  /kcal,au:   -22.2053  -0.0353863408
========================================================================
 nuclear repulsion energy                  =     873.177219057
  DFT-D4 Energy contribution               =      -0.035386341
 nuclear repulsion + dispersion correction =     873.141832716


         -----------------
         -S,T+V- integrals
         -----------------

 1e-integrals will be neglected if expon. factor < 0.108505E-10
 
 Difference densities algorithm switched on.
 The maximal number of linear combinations of
 difference densities is  20.

Diagonalization of Fock matrix in last SCF iteration activated ...


 DIIS switched on: error vector is FDS-SDF
 Max. Iterations for DIIS is     :   4
 DIIS matrix (see manual) 
    Scaling factor of diagonals  :  1.200
    threshold for scaling factor :  0.000

 scf convergence criterion : increment of total energy < .1000000D-05
                  and increment of one-electron energy < .1000000D-02

 MOs are in ASCII format !


    mo occupation :
   irrep   mo's   occupied
    a      295       50
 
 number of basis functions   :   295
 number of occupied orbitals :    50
 

 reading orbital data $scfmo  from file mos
 orbital characterization : expanded
 virtual MOs provided and orthogonalized by Cholesky decomposition

 automatic virtual orbital shift switched on 
      shift if e(lumo)-e(homo) < 0.10000000    

  
           ------------------------
               RI-J - INFORMATION
           ------------------------
 
    +---------------- Multipole Accelerated RI-J ---------------+
    -------------------------------------------------------------
      Number of bins for density partition        :  8
      Maximum multipole moment used               : 14
      Multipole precision parameter               :  1.0000E-08
      Threshold for moment summation              :  1.0000E-24
      Minimum separation between boxes            :  0.0000E+00
      Maximum allowed extent                      :  2.0000E+01
    +-----------------------------------------------------------+
 
 Extensions and centers of shell-pairs:
  number of shells with a single center:     8731
  number of shells with double centers:       324
 Contributions to RI integral batches: 
  neglected integral batches:                      2120
  multipole/direct contribution:                   3730
  multipole/memory contribution:                   5325
 Memory core needed for (P|Q) and Cholesky      3 MByte
 Memory core minimum needed except of (P|Q)     1 MByte
 Total minimum memory core needed (sum)         3 MByte
  
 ****************************************
 Memory allocated for RI-J   100 MByte
 ****************************************
                                            

 DSCF restart information will be dumped onto file mos


 Starting SCF iterations

          Overall gridpoints after grid construction =         29469
 Ordering of quadrature gridpoints disabled.
 Caution, gridordering can improve performance!

 ITERATION  ENERGY          1e-ENERGY        2e-ENERGY     NORM[dD(SAO)]  TOL
   1  -756.83308119893    -2764.4599381     1134.4850242    0.000D+00 0.108D-09
                            Exc = -77.3798964395     Coul =  1230.29044282    
                            exK = -18.4255221949    
                              N = 100.00154590    
                            current damping = 0.700
 
          max. resid. norm for Fia-block=  3.790D-01 for orbital     41a         
          max. resid. fock norm         =  1.381D+01 for orbital    233a         

 ITERATION  ENERGY          1e-ENERGY        2e-ENERGY     NORM[dD(SAO)]  TOL
   2  -759.50853309923    -2771.2692890     1138.6189232    0.206D+01 0.788D-10
                            Exc = -76.8632878248      Eck =  1215.48221098    
                              N = 100.00153207    
                            current damping = 0.650
 
          Norm of current diis error:  2.5163    
          max. resid. norm for Fia-block=  1.615D-01 for orbital      7a         
          max. resid. fock norm         =  2.243D-01 for orbital    255a         

 ITERATION  ENERGY          1e-ENERGY        2e-ENERGY     NORM[dD(SAO)]  TOL
   3  -759.88206065946    -2775.2348828     1142.2109895    0.105D+01 0.558D-10
                            Exc = -77.1799366263      Eck =  1219.39092609    
                              N = 100.00136028    
                            current damping = 0.550
 
          Norm of current diis error:  1.1796    
          max. resid. norm for Fia-block=  6.489D-02 for orbital      7a         
          max. resid. fock norm         =  8.064D-02 for orbital    102a         

 ITERATION  ENERGY          1e-ENERGY        2e-ENERGY     NORM[dD(SAO)]  TOL
   4  -759.99542888647    -2774.9051658     1141.7679042    0.771D+00 0.461D-10
                            Exc = -77.0550677932      Eck =  1218.82297201    
                              N = 100.00129290    
                            current damping = 0.600
 
          Norm of current diis error: 0.45542    
          max. resid. norm for Fia-block=  2.899D-02 for orbital     19a         
          max. resid. fock norm         =  4.874D-02 for orbital    292a         

 ITERATION  ENERGY          1e-ENERGY        2e-ENERGY     NORM[dD(SAO)]  TOL
   5  -760.01362690983    -2775.6062964     1142.4508367    0.181D+00 0.419D-10
                            Exc = -77.1393184182      Eck =  1219.59015515    
                              N = 100.00123089    
                            current damping = 0.650
 
          Norm of current diis error: 0.21558    
          max. resid. norm for Fia-block=  1.147D-02 for orbital     45a         
          max. resid. fock norm         =  1.633D-02 for orbital    289a         
          mo-orthogonalization: Cholesky decomposition

 ITERATION  ENERGY          1e-ENERGY        2e-ENERGY     NORM[dD(SAO)]  TOL
   6  -760.01826206717    -2775.7414068     1142.5813121    0.669D-01 0.396D-10
                            Exc = -77.1255614549      Eck =  1219.70687351    
                              N = 100.00121715    
                            current damping = 0.500
 
          Norm of current diis error: 0.96612E-01
          max. resid. norm for Fia-block=  5.474D-03 for orbital     19a         
          max. resid. fock norm         =  1.270D-02 for orbital    291a         

 ITERATION  ENERGY          1e-ENERGY        2e-ENERGY     NORM[dD(SAO)]  TOL
   7  -760.01914870347    -2775.6016133     1142.4406319    0.289D-01 0.383D-10
                            Exc = -77.1211200812      Eck =  1219.56175200    
                              N = 100.00121117    
                            current damping = 0.550
 
          Norm of current diis error: 0.35459E-01
          max. resid. norm for Fia-block=  1.830D-03 for orbital     17a         
          max. resid. fock norm         =  2.381D-03 for orbital    246a         

 ITERATION  ENERGY          1e-ENERGY        2e-ENERGY     NORM[dD(SAO)]  TOL
   8  -760.01927590900    -2775.6877942     1142.5266856    0.738D-02 0.376D-10
                            Exc = -77.1289279750      Eck =  1219.65561360    
                              N = 100.00120554    
                            current damping = 0.600
 
          Norm of current diis error: 0.12107E-01
          max. resid. norm for Fia-block=  8.230D-04 for orbital     43a         
          max. resid. fock norm         =  1.054D-03 for orbital    294a         

 ITERATION  ENERGY          1e-ENERGY        2e-ENERGY     NORM[dD(SAO)]  TOL
   9  -760.01929357071    -2775.6960521     1142.5349258    0.375D-02 0.372D-10
                            Exc = -77.1283579965      Eck =  1219.66328382    
                              N = 100.00120529    
                            current damping = 0.450
 
          Norm of current diis error: 0.43887E-02
          max. resid. norm for Fia-block=  2.784D-04 for orbital     41a         
          max. resid. fock norm         =  5.453D-04 for orbital    292a         

 ITERATION  ENERGY          1e-ENERGY        2e-ENERGY     NORM[dD(SAO)]  TOL
  10  -760.01929587497    -2775.6870180     1142.5258894    0.134D-02 0.368D-10
                            Exc = -77.1275626759      Eck =  1219.65345209    
                              N = 100.00120475    
                            current damping = 0.500
 
          Norm of current diis error: 0.26991E-02
          max. resid. norm for Fia-block=  1.758D-04 for orbital     18a         
          max. resid. fock norm         =  4.193D-04 for orbital    294a         
          mo-orthogonalization: Cholesky decomposition

 ENERGY CONVERGED !

          Overall gridpoints after grid construction =        107113
 Ordering of quadrature gridpoints disabled.
 Caution, gridordering can improve performance!

 ITERATION  ENERGY          1e-ENERGY        2e-ENERGY     NORM[dD(SAO)]  TOL
  11  -760.01911622153    -2775.6882372     1142.5272882    0.529D-03 0.367D-10
                            Exc = -77.1280646665      Eck =  1219.65535290    
                              N = 99.999906248    
                            current damping = 0.550
 
          Norm of current diis error: 0.17911E-02
          max. resid. norm for Fia-block=  8.470D-05 for orbital     45a         
          max. resid. fock norm         =  1.955D-04 for orbital    293a         

 End of SCF iterations

   convergence criteria satisfied after    11 iterations


   *************************************************************************
   opt_final_Citric_acid_1                                                  
   *************************************************************************


                  ------------------------------------------ 
                 |  total energy      =   -760.01911622153  |
                  ------------------------------------------ 
                 :  kinetic energy    =    757.15443092906  :
                 :  potential energy  =  -1517.17354715059  :
                 :  virial theorem    =      1.99623077205  :
                 :  wavefunction norm =      1.00000000000  :
                  .......................................... 


 <geterg> : there is no data group $energy 


 <skperg> : $end is missing 


 orbitals $scfmo  will be written to file mos

    irrep                 46a         47a         48a         49a         50a   
 eigenvalues H         -0.33788    -0.32657    -0.29961    -0.29339    -0.28310
            eV          -9.1944     -8.8864     -8.1529     -7.9836     -7.7035
 occupation              2.0000      2.0000      2.0000      2.0000      2.0000

    irrep                 51a         52a         53a         54a         55a   
 eigenvalues H         -0.03219    -0.01316    -0.00286     0.00662     0.02297
            eV          -0.8760     -0.3580     -0.0777      0.1803      0.6251
 
 
 
 
 ==============================================================================
                           electrostatic moments
 ==============================================================================

 reference point for electrostatic moments:    0.00000   0.00000   0.00000

 
              nuc           elec       ->  total
 ------------------------------------------------------------------------------
                          charge      
 ------------------------------------------------------------------------------
         100.000000    -100.000000      -0.000000
 
 ------------------------------------------------------------------------------
                       dipole moment  
 ------------------------------------------------------------------------------
   x      18.136960     -18.509781      -0.372821
   y      -0.796955       1.485868       0.688913
   z      -2.323720       3.419175       1.095455
 
   | dipole moment | =     1.3467 a.u. =     3.4230 debye 
 
 ------------------------------------------------------------------------------
                     quadrupole moment
 ------------------------------------------------------------------------------
  xx    1234.852089   -1286.000597     -51.148507
  yy     720.492372    -774.218412     -53.726040
  zz     284.943184    -344.698136     -59.754952
  xy     285.884399    -282.498410       3.385989
  xz    -177.420343     185.465865       8.045522
  yz      45.824777     -45.590158       0.234619
 
     1/3  trace=     -54.876500
     anisotropy=      16.949405
 
 ==============================================================================
 
HOMO-LUMO Separation
 HOMO         :   -0.28309558 H =     -7.70343 eV
 LUMO         :   -0.03219374 H =     -0.87604 eV
 HOMO-LUMO gap:    0.25090184 H =     +6.82739 eV
 
 ==============================================================================


    ------------------------------------------------------------------------
         total  cpu-time :  2 minutes and 30 seconds
         total wall-time :  2 minutes and 30 seconds
    ------------------------------------------------------------------------

   ****  ridft : all done  ****


    2026-04-20 15:33:45.515 

