 operating system is UNIX !

 ridft (login1) : TURBOMOLE rev. V7-8-1 compiled 26 Feb 2024 at 17:12:58
 Copyright (C) 2024 TURBOMOLE GmbH, Karlsruhe


    2026-04-20 14:31:56.228 



                                  r i d f t

                        DFT program with RI approximation 
                                for coulomb part 





                                 References:     
                                                 
          TURBOMOLE:                             
              R. Ahlrichs, M. Baer, M. Haeser, H. Horn, and
              C. Koelmel
              Electronic structure calculations on workstation
              computers: the program system TURBOMOLE
              Chem. Phys. Lett. 162: 165 (1989)
          Density Functional:                              
              O. Treutler and R. Ahlrichs                      
              Efficient Molecular Numerical Integration Schemes
              J. Chem. Phys. 102: 346 (1995)                   
          Parallel Version:                                
              Performance of parallel TURBOMOLE for Density    
              Functional Calculations                          
              M. v. Arnim and R. Ahlrichs                      
              J. Comp. Chem. 19: 1746 (1998)                   
          RI-J Method:                                     
              Auxiliary Basis Sets to approximate Coulomb      
              Potentials                                       
              Chem. Phys. Lett. 240: 283 (1995)                
              K. Eichkorn, O. Treutler, H. Oehm, M. Haeser     
              and R. Ahlrichs                                  
              Chem. Phys. Lett. 242: 652 (1995)                
                                                           
              Auxiliary Basis Sets for Main Row Atoms and their
              Use to approximate Coulomb Potentials            
              K. Eichkorn, F. Weigend, O. Treutler and         
              R. Ahlrichs                                      
              Theo. Chem. Acc. 97: 119 (1997)                  
                                                           
              Accurate Coulomb-fitting basis sets for H to Rn 
              F. Weigend                                       
              Phys. Chem. Chem. Phys. 8: 1057 (2006)           
                                                           
          Multipole accelerated RI-J (MARI-J):             
              Fast evaluation of the Coulomb potential for     
              electron densities using multipole accelerated   
              resolution of identity approximation             
              M. Sierka, A. Hogekamp and R. Ahlrichs           
              J. Chem. Phys. 118: 9136 (2003)                  
          RI-JK Method:                                     
              A fully direct RI-HF algorithm: Implementation,
              optimised auxiliary basis sets, demonstration of
              accuracy and efficiency                         
              F. Weigend                                      
              Phys. Chem. Chem. Phys. 4: 4285 (2002)           
          Two-component HF and DFT with spin-orbit coupling:  
              Self-consistent treatment of spin-orbit         
              interactions with efficient Hartree-Fock and    
              density functional methods                      
              M. K. Armbruster, F. Weigend, C. van Wüllen and 
              W. Klopper                                      
              Phys. Chem. Chem. Phys. 10: 1748 (2008)         
          Two-component difference density and DIIS algorithm 
              Efficient two-component self-consistent field   
              procedures and gradients: implementation in     
              TURBOMOLE and application to Au20-              
              A. Baldes, F. Weigend                           
              Mol. Phys. 111: 2617 (2013)                     
          Relativistic current density functional theory      
              Current density functional framework for        
              spin-orbit coupling                             
              C. Holzer, Y. J. Franzke, A. Pausch             
              J. Chem. Phys. 157: 204102 (2022)               
          Relativistic all-electron 2c calculations           
              An efficient implementation of two-component    
              relativistic exact-decoupling methods for large 
              molecules                                       
              D. Peng, N. Middendorf, F. Weigend, M. Reiher   
              J. Chem. Phys. 138: 184105 (2013)               
          Finite nucleus model and SNSO approximation         
              Efficient implementation of one- and two-       
              component analytical energy gradients in exact  
              two-component theory                            
              Y. J. Franzke, N. Middendorf, F. Weigend        
              J. Chem. Phys. 148: 104110 (2018)               
          Grids for all-electron relativistic methods         
              Error-consistent segmented contracted all-      
              electron relativistic basis sets of double-     
              and triple-zeta quality for NMR shielding       
              constants                                       
              Y. J. Franzke, R. Tress, T. M. Pazdera,         
              F. Weigend                                      
              Phys. Chem. Chem. Phys. 21: 166658 (2019)       
          Seminumerical exchange algorithms                   
              Seminumerical calculation of the Hartree-Fock   
              exchange matirx: Application to two-component   
              procedures and efficient evaluation of local    
              hybrid functionsl                               
              P. Plessow, F. Weigend,                         
              J. Comput. Chem. 33: 810 (2012)                 
          Improved seminumerical algorithms                   
              C. Holzer,                                      
              J. Chem. Phys. 153 (2020), 184115               





              +--------------------------------------------------+
              |      general information about current run       |
              +--------------------------------------------------+

 
 Becke-3-Parameter hybrid functional: B3-LYP
 exchange:    0.8*LDA + 0.72*B88 + 0.2*HF
 correlation: 0.19*LDA(VWN) + 0.81*LYP
 A Hybrid-DFT calculation using the RI-J approximation will be carried out.
 Allocatable memory for RI due to $ricore (MB):                   100
 Multipole approximation for Coulomb integrals is used

   *************************************************************************
   opt_final_D-Galactose_43                                                 
   *************************************************************************




              +--------------------------------------------------+
              | Atomic coordinate, charge and isotop information |
              +--------------------------------------------------+

                    atomic coordinates            atom    charge  isotop
          6.06917554   -1.26267916    1.19031673    o      8.000     0
          4.59694996    0.21443496   -0.52801861    c      6.000     0
          1.94114900    0.40160202    0.54121478    c      6.000     0
          0.61665782    2.13620672   -1.08650915    o      8.000     0
         -1.88482321    2.67087248   -0.34137491    c      6.000     0
         -1.98224816    3.83730924    2.07664236    o      8.000     0
         -3.52733489    0.28790436   -0.14933733    c      6.000     0
         -3.99245626   -0.74876153   -2.58593691    o      8.000     0
         -2.21784534   -1.71635812    1.48433352    c      6.000     0
         -2.40120626   -1.06616103    4.10195875    o      8.000     0
          0.57195209   -2.12391861    0.74633739    c      6.000     0
          0.81391070   -3.43485204   -1.59487200    o      8.000     0
          7.72800029   -1.48464140    0.46667660    h      1.000     0
          4.53872307   -0.66120281   -2.39597218    h      1.000     0
          5.36639093    2.12565361   -0.70593076    h      1.000     0
          2.06149652    1.21060156    2.43895224    h      1.000     0
         -2.60961494    3.94264072   -1.79468153    h      1.000     0
         -1.03633806    5.40095452    2.02502875    h      1.000     0
         -5.30502871    0.80672045    0.76661801    h      1.000     0
         -5.19744494    0.32298674   -3.44123631    h      1.000     0
         -3.22907211   -3.50032960    1.25793733    h      1.000     0
         -2.08916699    0.73414234    4.26706424    h      1.000     0
          1.45903453   -3.20687268    2.26912335    h      1.000     0
         -0.29086059   -4.88625278   -1.56370112    h      1.000     0
 
       center of nuclear mass  :   -0.10466380   -0.06105933    0.32360443
       center of nuclear charge:   -0.09096800   -0.05312374    0.32210006

              +--------------------------------------------------+
              |               basis set information              |
              +--------------------------------------------------+

              we will work with the 1s 3p 5d 7f 9g ... basis set
              ...i.e. with spherical basis functions...

   type   atoms  prim   cont   basis
   ---------------------------------------------------------------------------
    o        6     34     19   def-TZVP   [5s3p1d|11s6p1d]
    h       12      8      6   def-TZVP   [3s1p|5s1p]
    c        6     34     19   def-TZVP   [5s3p1d|11s6p1d]
   ---------------------------------------------------------------------------
   total:   24    504    300
   ---------------------------------------------------------------------------

   total number of primitive shells          :   42
   total number of contracted shells         :  156
   total number of cartesian basis functions :  312
   total number of SCF-basis functions       :  300


 integral neglect threshold       :  0.11E-09
 integral storage threshold THIZE :  0.10E-04
 integral storage threshold THIME :         5

 RI-J AUXILIARY BASIS SET information:

              we will work with the 1s 3p 5d 7f 9g ... basis set
              ...i.e. with spherical basis functions...

   type   atoms  prim   cont   basis
   ---------------------------------------------------------------------------
    o        6     40     38   def-TZVP   [7s3p3d1f|9s3p3d1f]
    h       12     10      9   def-TZVP   [3s2p|4s2p]
    c        6     40     38   def-TZVP   [7s3p3d1f|9s3p3d1f]
   ---------------------------------------------------------------------------
   total:   24    600    564
   ---------------------------------------------------------------------------

   total number of primitive shells          :   38
   total number of contracted shells         :  228
   total number of cartesian basis functions :  636
   total number of SCF-basis functions       :  564


 symmetry group of the molecule :   c1 

 the group has the following generators :
   c1(z)

    1 symmetry operations found

 there are 1 real representations :   a   

 maximum number of shells which are related by symmetry :  1

  
           ------------------
           density functional
           ------------------
 Becke-3-Parameter hybrid functional: B3-LYP
 exchange:    0.8*LDA + 0.72*B88 + 0.2*HF
 correlation: 0.19*LDA(VWN) + 0.81*LYP
 iterations will be done with small grid
  
 spherical integration : Lebedev's spherical grid
 spherical gridsize    :                     3
    i.e. gridpoints    :                   302
  maximum batchsize    :                   100
 value for diffuse not defined
 radial integration    : Chebyshev 2nd kind (scaling 3)
 radial gridsize       :                     3
 integration cells     :                    24
 partition function    : becke
 partition sharpness   :                     3
  
 
 Derivatives of quadrature weights will be included
 

 biggest AO integral is expected to be     7.998976882

          ------------------------
          nuclear repulsion energy  :   848.572864111    
          ------------------------

      -----------------------------------------------------------      
     |                   =====================                   |     
     |                        D F T - D 4                        |     
     |                   =====================                   |     
     |                         S. Grimme                         |     
     |          Mulliken Center for Theoretical Chemistry        |     
     |                    University of Bonn                     |     
      -----------------------------------------------------------      

           -------------------------------------------------
          |                Calculation Setup                |
           -------------------------------------------------
   charge               :      0
   non-additivity corr. : ATM
   charge model         : EEQ
   damping parameters
   s6                   :     1.0000
   s8                   :     2.0293
   a1                   :     0.4087
   a2                   :     4.5381

        q(ref)        CN(ref)   cov. CN(ref)  alpha(AIM,ref)
     0.0000000      0.0000000      0.0000000      5.1967092
    -0.3547147      0.9924594      0.8041679      6.1223924
    -0.5988153      1.9886928      1.6112394      6.7491941
     0.0000000      0.9985672      0.9798440      5.1987934
        q(ref)        CN(ref)   cov. CN(ref)  alpha(AIM,ref)
     0.0000000      0.0000000      0.0000000     12.3555336
    -0.1712371      0.9867893      0.9189476     12.8040100
    -0.1421000      1.9984766      1.9078606      9.6347083
    -0.2225085      2.9987259      2.8312240      9.6866280
    -0.2565392      3.9843988      3.7487004      7.6947605
    -0.1044135      3.1417713      2.9183271      9.3751067
     0.2103031      0.9999501      0.8556099      7.7402501
        q(ref)        CN(ref)   cov. CN(ref)  alpha(AIM,ref)
     0.0000000      0.0000000      0.0000000      5.0540161
     0.0000000      0.9117922      0.8942243      2.7207580
========================================================================
 Edisp  /kcal,au:   -24.5922  -0.0391901053
========================================================================
 nuclear repulsion energy                  =     848.572864111
  DFT-D4 Energy contribution               =      -0.039190105
 nuclear repulsion + dispersion correction =     848.533674006


         -----------------
         -S,T+V- integrals
         -----------------

 1e-integrals will be neglected if expon. factor < 0.107114E-10
 
 Difference densities algorithm switched on.
 The maximal number of linear combinations of
 difference densities is  20.

Diagonalization of Fock matrix in last SCF iteration activated ...


 DIIS switched on: error vector is FDS-SDF
 Max. Iterations for DIIS is     :   4
 DIIS matrix (see manual) 
    Scaling factor of diagonals  :  1.200
    threshold for scaling factor :  0.000

 scf convergence criterion : increment of total energy < .1000000D-05
                  and increment of one-electron energy < .1000000D-02

 MOs are in ASCII format !


    mo occupation :
   irrep   mo's   occupied
    a      300       48
 
 number of basis functions   :   300
 number of occupied orbitals :    48
 

 reading orbital data $scfmo  from file mos
 orbital characterization : expanded
 virtual MOs provided and orthogonalized by Cholesky decomposition

 automatic virtual orbital shift switched on 
      shift if e(lumo)-e(homo) < 0.10000000    

  
           ------------------------
               RI-J - INFORMATION
           ------------------------
 
    +---------------- Multipole Accelerated RI-J ---------------+
    -------------------------------------------------------------
      Number of bins for density partition        :  8
      Maximum multipole moment used               : 14
      Multipole precision parameter               :  1.0000E-08
      Threshold for moment summation              :  1.0000E-24
      Minimum separation between boxes            :  0.0000E+00
      Maximum allowed extent                      :  2.0000E+01
    +-----------------------------------------------------------+
 
 Extensions and centers of shell-pairs:
  number of shells with a single center:     9871
  number of shells with double centers:       438
 Contributions to RI integral batches: 
  neglected integral batches:                      1937
  multipole/direct contribution:                   4127
  multipole/memory contribution:                   6182
 Memory core needed for (P|Q) and Cholesky      3 MByte
 Memory core minimum needed except of (P|Q)     1 MByte
 Total minimum memory core needed (sum)         3 MByte
  
 ****************************************
 Memory allocated for RI-J   100 MByte
 ****************************************
                                            

 DSCF restart information will be dumped onto file mos


 Starting SCF iterations

          Overall gridpoints after grid construction =         30785
 Ordering of quadrature gridpoints disabled.
 Caution, gridordering can improve performance!

 ITERATION  ENERGY          1e-ENERGY        2e-ENERGY     NORM[dD(SAO)]  TOL
   1  -684.70257554423    -2620.8924714     1087.6562219    0.000D+00 0.107D-09
                            Exc = -71.5563234119     Coul =  1176.23774838    
                            exK = -17.0252031118    
                              N = 96.004003971    
                            current damping = 0.700
 
          max. resid. norm for Fia-block=  3.040D-01 for orbital     39a         
          max. resid. fock norm         =  1.298D+01 for orbital    227a         

 ITERATION  ENERGY          1e-ENERGY        2e-ENERGY     NORM[dD(SAO)]  TOL
   2  -686.67009900052    -2624.5824620     1089.3786890    0.187D+01 0.759D-10
                            Exc = -71.1861945109      Eck =  1160.56488349    
                              N = 96.003452796    
                            current damping = 0.650
 
          Norm of current diis error:  2.4091    
          max. resid. norm for Fia-block=  1.362D-01 for orbital      6a         
          max. resid. fock norm         =  1.890D-01 for orbital     49a         

 ITERATION  ENERGY          1e-ENERGY        2e-ENERGY     NORM[dD(SAO)]  TOL
   3  -686.98555801555    -2627.5569033     1092.0376712    0.105D+01 0.557D-10
                            Exc = -71.5009747984      Eck =  1163.53864603    
                              N = 96.003105558    
                            current damping = 0.550
 
          Norm of current diis error:  1.1735    
          max. resid. norm for Fia-block=  5.405D-02 for orbital      6a         
          max. resid. fock norm         =  6.260D-02 for orbital     51a         

 ITERATION  ENERGY          1e-ENERGY        2e-ENERGY     NORM[dD(SAO)]  TOL
   4  -687.09049451263    -2626.9606754     1091.3365069    0.691D+00 0.459D-10
                            Exc = -71.3996839800      Eck =  1162.73619091    
                              N = 96.002995064    
                            current damping = 0.600
 
          Norm of current diis error: 0.43511    
          max. resid. norm for Fia-block=  2.171D-02 for orbital     19a         
          max. resid. fock norm         =  2.922D-02 for orbital    238a         

 ITERATION  ENERGY          1e-ENERGY        2e-ENERGY     NORM[dD(SAO)]  TOL
   5  -687.10751249116    -2627.9996496     1092.3584631    0.165D+00 0.414D-10
                            Exc = -71.4891475344      Eck =  1163.84761063    
                              N = 96.002922018    
                            current damping = 0.650
 
          Norm of current diis error: 0.18336    
          max. resid. norm for Fia-block=  1.009D-02 for orbital     40a         
          max. resid. fock norm         =  1.399D-02 for orbital    300a         
          mo-orthogonalization: Cholesky decomposition

 ITERATION  ENERGY          1e-ENERGY        2e-ENERGY     NORM[dD(SAO)]  TOL
   6  -687.11105843645    -2627.7017086     1092.0569762    0.783D-01 0.387D-10
                            Exc = -71.4666872004      Eck =  1163.52366340    
                              N = 96.002902028    
                            current damping = 0.700
 
          Norm of current diis error: 0.77183E-01
          max. resid. norm for Fia-block=  3.871D-03 for orbital     40a         
          max. resid. fock norm         =  9.559D-03 for orbital    300a         

 ITERATION  ENERGY          1e-ENERGY        2e-ENERGY     NORM[dD(SAO)]  TOL
   7  -687.11168043279    -2627.8129091     1092.1675546    0.179D-01 0.373D-10
                            Exc = -71.4750448059      Eck =  1163.64259944    
                              N = 96.002889000    
                            current damping = 0.750
 
          Norm of current diis error: 0.32442E-01
          max. resid. norm for Fia-block=  1.987D-03 for orbital     47a         
          max. resid. fock norm         =  3.594D-03 for orbital    300a         

 ITERATION  ENERGY          1e-ENERGY        2e-ENERGY     NORM[dD(SAO)]  TOL
   8  -687.11179810961    -2627.8549780     1092.2095059    0.845D-02 0.366D-10
                            Exc = -71.4789645756      Eck =  1163.68847051    
                              N = 96.002885079    
                            current damping = 0.600
 
          Norm of current diis error: 0.13869E-01
          max. resid. norm for Fia-block=  7.929D-04 for orbital     41a         
          max. resid. fock norm         =  1.193D-03 for orbital    300a         

 ITERATION  ENERGY          1e-ENERGY        2e-ENERGY     NORM[dD(SAO)]  TOL
   9  -687.11182348991    -2627.8432359     1092.1977384    0.129D-02 0.360D-10
                            Exc = -71.4780551019      Eck =  1163.67579352    
                              N = 96.002882792    
                            current damping = 0.650
 
          Norm of current diis error: 0.52177E-02
          max. resid. norm for Fia-block=  3.234D-04 for orbital     47a         
          max. resid. fock norm         =  3.571D-04 for orbital     47a         

 ITERATION  ENERGY          1e-ENERGY        2e-ENERGY     NORM[dD(SAO)]  TOL
  10  -687.11182705917    -2627.8498671     1092.2043660    0.552D-03 0.356D-10
                            Exc = -71.4786942298      Eck =  1163.68306024    
                              N = 96.002881873    
                            current damping = 0.700
 
          Norm of current diis error: 0.20673E-02
          max. resid. norm for Fia-block=  1.201D-04 for orbital     40a         
          max. resid. fock norm         =  1.542D-04 for orbital     47a         
          mo-orthogonalization: Cholesky decomposition

 ENERGY CONVERGED !

          Overall gridpoints after grid construction =        114091
 Ordering of quadrature gridpoints disabled.
 Caution, gridordering can improve performance!

 ITERATION  ENERGY          1e-ENERGY        2e-ENERGY     NORM[dD(SAO)]  TOL
  11  -687.11142335395    -2627.8519361     1092.2068388    0.204D-03 0.352D-10
                            Exc = -71.4784330720      Eck =  1163.68527184    
                              N = 96.000141364    
                            current damping = 0.550
 
          Norm of current diis error: 0.88208E-03
          max. resid. norm for Fia-block=  6.336D-05 for orbital     47a         
          max. resid. fock norm         =  6.768D-05 for orbital     47a         

 End of SCF iterations

   convergence criteria satisfied after    11 iterations


   *************************************************************************
   opt_final_D-Galactose_43                                                 
   *************************************************************************


                  ------------------------------------------ 
                 |  total energy      =   -687.11142335395  |
                  ------------------------------------------ 
                 :  kinetic energy    =    684.41184660499  :
                 :  potential energy  =  -1371.52326995894  :
                 :  virial theorem    =      1.99607112230  :
                 :  wavefunction norm =      1.00000000000  :
                  .......................................... 


 <geterg> : there is no data group $energy 


 <skperg> : $end is missing 


 orbitals $scfmo  will be written to file mos

    irrep                 44a         45a         46a         47a         48a   
 eigenvalues H         -0.30128    -0.28169    -0.27508    -0.27211    -0.25945
            eV          -8.1983     -7.6653     -7.4854     -7.4046     -7.0600
 occupation              2.0000      2.0000      2.0000      2.0000      2.0000

    irrep                 49a         50a         51a         52a         53a   
 eigenvalues H          0.01193     0.01521     0.02838     0.04120     0.06951
            eV           0.3246      0.4140      0.7723      1.1212      1.8915
 
 
 
 
 ==============================================================================
                           electrostatic moments
 ==============================================================================

 reference point for electrostatic moments:    0.00000   0.00000   0.00000

 
              nuc           elec       ->  total
 ------------------------------------------------------------------------------
                          charge      
 ------------------------------------------------------------------------------
          96.000000     -96.000000       0.000000
 
 ------------------------------------------------------------------------------
                       dipole moment  
 ------------------------------------------------------------------------------
   x      -8.732928       8.571957      -0.160971
   y      -5.099879       6.133953       1.034074
   z      30.921606     -31.421933      -0.500328
 
   | dipole moment | =     1.1600 a.u. =     2.9484 debye 
 
 ------------------------------------------------------------------------------
                     quadrupole moment
 ------------------------------------------------------------------------------
  xx     978.358750   -1023.686072     -45.327323
  yy     465.355562    -511.837418     -46.481857
  zz     344.098394    -403.318351     -59.219957
  xy    -115.650068     114.446172      -1.203896
  xz      -4.351440       6.848851       2.497410
  yz      32.390497     -30.907256       1.483241
 
     1/3  trace=     -50.343045
     anisotropy=      14.420749
 
 ==============================================================================
 
HOMO-LUMO Separation
 HOMO         :   -0.25944922 H =     -7.05998 eV
 LUMO         :    0.01192988 H =     +0.32463 eV
 HOMO-LUMO gap:    0.27137910 H =     +7.38461 eV
 
 ==============================================================================


    ------------------------------------------------------------------------
         total  cpu-time :  3 minutes and  3 seconds
         total wall-time :  3 minutes and  4 seconds
    ------------------------------------------------------------------------

   ****  ridft : all done  ****


    2026-04-20 14:34:59.684 

