 operating system is UNIX !

 ridft (login1) : TURBOMOLE rev. V7-8-1 compiled 26 Feb 2024 at 17:12:58
 Copyright (C) 2024 TURBOMOLE GmbH, Karlsruhe


    2026-04-20 18:00:54.242 



                                  r i d f t

                        DFT program with RI approximation 
                                for coulomb part 





                                 References:     
                                                 
          TURBOMOLE:                             
              R. Ahlrichs, M. Baer, M. Haeser, H. Horn, and
              C. Koelmel
              Electronic structure calculations on workstation
              computers: the program system TURBOMOLE
              Chem. Phys. Lett. 162: 165 (1989)
          Density Functional:                              
              O. Treutler and R. Ahlrichs                      
              Efficient Molecular Numerical Integration Schemes
              J. Chem. Phys. 102: 346 (1995)                   
          Parallel Version:                                
              Performance of parallel TURBOMOLE for Density    
              Functional Calculations                          
              M. v. Arnim and R. Ahlrichs                      
              J. Comp. Chem. 19: 1746 (1998)                   
          RI-J Method:                                     
              Auxiliary Basis Sets to approximate Coulomb      
              Potentials                                       
              Chem. Phys. Lett. 240: 283 (1995)                
              K. Eichkorn, O. Treutler, H. Oehm, M. Haeser     
              and R. Ahlrichs                                  
              Chem. Phys. Lett. 242: 652 (1995)                
                                                           
              Auxiliary Basis Sets for Main Row Atoms and their
              Use to approximate Coulomb Potentials            
              K. Eichkorn, F. Weigend, O. Treutler and         
              R. Ahlrichs                                      
              Theo. Chem. Acc. 97: 119 (1997)                  
                                                           
              Accurate Coulomb-fitting basis sets for H to Rn 
              F. Weigend                                       
              Phys. Chem. Chem. Phys. 8: 1057 (2006)           
                                                           
          Multipole accelerated RI-J (MARI-J):             
              Fast evaluation of the Coulomb potential for     
              electron densities using multipole accelerated   
              resolution of identity approximation             
              M. Sierka, A. Hogekamp and R. Ahlrichs           
              J. Chem. Phys. 118: 9136 (2003)                  
          RI-JK Method:                                     
              A fully direct RI-HF algorithm: Implementation,
              optimised auxiliary basis sets, demonstration of
              accuracy and efficiency                         
              F. Weigend                                      
              Phys. Chem. Chem. Phys. 4: 4285 (2002)           
          Two-component HF and DFT with spin-orbit coupling:  
              Self-consistent treatment of spin-orbit         
              interactions with efficient Hartree-Fock and    
              density functional methods                      
              M. K. Armbruster, F. Weigend, C. van Wüllen and 
              W. Klopper                                      
              Phys. Chem. Chem. Phys. 10: 1748 (2008)         
          Two-component difference density and DIIS algorithm 
              Efficient two-component self-consistent field   
              procedures and gradients: implementation in     
              TURBOMOLE and application to Au20-              
              A. Baldes, F. Weigend                           
              Mol. Phys. 111: 2617 (2013)                     
          Relativistic current density functional theory      
              Current density functional framework for        
              spin-orbit coupling                             
              C. Holzer, Y. J. Franzke, A. Pausch             
              J. Chem. Phys. 157: 204102 (2022)               
          Relativistic all-electron 2c calculations           
              An efficient implementation of two-component    
              relativistic exact-decoupling methods for large 
              molecules                                       
              D. Peng, N. Middendorf, F. Weigend, M. Reiher   
              J. Chem. Phys. 138: 184105 (2013)               
          Finite nucleus model and SNSO approximation         
              Efficient implementation of one- and two-       
              component analytical energy gradients in exact  
              two-component theory                            
              Y. J. Franzke, N. Middendorf, F. Weigend        
              J. Chem. Phys. 148: 104110 (2018)               
          Grids for all-electron relativistic methods         
              Error-consistent segmented contracted all-      
              electron relativistic basis sets of double-     
              and triple-zeta quality for NMR shielding       
              constants                                       
              Y. J. Franzke, R. Tress, T. M. Pazdera,         
              F. Weigend                                      
              Phys. Chem. Chem. Phys. 21: 166658 (2019)       
          Seminumerical exchange algorithms                   
              Seminumerical calculation of the Hartree-Fock   
              exchange matirx: Application to two-component   
              procedures and efficient evaluation of local    
              hybrid functionsl                               
              P. Plessow, F. Weigend,                         
              J. Comput. Chem. 33: 810 (2012)                 
          Improved seminumerical algorithms                   
              C. Holzer,                                      
              J. Chem. Phys. 153 (2020), 184115               





              +--------------------------------------------------+
              |      general information about current run       |
              +--------------------------------------------------+

 
 Becke-3-Parameter hybrid functional: B3-LYP
 exchange:    0.8*LDA + 0.72*B88 + 0.2*HF
 correlation: 0.19*LDA(VWN) + 0.81*LYP
 A Hybrid-DFT calculation using the RI-J approximation will be carried out.
 Allocatable memory for RI due to $ricore (MB):                   100
 Multipole approximation for Coulomb integrals is used

   *************************************************************************
   opt_final_L-Cysteine_29                                                  
   *************************************************************************




              +--------------------------------------------------+
              | Atomic coordinate, charge and isotop information |
              +--------------------------------------------------+

                    atomic coordinates            atom    charge  isotop
         -2.42375198   -2.03248589    1.31014941    n      7.000     0
         -0.62434591   -0.09554251    0.51133872    c      6.000     0
          2.06018134   -1.03225031    1.01375467    c      6.000     0
          4.53086477    1.21810909    0.04023338    s     16.000     0
         -0.91700530    0.54637445   -2.30150528    c      6.000     0
         -0.69582934   -1.01309617   -3.95843687    o      8.000     0
         -1.51866793    2.93733312   -2.91141091    o      8.000     0
         -4.22139103   -1.36869381    1.21605030    h      1.000     0
         -2.32183178   -3.55456123    0.14277588    h      1.000     0
         -0.96905505    1.59257935    1.64612361    h      1.000     0
          2.42712390   -2.73653700   -0.08400439    h      1.000     0
          2.27030644   -1.47339012    3.00896630    h      1.000     0
          4.03740322    3.01157200    1.79006967    h      1.000     0
         -1.63400134    4.00058902   -1.42410450    h      1.000     0
 
       center of nuclear mass  :    0.67444804    0.27946403   -0.76966857
       center of nuclear charge:    0.63301765    0.25998887   -0.67979057

              +--------------------------------------------------+
              |               basis set information              |
              +--------------------------------------------------+

              we will work with the 1s 3p 5d 7f 9g ... basis set
              ...i.e. with spherical basis functions...

   type   atoms  prim   cont   basis
   ---------------------------------------------------------------------------
    s        1     46     22   def-TZVP   [5s4p1d|14s9p1d]
    o        2     34     19   def-TZVP   [5s3p1d|11s6p1d]
    n        1     34     19   def-TZVP   [5s3p1d|11s6p1d]
    h        7      8      6   def-TZVP   [3s1p|5s1p]
    c        3     34     19   def-TZVP   [5s3p1d|11s6p1d]
   ---------------------------------------------------------------------------
   total:   14    306    178
   ---------------------------------------------------------------------------

   total number of primitive shells          :   84
   total number of contracted shells         :   92
   total number of cartesian basis functions :  185
   total number of SCF-basis functions       :  178


 integral neglect threshold       :  0.18E-09
 integral storage threshold THIZE :  0.10E-04
 integral storage threshold THIME :         5

 RI-J AUXILIARY BASIS SET information:

              we will work with the 1s 3p 5d 7f 9g ... basis set
              ...i.e. with spherical basis functions...

   type   atoms  prim   cont   basis
   ---------------------------------------------------------------------------
    s        1     71     40   def-TZVP   [5s3p2d1f1g|12s6p5d1f1g]
    o        2     40     38   def-TZVP   [7s3p3d1f|9s3p3d1f]
    n        1     40     38   def-TZVP   [7s3p3d1f|9s3p3d1f]
    h        7     10      9   def-TZVP   [3s2p|4s2p]
    c        3     40     38   def-TZVP   [7s3p3d1f|9s3p3d1f]
   ---------------------------------------------------------------------------
   total:   14    381    331
   ---------------------------------------------------------------------------

   total number of primitive shells          :   79
   total number of contracted shells         :  131
   total number of cartesian basis functions :  378
   total number of SCF-basis functions       :  331


 symmetry group of the molecule :   c1 

 the group has the following generators :
   c1(z)

    1 symmetry operations found

 there are 1 real representations :   a   

 maximum number of shells which are related by symmetry :  1

  
           ------------------
           density functional
           ------------------
 Becke-3-Parameter hybrid functional: B3-LYP
 exchange:    0.8*LDA + 0.72*B88 + 0.2*HF
 correlation: 0.19*LDA(VWN) + 0.81*LYP
 iterations will be done with small grid
  
 spherical integration : Lebedev's spherical grid
 spherical gridsize    :                     3
    i.e. gridpoints    :                   302
  maximum batchsize    :                   100
 value for diffuse not defined
 radial integration    : Chebyshev 2nd kind (scaling 3)
 radial gridsize       :                     3
 integration cells     :                    14
 partition function    : becke
 partition sharpness   :                     3
  
 
 Derivatives of quadrature weights will be included
 

 biggest AO integral is expected to be     9.804440325

          ------------------------
          nuclear repulsion energy  :   380.395598214    
          ------------------------

      -----------------------------------------------------------      
     |                   =====================                   |     
     |                        D F T - D 4                        |     
     |                   =====================                   |     
     |                         S. Grimme                         |     
     |          Mulliken Center for Theoretical Chemistry        |     
     |                    University of Bonn                     |     
      -----------------------------------------------------------      

           -------------------------------------------------
          |                Calculation Setup                |
           -------------------------------------------------
   charge               :      0
   non-additivity corr. : ATM
   charge model         : EEQ
   damping parameters
   s6                   :     1.0000
   s8                   :     2.0293
   a1                   :     0.4087
   a2                   :     4.5381

        q(ref)        CN(ref)   cov. CN(ref)  alpha(AIM,ref)
     0.0000000      0.0000000      0.0000000      7.5385089
    -0.3529859      0.9944072      0.8582779      8.6583057
    -0.3012579      2.0142722      1.8398511      7.9579326
    -0.8242972      2.9902642      2.5803990      9.7489831
     0.0000000      0.9999895      0.9808553      5.8062716
        q(ref)        CN(ref)   cov. CN(ref)  alpha(AIM,ref)
     0.0000000      0.0000000      0.0000000     12.3555336
    -0.1712371      0.9867893      0.9189476     12.8040100
    -0.1421000      1.9984766      1.9078606      9.6347083
    -0.2225085      2.9987259      2.8312240      9.6866280
    -0.2565392      3.9843988      3.7487004      7.6947605
    -0.1044135      3.1417713      2.9183271      9.3751067
     0.2103031      0.9999501      0.8556099      7.7402501
        q(ref)        CN(ref)   cov. CN(ref)  alpha(AIM,ref)
     0.0000000      0.0000000      0.0000000     19.6135101
    -0.1626723      0.9948413      0.9219850     20.4238955
    -0.2377517      1.9903438      1.8445381     20.5482906
        q(ref)        CN(ref)   cov. CN(ref)  alpha(AIM,ref)
     0.0000000      0.0000000      0.0000000      5.1967092
    -0.3547147      0.9924594      0.8041679      6.1223924
    -0.5988153      1.9886928      1.6112394      6.7491941
     0.0000000      0.9985672      0.9798440      5.1987934
        q(ref)        CN(ref)   cov. CN(ref)  alpha(AIM,ref)
     0.0000000      0.0000000      0.0000000      5.0540161
     0.0000000      0.9117922      0.8942243      2.7207580
========================================================================
 Edisp  /kcal,au:   -12.7178  -0.0202670471
========================================================================
 nuclear repulsion energy                  =     380.395598214
  DFT-D4 Energy contribution               =      -0.020267047
 nuclear repulsion + dispersion correction =     380.375331167


         -----------------
         -S,T+V- integrals
         -----------------

 1e-integrals will be neglected if expon. factor < 0.180647E-10
 
 Difference densities algorithm switched on.
 The maximal number of linear combinations of
 difference densities is  20.

Diagonalization of Fock matrix in last SCF iteration activated ...


 DIIS switched on: error vector is FDS-SDF
 Max. Iterations for DIIS is     :   4
 DIIS matrix (see manual) 
    Scaling factor of diagonals  :  1.200
    threshold for scaling factor :  0.000

 scf convergence criterion : increment of total energy < .1000000D-05
                  and increment of one-electron energy < .1000000D-02

 MOs are in ASCII format !


    mo occupation :
   irrep   mo's   occupied
    a      178       32
 
 number of basis functions   :   178
 number of occupied orbitals :    32
 

 reading orbital data $scfmo  from file mos
 orbital characterization : expanded
 virtual MOs provided and orthogonalized by Cholesky decomposition

 automatic virtual orbital shift switched on 
      shift if e(lumo)-e(homo) < 0.10000000    

  
           ------------------------
               RI-J - INFORMATION
           ------------------------
 
    +---------------- Multipole Accelerated RI-J ---------------+
    -------------------------------------------------------------
      Number of bins for density partition        :  8
      Maximum multipole moment used               : 14
      Multipole precision parameter               :  1.0000E-08
      Threshold for moment summation              :  1.0000E-24
      Minimum separation between boxes            :  0.0000E+00
      Maximum allowed extent                      :  2.0000E+01
    +-----------------------------------------------------------+
 
 Extensions and centers of shell-pairs:
  number of shells with a single center:     3758
  number of shells with double centers:       124
 Contributions to RI integral batches: 
  neglected integral batches:                       396
  multipole/direct contribution:                      0
  multipole/memory contribution:                   3882
 Memory core needed for (P|Q) and Cholesky      1 MByte
 Memory core minimum needed except of (P|Q)     1 MByte
 Total minimum memory core needed (sum)         2 MByte
  
 ****************************************
 Memory allocated for RI-J    48 MByte
 ****************************************
                                            

 DSCF restart information will be dumped onto file mos


 Starting SCF iterations

          Overall gridpoints after grid construction =         18615
 Ordering of quadrature gridpoints disabled.
 Caution, gridordering can improve performance!

 ITERATION  ENERGY          1e-ENERGY        2e-ENERGY     NORM[dD(SAO)]  TOL
   1  -720.13535324964    -1742.8725615     642.36187709    0.000D+00 0.180D-09
                            Exc = -55.4633738156     Coul =  711.120358911    
                            exK = -13.2951080014    
                              N = 63.999944920    
                            current damping = 0.700
 
          max. resid. norm for Fia-block=  2.420D+00 for orbital      1a         
          max. resid. fock norm         =  1.354D+01 for orbital    135a         

 ITERATION  ENERGY          1e-ENERGY        2e-ENERGY     NORM[dD(SAO)]  TOL
   2  -721.54842216759    -1744.8846590     642.96090572    0.108D+01 0.117D-09
                            Exc = -55.2035686819      Eck =  698.164474397    
                              N = 64.000036095    
                            current damping = 0.650
 
          Norm of current diis error:  1.9859    
          max. resid. norm for Fia-block=  9.200D-01 for orbital      1a         
          max. resid. fock norm         =  1.062D+00 for orbital      1a         

 ITERATION  ENERGY          1e-ENERGY        2e-ENERGY     NORM[dD(SAO)]  TOL
   3  -721.76832530994    -1745.9249602     643.78130372    0.608D+00 0.910D-10
                            Exc = -55.3013634121      Eck =  699.082667136    
                              N = 64.000074577    
                            current damping = 0.550
 
          Norm of current diis error: 0.93912    
          max. resid. norm for Fia-block=  3.489D-01 for orbital      1a         
          max. resid. fock norm         =  4.025D-01 for orbital      1a         

 ITERATION  ENERGY          1e-ENERGY        2e-ENERGY     NORM[dD(SAO)]  TOL
   4  -721.83824646886    -1745.8296190     643.61604140    0.327D+00 0.753D-10
                            Exc = -55.2434001414      Eck =  698.859441543    
                              N = 64.000053041    
                            current damping = 0.600
 
          Norm of current diis error: 0.35206    
          max. resid. norm for Fia-block=  1.236D-01 for orbital      1a         
          max. resid. fock norm         =  1.436D-01 for orbital      1a         

 ITERATION  ENERGY          1e-ENERGY        2e-ENERGY     NORM[dD(SAO)]  TOL
   5  -721.84898146469    -1746.0877197     643.86340702    0.138D+00 0.690D-10
                            Exc = -55.2823097114      Eck =  699.145716735    
                              N = 64.000068842    
                            current damping = 0.650
 
          Norm of current diis error: 0.17104    
          max. resid. norm for Fia-block=  4.575D-02 for orbital      1a         
          max. resid. fock norm         =  5.301D-02 for orbital      1a         
          mo-orthogonalization: Cholesky decomposition

 ITERATION  ENERGY          1e-ENERGY        2e-ENERGY     NORM[dD(SAO)]  TOL
   6  -721.85188423008    -1746.0602462     643.83303081    0.498D-01 0.653D-10
                            Exc = -55.2714267545      Eck =  699.104457564    
                              N = 64.000055965    
                            current damping = 0.700
 
          Norm of current diis error: 0.70402E-01
          max. resid. norm for Fia-block=  1.808D-02 for orbital      1a         
          max. resid. fock norm         =  2.101D-02 for orbital      1a         

 ITERATION  ENERGY          1e-ENERGY        2e-ENERGY     NORM[dD(SAO)]  TOL
   7  -721.85237999132    -1746.0437615     643.81605031    0.184D-01 0.633D-10
                            Exc = -55.2701050515      Eck =  699.086155358    
                              N = 64.000054634    
                            current damping = 0.550
 
          Norm of current diis error: 0.27646E-01
          max. resid. norm for Fia-block=  7.468D-03 for orbital      1a         
          max. resid. fock norm         =  8.690D-03 for orbital      1a         

 ITERATION  ENERGY          1e-ENERGY        2e-ENERGY     NORM[dD(SAO)]  TOL
   8  -721.85247055169    -1746.0653039     643.83750214    0.565D-02 0.620D-10
                            Exc = -55.2733021547      Eck =  699.110804297    
                              N = 64.000054488    
                            current damping = 0.600
 
          Norm of current diis error: 0.10370E-01
          max. resid. norm for Fia-block=  2.638D-03 for orbital      1a         
          max. resid. fock norm         =  3.064D-03 for orbital      1a         

 ITERATION  ENERGY          1e-ENERGY        2e-ENERGY     NORM[dD(SAO)]  TOL
   9  -721.85248458068    -1746.0645635     643.83674775    0.175D-02 0.610D-10
                            Exc = -55.2728288948      Eck =  699.109576647    
                              N = 64.000053722    
                            current damping = 0.650
 
          Norm of current diis error: 0.36566E-02
          max. resid. norm for Fia-block=  9.876D-04 for orbital      1a         
          max. resid. fock norm         =  1.147D-03 for orbital      1a         

 ENERGY CONVERGED !

          Overall gridpoints after grid construction =         68825
 Ordering of quadrature gridpoints disabled.
 Caution, gridordering can improve performance!

 ITERATION  ENERGY          1e-ENERGY        2e-ENERGY     NORM[dD(SAO)]  TOL
  10  -721.85241793131    -1746.0631198     643.83537074    0.587D-03 0.604D-10
                            Exc = -55.2725719534      Eck =  699.107942689    
                              N = 63.999955164    
                            current damping = 0.500
 
          Norm of current diis error: 0.18126E-02
          max. resid. norm for Fia-block=  3.906D-04 for orbital      1a         
          max. resid. fock norm         =  4.542D-04 for orbital      1a         

 End of SCF iterations

   convergence criteria satisfied after    10 iterations


   *************************************************************************
   opt_final_L-Cysteine_29                                                  
   *************************************************************************


                  ------------------------------------------ 
                 |  total energy      =   -721.85241793131  |
                  ------------------------------------------ 
                 :  kinetic energy    =    719.51237704929  :
                 :  potential energy  =  -1441.36479498060  :
                 :  virial theorem    =      1.99675828352  :
                 :  wavefunction norm =      1.00000000000  :
                  .......................................... 


 <geterg> : there is no data group $energy 


 <skperg> : $end is missing 


 orbitals $scfmo  will be written to file mos

    irrep                 28a         29a         30a         31a         32a   
 eigenvalues H         -0.34388    -0.33102    -0.29969    -0.26481    -0.25382
            eV          -9.3575     -9.0076     -8.1551     -7.2060     -6.9067
 occupation              2.0000      2.0000      2.0000      2.0000      2.0000

    irrep                 33a         34a         35a         36a         37a   
 eigenvalues H         -0.01312    -0.01171     0.01647     0.02231     0.05213
            eV          -0.3571     -0.3186      0.4482      0.6071      1.4186
 
 
 
 
 ==============================================================================
                           electrostatic moments
 ==============================================================================

 reference point for electrostatic moments:    0.00000   0.00000   0.00000

 
              nuc           elec       ->  total
 ------------------------------------------------------------------------------
                          charge      
 ------------------------------------------------------------------------------
          64.000000     -64.000000      -0.000000
 
 ------------------------------------------------------------------------------
                       dipole moment  
 ------------------------------------------------------------------------------
   x      40.513129     -41.116343      -0.603214
   y      16.639288     -16.010838       0.628450
   z     -43.506597      44.953206       1.446610
 
   | dipole moment | =     1.6886 a.u. =     4.2921 debye 
 
 ------------------------------------------------------------------------------
                     quadrupole moment
 ------------------------------------------------------------------------------
  xx     478.922273    -516.256095     -37.333822
  yy     189.909440    -222.971834     -33.062394
  zz     263.224426    -309.132476     -45.908050
  xy      85.456553     -86.191491      -0.734939
  xz      70.495286     -70.457208       0.038078
  yz     -72.364813      74.869607       2.504794
 
     1/3  trace=     -38.768089
     anisotropy=      12.199730
 
 ==============================================================================
 
HOMO-LUMO Separation
 HOMO         :   -0.25381593 H =     -6.90669 eV
 LUMO         :   -0.01312449 H =     -0.35714 eV
 HOMO-LUMO gap:    0.24069143 H =     +6.54955 eV
 
 ==============================================================================


    ------------------------------------------------------------------------
         total  cpu-time :  34.53 seconds
         total wall-time :  35.13 seconds
    ------------------------------------------------------------------------

   ****  ridft : all done  ****


    2026-04-20 18:01:29.344 

