 operating system is UNIX !

 ridft (login1) : TURBOMOLE rev. V7-8-1 compiled 26 Feb 2024 at 17:12:58
 Copyright (C) 2024 TURBOMOLE GmbH, Karlsruhe


    2026-04-20 14:56:32.739 



                                  r i d f t

                        DFT program with RI approximation 
                                for coulomb part 





                                 References:     
                                                 
          TURBOMOLE:                             
              R. Ahlrichs, M. Baer, M. Haeser, H. Horn, and
              C. Koelmel
              Electronic structure calculations on workstation
              computers: the program system TURBOMOLE
              Chem. Phys. Lett. 162: 165 (1989)
          Density Functional:                              
              O. Treutler and R. Ahlrichs                      
              Efficient Molecular Numerical Integration Schemes
              J. Chem. Phys. 102: 346 (1995)                   
          Parallel Version:                                
              Performance of parallel TURBOMOLE for Density    
              Functional Calculations                          
              M. v. Arnim and R. Ahlrichs                      
              J. Comp. Chem. 19: 1746 (1998)                   
          RI-J Method:                                     
              Auxiliary Basis Sets to approximate Coulomb      
              Potentials                                       
              Chem. Phys. Lett. 240: 283 (1995)                
              K. Eichkorn, O. Treutler, H. Oehm, M. Haeser     
              and R. Ahlrichs                                  
              Chem. Phys. Lett. 242: 652 (1995)                
                                                           
              Auxiliary Basis Sets for Main Row Atoms and their
              Use to approximate Coulomb Potentials            
              K. Eichkorn, F. Weigend, O. Treutler and         
              R. Ahlrichs                                      
              Theo. Chem. Acc. 97: 119 (1997)                  
                                                           
              Accurate Coulomb-fitting basis sets for H to Rn 
              F. Weigend                                       
              Phys. Chem. Chem. Phys. 8: 1057 (2006)           
                                                           
          Multipole accelerated RI-J (MARI-J):             
              Fast evaluation of the Coulomb potential for     
              electron densities using multipole accelerated   
              resolution of identity approximation             
              M. Sierka, A. Hogekamp and R. Ahlrichs           
              J. Chem. Phys. 118: 9136 (2003)                  
          RI-JK Method:                                     
              A fully direct RI-HF algorithm: Implementation,
              optimised auxiliary basis sets, demonstration of
              accuracy and efficiency                         
              F. Weigend                                      
              Phys. Chem. Chem. Phys. 4: 4285 (2002)           
          Two-component HF and DFT with spin-orbit coupling:  
              Self-consistent treatment of spin-orbit         
              interactions with efficient Hartree-Fock and    
              density functional methods                      
              M. K. Armbruster, F. Weigend, C. van Wüllen and 
              W. Klopper                                      
              Phys. Chem. Chem. Phys. 10: 1748 (2008)         
          Two-component difference density and DIIS algorithm 
              Efficient two-component self-consistent field   
              procedures and gradients: implementation in     
              TURBOMOLE and application to Au20-              
              A. Baldes, F. Weigend                           
              Mol. Phys. 111: 2617 (2013)                     
          Relativistic current density functional theory      
              Current density functional framework for        
              spin-orbit coupling                             
              C. Holzer, Y. J. Franzke, A. Pausch             
              J. Chem. Phys. 157: 204102 (2022)               
          Relativistic all-electron 2c calculations           
              An efficient implementation of two-component    
              relativistic exact-decoupling methods for large 
              molecules                                       
              D. Peng, N. Middendorf, F. Weigend, M. Reiher   
              J. Chem. Phys. 138: 184105 (2013)               
          Finite nucleus model and SNSO approximation         
              Efficient implementation of one- and two-       
              component analytical energy gradients in exact  
              two-component theory                            
              Y. J. Franzke, N. Middendorf, F. Weigend        
              J. Chem. Phys. 148: 104110 (2018)               
          Grids for all-electron relativistic methods         
              Error-consistent segmented contracted all-      
              electron relativistic basis sets of double-     
              and triple-zeta quality for NMR shielding       
              constants                                       
              Y. J. Franzke, R. Tress, T. M. Pazdera,         
              F. Weigend                                      
              Phys. Chem. Chem. Phys. 21: 166658 (2019)       
          Seminumerical exchange algorithms                   
              Seminumerical calculation of the Hartree-Fock   
              exchange matirx: Application to two-component   
              procedures and efficient evaluation of local    
              hybrid functionsl                               
              P. Plessow, F. Weigend,                         
              J. Comput. Chem. 33: 810 (2012)                 
          Improved seminumerical algorithms                   
              C. Holzer,                                      
              J. Chem. Phys. 153 (2020), 184115               





              +--------------------------------------------------+
              |      general information about current run       |
              +--------------------------------------------------+

 
 Becke-3-Parameter hybrid functional: B3-LYP
 exchange:    0.8*LDA + 0.72*B88 + 0.2*HF
 correlation: 0.19*LDA(VWN) + 0.81*LYP
 A Hybrid-DFT calculation using the RI-J approximation will be carried out.
 Allocatable memory for RI due to $ricore (MB):                   100
 Multipole approximation for Coulomb integrals is used

   *************************************************************************
   opt_final_1-Hexanethiol_21                                               
   *************************************************************************




              +--------------------------------------------------+
              | Atomic coordinate, charge and isotop information |
              +--------------------------------------------------+

                    atomic coordinates            atom    charge  isotop
         -6.28237042   -1.03042765    0.45097762    c      6.000     0
         -3.50341817   -1.78002892    0.20521968    c      6.000     0
         -1.72223618    0.49367136    0.10534427    c      6.000     0
          1.06052415   -0.23901395   -0.14879617    c      6.000     0
          2.82264016    2.04624812   -0.24660963    c      6.000     0
          5.59425874    1.40255342   -0.69237113    c      6.000     0
          7.16355148   -0.29968482    1.93511811    s     16.000     0
         -7.50913015   -2.69038121    0.51393313    h      1.000     0
         -6.87914542    0.13544150   -1.14808603    h      1.000     0
         -6.60615003    0.06042571    2.17638971    h      1.000     0
         -2.97056957   -2.99100496    1.79750599    h      1.000     0
         -3.24399664   -2.91951310   -1.50355117    h      1.000     0
         -2.25826288    1.70892127   -1.48471515    h      1.000     0
         -1.97518445    1.63239805    1.81751771    h      1.000     0
          1.58257098   -1.45564348    1.44084986    h      1.000     0
          1.31931360   -1.36918329   -1.86575735    h      1.000     0
          2.22960544    3.28710898   -1.79645322    h      1.000     0
          2.64514591    3.14676182    1.49525526    h      1.000     0
          5.83869712    0.28594856   -2.40576984    h      1.000     0
          6.71483823    3.11903070   -0.89336822    h      1.000     0
          5.97931810   -2.54362812    1.67137865    h      1.000     0
 
       center of nuclear mass  :    1.69252534    0.00438798    0.49003388
       center of nuclear charge:    1.47424642   -0.00045849    0.43666071

              +--------------------------------------------------+
              |               basis set information              |
              +--------------------------------------------------+

              we will work with the 1s 3p 5d 7f 9g ... basis set
              ...i.e. with spherical basis functions...

   type   atoms  prim   cont   basis
   ---------------------------------------------------------------------------
    s        1     46     22   def-TZVP   [5s4p1d|14s9p1d]
    h       14      8      6   def-TZVP   [3s1p|5s1p]
    c        6     34     19   def-TZVP   [5s3p1d|11s6p1d]
   ---------------------------------------------------------------------------
   total:   21    362    220
   ---------------------------------------------------------------------------

   total number of primitive shells          :   48
   total number of contracted shells         :  120
   total number of cartesian basis functions :  227
   total number of SCF-basis functions       :  220


 integral neglect threshold       :  0.15E-09
 integral storage threshold THIZE :  0.10E-04
 integral storage threshold THIME :         5

 RI-J AUXILIARY BASIS SET information:

              we will work with the 1s 3p 5d 7f 9g ... basis set
              ...i.e. with spherical basis functions...

   type   atoms  prim   cont   basis
   ---------------------------------------------------------------------------
    s        1     71     40   def-TZVP   [5s3p2d1f1g|12s6p5d1f1g]
    h       14     10      9   def-TZVP   [3s2p|4s2p]
    c        6     40     38   def-TZVP   [7s3p3d1f|9s3p3d1f]
   ---------------------------------------------------------------------------
   total:   21    451    394
   ---------------------------------------------------------------------------

   total number of primitive shells          :   47
   total number of contracted shells         :  166
   total number of cartesian basis functions :  441
   total number of SCF-basis functions       :  394


 symmetry group of the molecule :   c1 

 the group has the following generators :
   c1(z)

    1 symmetry operations found

 there are 1 real representations :   a   

 maximum number of shells which are related by symmetry :  1

  
           ------------------
           density functional
           ------------------
 Becke-3-Parameter hybrid functional: B3-LYP
 exchange:    0.8*LDA + 0.72*B88 + 0.2*HF
 correlation: 0.19*LDA(VWN) + 0.81*LYP
 iterations will be done with small grid
  
 spherical integration : Lebedev's spherical grid
 spherical gridsize    :                     3
    i.e. gridpoints    :                   302
  maximum batchsize    :                   100
 value for diffuse not defined
 radial integration    : Chebyshev 2nd kind (scaling 3)
 radial gridsize       :                     3
 integration cells     :                    21
 partition function    : becke
 partition sharpness   :                     3
  
 
 Derivatives of quadrature weights will be included
 

 biggest AO integral is expected to be     9.804440325

          ------------------------
          nuclear repulsion energy  :   361.208082436    
          ------------------------

      -----------------------------------------------------------      
     |                   =====================                   |     
     |                        D F T - D 4                        |     
     |                   =====================                   |     
     |                         S. Grimme                         |     
     |          Mulliken Center for Theoretical Chemistry        |     
     |                    University of Bonn                     |     
      -----------------------------------------------------------      

           -------------------------------------------------
          |                Calculation Setup                |
           -------------------------------------------------
   charge               :      0
   non-additivity corr. : ATM
   charge model         : EEQ
   damping parameters
   s6                   :     1.0000
   s8                   :     2.0293
   a1                   :     0.4087
   a2                   :     4.5381

        q(ref)        CN(ref)   cov. CN(ref)  alpha(AIM,ref)
     0.0000000      0.0000000      0.0000000     12.3555336
    -0.1712371      0.9867893      0.9189476     12.8040100
    -0.1421000      1.9984766      1.9078606      9.6347083
    -0.2225085      2.9987259      2.8312240      9.6866280
    -0.2565392      3.9843988      3.7487004      7.6947605
    -0.1044135      3.1417713      2.9183271      9.3751067
     0.2103031      0.9999501      0.8556099      7.7402501
        q(ref)        CN(ref)   cov. CN(ref)  alpha(AIM,ref)
     0.0000000      0.0000000      0.0000000     19.6135101
    -0.1626723      0.9948413      0.9219850     20.4238955
    -0.2377517      1.9903438      1.8445381     20.5482906
        q(ref)        CN(ref)   cov. CN(ref)  alpha(AIM,ref)
     0.0000000      0.0000000      0.0000000      5.0540161
     0.0000000      0.9117922      0.8942243      2.7207580
========================================================================
 Edisp  /kcal,au:   -16.2075  -0.0258283576
========================================================================
 nuclear repulsion energy                  =     361.208082436
  DFT-D4 Energy contribution               =      -0.025828358
 nuclear repulsion + dispersion correction =     361.182254078


         -----------------
         -S,T+V- integrals
         -----------------

 1e-integrals will be neglected if expon. factor < 0.147223E-10
 
 Difference densities algorithm switched on.
 The maximal number of linear combinations of
 difference densities is  20.

Diagonalization of Fock matrix in last SCF iteration activated ...


 DIIS switched on: error vector is FDS-SDF
 Max. Iterations for DIIS is     :   4
 DIIS matrix (see manual) 
    Scaling factor of diagonals  :  1.200
    threshold for scaling factor :  0.000

 scf convergence criterion : increment of total energy < .1000000D-05
                  and increment of one-electron energy < .1000000D-02

 MOs are in ASCII format !


    mo occupation :
   irrep   mo's   occupied
    a      220       33
 
 number of basis functions   :   220
 number of occupied orbitals :    33
 

 reading orbital data $scfmo  from file mos
 orbital characterization : expanded
 virtual MOs provided and orthogonalized by Cholesky decomposition

 automatic virtual orbital shift switched on 
      shift if e(lumo)-e(homo) < 0.10000000    

  
           ------------------------
               RI-J - INFORMATION
           ------------------------
 
    +---------------- Multipole Accelerated RI-J ---------------+
    -------------------------------------------------------------
      Number of bins for density partition        :  8
      Maximum multipole moment used               : 14
      Multipole precision parameter               :  1.0000E-08
      Threshold for moment summation              :  1.0000E-24
      Minimum separation between boxes            :  0.0000E+00
      Maximum allowed extent                      :  2.0000E+01
    +-----------------------------------------------------------+
 
 Extensions and centers of shell-pairs:
  number of shells with a single center:     5650
  number of shells with double centers:       440
 Contributions to RI integral batches: 
  neglected integral batches:                      1170
  multipole/direct contribution:                      0
  multipole/memory contribution:                   6090
 Memory core needed for (P|Q) and Cholesky      2 MByte
 Memory core minimum needed except of (P|Q)     1 MByte
 Total minimum memory core needed (sum)         2 MByte
  
 ****************************************
 Memory allocated for RI-J    75 MByte
 ****************************************
                                            

 DSCF restart information will be dumped onto file mos


 Starting SCF iterations

          Overall gridpoints after grid construction =         24291
 Ordering of quadrature gridpoints disabled.
 Caution, gridordering can improve performance!

 ITERATION  ENERGY          1e-ENERGY        2e-ENERGY     NORM[dD(SAO)]  TOL
   1  -633.97686007355    -1577.0542363     581.89512217    0.000D+00 0.147D-09
                            Exc = -50.3832413520     Coul =  644.338512857    
                            exK = -12.0601493336    
                              N = 65.989897090    
                            current damping = 0.700
 
          max. resid. norm for Fia-block=  2.420D+00 for orbital      1a         
          max. resid. fock norm         =  6.940D+00 for orbital    168a         

 ITERATION  ENERGY          1e-ENERGY        2e-ENERGY     NORM[dD(SAO)]  TOL
   2  -634.91535810312    -1581.8762537     585.77864151    0.898D+00 0.956D-10
                            Exc = -50.7890575895      Eck =  636.567699100    
                              N = 65.991437243    
                            current damping = 0.650
 
          Norm of current diis error:  1.9433    
          max. resid. norm for Fia-block=  9.173D-01 for orbital      1a         
          max. resid. fock norm         =  1.057D+00 for orbital      1a         

 ITERATION  ENERGY          1e-ENERGY        2e-ENERGY     NORM[dD(SAO)]  TOL
   3  -635.09852447899    -1582.8012464     586.52046788    0.450D+00 0.720D-10
                            Exc = -50.9281989840      Eck =  637.448666860    
                              N = 65.992341054    
                            current damping = 0.550
 
          Norm of current diis error: 0.90893    
          max. resid. norm for Fia-block=  3.509D-01 for orbital      1a         
          max. resid. fock norm         =  4.059D-01 for orbital      1a         

 ITERATION  ENERGY          1e-ENERGY        2e-ENERGY     NORM[dD(SAO)]  TOL
   4  -635.15077854183    -1583.9057826     587.57274993    0.220D+00 0.612D-10
                            Exc = -51.0477311549      Eck =  638.620481090    
                              N = 65.992943167    
                            current damping = 0.450
 
          Norm of current diis error: 0.33647    
          max. resid. norm for Fia-block=  1.237D-01 for orbital      1a         
          max. resid. fock norm         =  1.438D-01 for orbital      1a         

 ITERATION  ENERGY          1e-ENERGY        2e-ENERGY     NORM[dD(SAO)]  TOL
   5  -635.15947131841    -1584.0499588     587.70823337    0.115D+00 0.552D-10
                            Exc = -51.0814285604      Eck =  638.789661930    
                              N = 65.993202790    
                            current damping = 0.300
 
          Norm of current diis error: 0.12238    
          max. resid. norm for Fia-block=  3.842D-02 for orbital      1a         
          max. resid. fock norm         =  4.486D-02 for orbital      1a         
          mo-orthogonalization: Cholesky decomposition

 ITERATION  ENERGY          1e-ENERGY        2e-ENERGY     NORM[dD(SAO)]  TOL
   6  -635.16078710184    -1584.2889353     587.94589411    0.271D-01 0.519D-10
                            Exc = -51.1041760203      Eck =  639.050070135    
                              N = 65.993315416    
                            current damping = 0.150
 
          Norm of current diis error: 0.36109E-01
          max. resid. norm for Fia-block=  8.781D-03 for orbital      1a         
          max. resid. fock norm         =  1.025D-02 for orbital      1a         

 ITERATION  ENERGY          1e-ENERGY        2e-ENERGY     NORM[dD(SAO)]  TOL
   7  -635.16087486521    -1584.2259213     587.88279232    0.104D-01 0.506D-10
                            Exc = -51.1034122005      Eck =  638.986204520    
                              N = 65.993340312    
                            current damping = 0.200
 
          Norm of current diis error: 0.21938E-01
          max. resid. norm for Fia-block=  1.175D-03 for orbital      1a         
          max. resid. fock norm         =  1.792D-03 for orbital    215a         

 ITERATION  ENERGY          1e-ENERGY        2e-ENERGY     NORM[dD(SAO)]  TOL
   8  -635.16091005095    -1584.2516199     587.90845573    0.190D-02 0.501D-10
                            Exc = -51.1050367837      Eck =  639.013492513    
                              N = 65.993344951    
                            current damping = 0.250
 
          Norm of current diis error: 0.24297E-02
          max. resid. norm for Fia-block=  1.832D-04 for orbital      1a         
          max. resid. fock norm         =  2.265D-04 for orbital    216a         

 ITERATION  ENERGY          1e-ENERGY        2e-ENERGY     NORM[dD(SAO)]  TOL
   9  -635.16091038653    -1584.2650640     587.92189956    0.850D-03 0.498D-10
                            Exc = -51.1058697219      Eck =  639.027769278    
                              N = 65.993346783    
                            current damping = 0.100
 
          Norm of current diis error: 0.13583E-02
          max. resid. norm for Fia-block=  5.495D-05 for orbital     30a         
          max. resid. fock norm         =  9.453D-05 for orbital    216a         

 ITERATION  ENERGY          1e-ENERGY        2e-ENERGY     NORM[dD(SAO)]  TOL
  10  -635.16091051338    -1584.2600634     587.91689880    0.100D-03 0.494D-10
                            Exc = -51.1055945729      Eck =  639.022493373    
                              N = 65.993346542    
                            current damping = 0.150
 
          Norm of current diis error: 0.11457E-03
          max. resid. norm for Fia-block=  6.486D-06 for orbital     25a         
          max. resid. fock norm         =  1.969D-05 for orbital    216a         
          mo-orthogonalization: Cholesky decomposition

 ENERGY CONVERGED !

          Overall gridpoints after grid construction =         92908
 Ordering of quadrature gridpoints disabled.
 Caution, gridordering can improve performance!

 ITERATION  ENERGY          1e-ENERGY        2e-ENERGY     NORM[dD(SAO)]  TOL
  11  -635.16199459125    -1584.2600833     587.91583461    0.339D-04 0.492D-10
                            Exc = -51.1066780889      Eck =  639.022512702    
                              N = 66.000218294    
                            current damping = 0.200
 
          Norm of current diis error: 0.69991E-04
          max. resid. norm for Fia-block=  2.807D-06 for orbital     25a         
          max. resid. fock norm         =  8.947D-06 for orbital    216a         

 End of SCF iterations

   convergence criteria satisfied after    11 iterations


   *************************************************************************
   opt_final_1-Hexanethiol_21                                               
   *************************************************************************


                  ------------------------------------------ 
                 |  total energy      =   -635.16199459125  |
                  ------------------------------------------ 
                 :  kinetic energy    =    632.89878904494  :
                 :  potential energy  =  -1268.06078363619  :
                 :  virial theorem    =      1.99643680578  :
                 :  wavefunction norm =      1.00000000000  :
                  .......................................... 


 <geterg> : there is no data group $energy 


 <skperg> : $end is missing 


 orbitals $scfmo  will be written to file mos

    irrep                 29a         30a         31a         32a         33a   
 eigenvalues H         -0.33248    -0.32548    -0.32168    -0.31505    -0.23549
            eV          -9.0474     -8.8569     -8.7535     -8.5731     -6.4081
 occupation              2.0000      2.0000      2.0000      2.0000      2.0000

    irrep                 34a         35a         36a         37a         38a   
 eigenvalues H          0.01604     0.03556     0.04007     0.05392     0.06500
            eV           0.4364      0.9677      1.0903      1.4674      1.7688
 
 
 
 
 ==============================================================================
                           electrostatic moments
 ==============================================================================

 reference point for electrostatic moments:    0.00000   0.00000   0.00000

 
              nuc           elec       ->  total
 ------------------------------------------------------------------------------
                          charge      
 ------------------------------------------------------------------------------
          66.000000     -66.000000       0.000000
 
 ------------------------------------------------------------------------------
                       dipole moment  
 ------------------------------------------------------------------------------
   x      97.300264     -97.808671      -0.508408
   y      -0.030260       0.055559       0.025299
   z      28.819607     -29.297301      -0.477694
 
   | dipole moment | =     0.6981 a.u. =     1.7743 debye 
 
 ------------------------------------------------------------------------------
                     quadrupole moment
 ------------------------------------------------------------------------------
  xx    1698.483777   -1746.621280     -48.137503
  yy     136.845308    -176.103175     -39.257867
  zz     102.546298    -144.230909     -41.684611
  xy     166.110250    -165.314200       0.796050
  xz     149.711061    -152.965503      -3.254442
  yz     -33.019828      32.187136      -0.832692
 
     1/3  trace=     -43.026660
     anisotropy=       9.947051
 
 ==============================================================================
 
HOMO-LUMO Separation
 HOMO         :   -0.23549293 H =     -6.40809 eV
 LUMO         :    0.01603879 H =     +0.43644 eV
 HOMO-LUMO gap:    0.25153172 H =     +6.84453 eV
 
 ==============================================================================


    ------------------------------------------------------------------------
         total  cpu-time :  57.40 seconds
         total wall-time :  57.57 seconds
    ------------------------------------------------------------------------

   ****  ridft : all done  ****


    2026-04-20 14:57:30.270 

