 operating system is UNIX !

 ridft (login2) : TURBOMOLE rev. V7-8-1 compiled 26 Feb 2024 at 17:12:58
 Copyright (C) 2024 TURBOMOLE GmbH, Karlsruhe


    2026-04-20 14:41:42.187 



                                  r i d f t

                        DFT program with RI approximation 
                                for coulomb part 





                                 References:     
                                                 
          TURBOMOLE:                             
              R. Ahlrichs, M. Baer, M. Haeser, H. Horn, and
              C. Koelmel
              Electronic structure calculations on workstation
              computers: the program system TURBOMOLE
              Chem. Phys. Lett. 162: 165 (1989)
          Density Functional:                              
              O. Treutler and R. Ahlrichs                      
              Efficient Molecular Numerical Integration Schemes
              J. Chem. Phys. 102: 346 (1995)                   
          Parallel Version:                                
              Performance of parallel TURBOMOLE for Density    
              Functional Calculations                          
              M. v. Arnim and R. Ahlrichs                      
              J. Comp. Chem. 19: 1746 (1998)                   
          RI-J Method:                                     
              Auxiliary Basis Sets to approximate Coulomb      
              Potentials                                       
              Chem. Phys. Lett. 240: 283 (1995)                
              K. Eichkorn, O. Treutler, H. Oehm, M. Haeser     
              and R. Ahlrichs                                  
              Chem. Phys. Lett. 242: 652 (1995)                
                                                           
              Auxiliary Basis Sets for Main Row Atoms and their
              Use to approximate Coulomb Potentials            
              K. Eichkorn, F. Weigend, O. Treutler and         
              R. Ahlrichs                                      
              Theo. Chem. Acc. 97: 119 (1997)                  
                                                           
              Accurate Coulomb-fitting basis sets for H to Rn 
              F. Weigend                                       
              Phys. Chem. Chem. Phys. 8: 1057 (2006)           
                                                           
          Multipole accelerated RI-J (MARI-J):             
              Fast evaluation of the Coulomb potential for     
              electron densities using multipole accelerated   
              resolution of identity approximation             
              M. Sierka, A. Hogekamp and R. Ahlrichs           
              J. Chem. Phys. 118: 9136 (2003)                  
          RI-JK Method:                                     
              A fully direct RI-HF algorithm: Implementation,
              optimised auxiliary basis sets, demonstration of
              accuracy and efficiency                         
              F. Weigend                                      
              Phys. Chem. Chem. Phys. 4: 4285 (2002)           
          Two-component HF and DFT with spin-orbit coupling:  
              Self-consistent treatment of spin-orbit         
              interactions with efficient Hartree-Fock and    
              density functional methods                      
              M. K. Armbruster, F. Weigend, C. van Wüllen and 
              W. Klopper                                      
              Phys. Chem. Chem. Phys. 10: 1748 (2008)         
          Two-component difference density and DIIS algorithm 
              Efficient two-component self-consistent field   
              procedures and gradients: implementation in     
              TURBOMOLE and application to Au20-              
              A. Baldes, F. Weigend                           
              Mol. Phys. 111: 2617 (2013)                     
          Relativistic current density functional theory      
              Current density functional framework for        
              spin-orbit coupling                             
              C. Holzer, Y. J. Franzke, A. Pausch             
              J. Chem. Phys. 157: 204102 (2022)               
          Relativistic all-electron 2c calculations           
              An efficient implementation of two-component    
              relativistic exact-decoupling methods for large 
              molecules                                       
              D. Peng, N. Middendorf, F. Weigend, M. Reiher   
              J. Chem. Phys. 138: 184105 (2013)               
          Finite nucleus model and SNSO approximation         
              Efficient implementation of one- and two-       
              component analytical energy gradients in exact  
              two-component theory                            
              Y. J. Franzke, N. Middendorf, F. Weigend        
              J. Chem. Phys. 148: 104110 (2018)               
          Grids for all-electron relativistic methods         
              Error-consistent segmented contracted all-      
              electron relativistic basis sets of double-     
              and triple-zeta quality for NMR shielding       
              constants                                       
              Y. J. Franzke, R. Tress, T. M. Pazdera,         
              F. Weigend                                      
              Phys. Chem. Chem. Phys. 21: 166658 (2019)       
          Seminumerical exchange algorithms                   
              Seminumerical calculation of the Hartree-Fock   
              exchange matirx: Application to two-component   
              procedures and efficient evaluation of local    
              hybrid functionsl                               
              P. Plessow, F. Weigend,                         
              J. Comput. Chem. 33: 810 (2012)                 
          Improved seminumerical algorithms                   
              C. Holzer,                                      
              J. Chem. Phys. 153 (2020), 184115               





              +--------------------------------------------------+
              |      general information about current run       |
              +--------------------------------------------------+

 
 Becke-3-Parameter hybrid functional: B3-LYP
 exchange:    0.8*LDA + 0.72*B88 + 0.2*HF
 correlation: 0.19*LDA(VWN) + 0.81*LYP
 A Hybrid-DFT calculation using the RI-J approximation will be carried out.
 Allocatable memory for RI due to $ricore (MB):                   100
 Multipole approximation for Coulomb integrals is used

   *************************************************************************
   opt_final_4-Mercaptobenzoic_acid_16                                      
   *************************************************************************




              +--------------------------------------------------+
              | Atomic coordinate, charge and isotop information |
              +--------------------------------------------------+

                    atomic coordinates            atom    charge  isotop
         -5.10247079   -2.64856090    2.07949002    o      8.000     0
         -4.36326643   -0.86036665    0.83444317    c      6.000     0
         -5.97140870    0.82120764   -0.19876549    o      8.000     0
         -1.68093371   -0.30127209    0.30042635    c      6.000     0
         -0.94261874    1.79880901   -1.12602565    c      6.000     0
          1.59120469    2.26407399   -1.58421492    c      6.000     0
          3.43181715    0.63080179   -0.62088173    c      6.000     0
          6.65585551    1.34152534   -1.28037230    s     16.000     0
          2.70691663   -1.47197632    0.80540367    c      6.000     0
          0.17027418   -1.92522107    1.25725669    c      6.000     0
         -7.68673975    0.33129439    0.23831413    h      1.000     0
         -2.35008697    3.07300572   -1.87953208    h      1.000     0
          2.13865544    3.89584317   -2.69102099    h      1.000     0
          7.67891514   -0.64914978   -0.05623941    h      1.000     0
          4.11555325   -2.74838561    1.56028782    h      1.000     0
         -0.39166690   -3.55162861    2.36143071    h      1.000     0
 
       center of nuclear mass  :    0.32908641    0.10215781   -0.08456180
       center of nuclear charge:    0.33609556    0.10007063   -0.08385594

              +--------------------------------------------------+
              |               basis set information              |
              +--------------------------------------------------+

              we will work with the 1s 3p 5d 7f 9g ... basis set
              ...i.e. with spherical basis functions...

   type   atoms  prim   cont   basis
   ---------------------------------------------------------------------------
    s        1     46     22   def-TZVP   [5s4p1d|14s9p1d]
    o        2     34     19   def-TZVP   [5s3p1d|11s6p1d]
    h        6      8      6   def-TZVP   [3s1p|5s1p]
    c        7     34     19   def-TZVP   [5s3p1d|11s6p1d]
   ---------------------------------------------------------------------------
   total:   16    400    229
   ---------------------------------------------------------------------------

   total number of primitive shells          :   66
   total number of contracted shells         :  115
   total number of cartesian basis functions :  239
   total number of SCF-basis functions       :  229


 integral neglect threshold       :  0.14E-09
 integral storage threshold THIZE :  0.10E-04
 integral storage threshold THIME :         5

 RI-J AUXILIARY BASIS SET information:

              we will work with the 1s 3p 5d 7f 9g ... basis set
              ...i.e. with spherical basis functions...

   type   atoms  prim   cont   basis
   ---------------------------------------------------------------------------
    s        1     71     40   def-TZVP   [5s3p2d1f1g|12s6p5d1f1g]
    o        2     40     38   def-TZVP   [7s3p3d1f|9s3p3d1f]
    h        6     10      9   def-TZVP   [3s2p|4s2p]
    c        7     40     38   def-TZVP   [7s3p3d1f|9s3p3d1f]
   ---------------------------------------------------------------------------
   total:   16    491    436
   ---------------------------------------------------------------------------

   total number of primitive shells          :   63
   total number of contracted shells         :  168
   total number of cartesian basis functions :  501
   total number of SCF-basis functions       :  436


 symmetry group of the molecule :   c1 

 the group has the following generators :
   c1(z)

    1 symmetry operations found

 there are 1 real representations :   a   

 maximum number of shells which are related by symmetry :  1

  
           ------------------
           density functional
           ------------------
 Becke-3-Parameter hybrid functional: B3-LYP
 exchange:    0.8*LDA + 0.72*B88 + 0.2*HF
 correlation: 0.19*LDA(VWN) + 0.81*LYP
 iterations will be done with small grid
  
 spherical integration : Lebedev's spherical grid
 spherical gridsize    :                     3
    i.e. gridpoints    :                   302
  maximum batchsize    :                   100
 value for diffuse not defined
 radial integration    : Chebyshev 2nd kind (scaling 3)
 radial gridsize       :                     3
 integration cells     :                    16
 partition function    : becke
 partition sharpness   :                     3
  
 
 Derivatives of quadrature weights will be included
 

 biggest AO integral is expected to be     9.804440325

          ------------------------
          nuclear repulsion energy  :   548.484275015    
          ------------------------

      -----------------------------------------------------------      
     |                   =====================                   |     
     |                        D F T - D 4                        |     
     |                   =====================                   |     
     |                         S. Grimme                         |     
     |          Mulliken Center for Theoretical Chemistry        |     
     |                    University of Bonn                     |     
      -----------------------------------------------------------      

           -------------------------------------------------
          |                Calculation Setup                |
           -------------------------------------------------
   charge               :      0
   non-additivity corr. : ATM
   charge model         : EEQ
   damping parameters
   s6                   :     1.0000
   s8                   :     2.0293
   a1                   :     0.4087
   a2                   :     4.5381

        q(ref)        CN(ref)   cov. CN(ref)  alpha(AIM,ref)
     0.0000000      0.0000000      0.0000000      5.1967092
    -0.3547147      0.9924594      0.8041679      6.1223924
    -0.5988153      1.9886928      1.6112394      6.7491941
     0.0000000      0.9985672      0.9798440      5.1987934
        q(ref)        CN(ref)   cov. CN(ref)  alpha(AIM,ref)
     0.0000000      0.0000000      0.0000000     12.3555336
    -0.1712371      0.9867893      0.9189476     12.8040100
    -0.1421000      1.9984766      1.9078606      9.6347083
    -0.2225085      2.9987259      2.8312240      9.6866280
    -0.2565392      3.9843988      3.7487004      7.6947605
    -0.1044135      3.1417713      2.9183271      9.3751067
     0.2103031      0.9999501      0.8556099      7.7402501
        q(ref)        CN(ref)   cov. CN(ref)  alpha(AIM,ref)
     0.0000000      0.0000000      0.0000000     19.6135101
    -0.1626723      0.9948413      0.9219850     20.4238955
    -0.2377517      1.9903438      1.8445381     20.5482906
        q(ref)        CN(ref)   cov. CN(ref)  alpha(AIM,ref)
     0.0000000      0.0000000      0.0000000      5.0540161
     0.0000000      0.9117922      0.8942243      2.7207580
========================================================================
 Edisp  /kcal,au:   -18.9861  -0.0302563105
========================================================================
 nuclear repulsion energy                  =     548.484275015
  DFT-D4 Energy contribution               =      -0.030256310
 nuclear repulsion + dispersion correction =     548.454018704


         -----------------
         -S,T+V- integrals
         -----------------

 1e-integrals will be neglected if expon. factor < 0.139831E-10
 
 Difference densities algorithm switched on.
 The maximal number of linear combinations of
 difference densities is  20.

Diagonalization of Fock matrix in last SCF iteration activated ...


 DIIS switched on: error vector is FDS-SDF
 Max. Iterations for DIIS is     :   4
 DIIS matrix (see manual) 
    Scaling factor of diagonals  :  1.200
    threshold for scaling factor :  0.000

 scf convergence criterion : increment of total energy < .1000000D-05
                  and increment of one-electron energy < .1000000D-02

 MOs are in ASCII format !


    mo occupation :
   irrep   mo's   occupied
    a      229       40
 
 number of basis functions   :   229
 number of occupied orbitals :    40
 

 reading orbital data $scfmo  from file mos
 orbital characterization : expanded
 virtual MOs provided and orthogonalized by Cholesky decomposition

 automatic virtual orbital shift switched on 
      shift if e(lumo)-e(homo) < 0.10000000    

  
           ------------------------
               RI-J - INFORMATION
           ------------------------
 
    +---------------- Multipole Accelerated RI-J ---------------+
    -------------------------------------------------------------
      Number of bins for density partition        :  8
      Maximum multipole moment used               : 14
      Multipole precision parameter               :  1.0000E-08
      Threshold for moment summation              :  1.0000E-24
      Minimum separation between boxes            :  0.0000E+00
      Maximum allowed extent                      :  2.0000E+01
    +-----------------------------------------------------------+
 
 Extensions and centers of shell-pairs:
  number of shells with a single center:     5338
  number of shells with double centers:       232
 Contributions to RI integral batches: 
  neglected integral batches:                      1100
  multipole/direct contribution:                      0
  multipole/memory contribution:                   5570
 Memory core needed for (P|Q) and Cholesky      2 MByte
 Memory core minimum needed except of (P|Q)     1 MByte
 Total minimum memory core needed (sum)         2 MByte
  
 ****************************************
 Memory allocated for RI-J    96 MByte
 ****************************************
                                            

 DSCF restart information will be dumped onto file mos


 Starting SCF iterations

          Overall gridpoints after grid construction =         23049
 Ordering of quadrature gridpoints disabled.
 Caution, gridordering can improve performance!

 ITERATION  ENERGY          1e-ENERGY        2e-ENERGY     NORM[dD(SAO)]  TOL
   1  -816.99583981814    -2200.6467350     835.19687653    0.000D+00 0.139D-09
                            Exc = -66.6099253108     Coul =  917.740570477    
                            exK = -15.9337686391    
                              N = 80.000189282    
                            current damping = 0.700
 
          max. resid. norm for Fia-block=  2.422D+00 for orbital      1a         
          max. resid. fock norm         =  1.106D+01 for orbital    112a         

 ITERATION  ENERGY          1e-ENERGY        2e-ENERGY     NORM[dD(SAO)]  TOL
   2  -818.56449682468    -2206.6507511     839.63223559    0.271D+01 0.108D-09
                            Exc = -66.6757485167      Eck =  906.307984103    
                              N = 80.000027144    
                            current damping = 0.650
 
          Norm of current diis error:  2.3436    
          max. resid. norm for Fia-block=  9.203D-01 for orbital      1a         
          max. resid. fock norm         =  1.061D+00 for orbital      1a         

 ITERATION  ENERGY          1e-ENERGY        2e-ENERGY     NORM[dD(SAO)]  TOL
   3  -818.81899873091    -2208.9342435     841.66122605    0.115D+01 0.720D-10
                            Exc = -66.8616167992      Eck =  908.522842845    
                              N = 80.000016502    
                            current damping = 0.550
 
          Norm of current diis error:  1.1353    
          max. resid. norm for Fia-block=  3.508D-01 for orbital      1a         
          max. resid. fock norm         =  4.052D-01 for orbital      1a         

 ITERATION  ENERGY          1e-ENERGY        2e-ENERGY     NORM[dD(SAO)]  TOL
   4  -818.90227846513    -2209.3588492     842.00255198    0.959D+00 0.605D-10
                            Exc = -66.8327324966      Eck =  908.835284478    
                              N = 79.999990800    
                            current damping = 0.400
 
          Norm of current diis error: 0.43300    
          max. resid. norm for Fia-block=  1.238D-01 for orbital      1a         
          max. resid. fock norm         =  1.439D-01 for orbital      1a         

 ITERATION  ENERGY          1e-ENERGY        2e-ENERGY     NORM[dD(SAO)]  TOL
   5  -818.91470686786    -2209.9348735     842.56614791    0.377D+00 0.545D-10
                            Exc = -66.9066575971      Eck =  909.472805503    
                              N = 79.999997927    
                            current damping = 0.300
 
          Norm of current diis error: 0.22472    
          max. resid. norm for Fia-block=  3.502D-02 for orbital      1a         
          max. resid. fock norm         =  4.067D-02 for orbital      1a         
          mo-orthogonalization: Cholesky decomposition

 ITERATION  ENERGY          1e-ENERGY        2e-ENERGY     NORM[dD(SAO)]  TOL
   6  -818.91828738191    -2209.9739165     842.60161037    0.132D+00 0.514D-10
                            Exc = -66.8876960788      Eck =  909.489306446    
                              N = 79.999995070    
                            current damping = 0.150
 
          Norm of current diis error: 0.11328    
          max. resid. norm for Fia-block=  8.162D-03 for orbital      1a         
          max. resid. fock norm         =  1.810D-02 for orbital    228a         

 ITERATION  ENERGY          1e-ENERGY        2e-ENERGY     NORM[dD(SAO)]  TOL
   7  -818.91911532717    -2209.9089370     842.53580296    0.442D-01 0.499D-10
                            Exc = -66.8871097300      Eck =  909.422912691    
                              N = 79.999990517    
                            current damping = 0.200
 
          Norm of current diis error: 0.44086E-01
          max. resid. norm for Fia-block=  2.651D-03 for orbital     36a         
          max. resid. fock norm         =  5.687D-03 for orbital    228a         

 ITERATION  ENERGY          1e-ENERGY        2e-ENERGY     NORM[dD(SAO)]  TOL
   8  -818.91923239772    -2209.9698097     842.59655856    0.205D-01 0.493D-10
                            Exc = -66.8953752053      Eck =  909.491933766    
                              N = 79.999994088    
                            current damping = 0.250
 
          Norm of current diis error: 0.14478E-01
          max. resid. norm for Fia-block=  6.729D-04 for orbital     28a         
          max. resid. fock norm         =  8.970D-04 for orbital    225a         

 ITERATION  ENERGY          1e-ENERGY        2e-ENERGY     NORM[dD(SAO)]  TOL
   9  -818.91924644112    -2209.9697987     842.59653356    0.445D-02 0.488D-10
                            Exc = -66.8935442558      Eck =  909.490077819    
                              N = 79.999993221    
                            current damping = 0.300
 
          Norm of current diis error: 0.31828E-02
          max. resid. norm for Fia-block=  1.928D-04 for orbital     39a         
          max. resid. fock norm         =  4.726D-04 for orbital    225a         

 ITERATION  ENERGY          1e-ENERGY        2e-ENERGY     NORM[dD(SAO)]  TOL
  10  -818.91924687169    -2209.9614946     842.58822907    0.152D-02 0.486D-10
                            Exc = -66.8929617224      Eck =  909.481190793    
                              N = 79.999993110    
                            current damping = 0.150
 
          Norm of current diis error: 0.23215E-02
          max. resid. norm for Fia-block=  8.258D-05 for orbital     39a         
          max. resid. fock norm         =  2.099D-04 for orbital    223a         
          mo-orthogonalization: Cholesky decomposition

 ENERGY CONVERGED !

          Overall gridpoints after grid construction =         83429
 Ordering of quadrature gridpoints disabled.
 Caution, gridordering can improve performance!

 ITERATION  ENERGY          1e-ENERGY        2e-ENERGY     NORM[dD(SAO)]  TOL
  11  -818.91925061051    -2209.9626696     842.58940031    0.504D-03 0.483D-10
                            Exc = -66.8932410329      Eck =  909.482641344    
                              N = 79.999943284    
                            current damping = 0.200
 
          Norm of current diis error: 0.73770E-03
          max. resid. norm for Fia-block=  3.623D-05 for orbital     28a         
          max. resid. fock norm         =  7.275D-05 for orbital    229a         

 End of SCF iterations

   convergence criteria satisfied after    11 iterations


   *************************************************************************
   opt_final_4-Mercaptobenzoic_acid_16                                      
   *************************************************************************


                  ------------------------------------------ 
                 |  total energy      =   -818.91925061051  |
                  ------------------------------------------ 
                 :  kinetic energy    =    816.14273989704  :
                 :  potential energy  =  -1635.06199050755  :
                 :  virial theorem    =      1.99660954275  :
                 :  wavefunction norm =      1.00000000000  :
                  .......................................... 


 <geterg> : there is no data group $energy 


 <skperg> : $end is missing 


 orbitals $scfmo  will be written to file mos

    irrep                 36a         37a         38a         39a         40a   
 eigenvalues H         -0.33273    -0.31220    -0.28752    -0.27751    -0.23774
            eV          -9.0541     -8.4954     -7.8238     -7.5515     -6.4694
 occupation              2.0000      2.0000      2.0000      2.0000      2.0000

    irrep                 41a         42a         43a         44a         45a   
 eigenvalues H         -0.06191    -0.02938    -0.00632     0.02955     0.03857
            eV          -1.6847     -0.7995     -0.1720      0.8042      1.0494
 
 
 
 
 ==============================================================================
                           electrostatic moments
 ==============================================================================

 reference point for electrostatic moments:    0.00000   0.00000   0.00000

 
              nuc           elec       ->  total
 ------------------------------------------------------------------------------
                          charge      
 ------------------------------------------------------------------------------
          80.000000     -80.000000      -0.000000
 
 ------------------------------------------------------------------------------
                       dipole moment  
 ------------------------------------------------------------------------------
   x      26.887645     -26.504473       0.383172
   y       8.005650      -7.726394       0.279256
   z      -6.708475       6.493213      -0.215262
 
   | dipole moment | =     0.5207 a.u. =     1.3235 debye 
 
 ------------------------------------------------------------------------------
                     quadrupole moment
 ------------------------------------------------------------------------------
  xx    1614.096811   -1656.708305     -42.611494
  yy     228.411949    -277.928029     -49.516081
  zz     123.059501    -174.051793     -50.992291
  xy     219.525542    -226.153016      -6.627475
  xz    -241.896684     245.737219       3.840535
  yz    -164.179291     163.585545      -0.593746
 
     1/3  trace=     -47.706622
     anisotropy=      15.398771
 
 ==============================================================================
 
HOMO-LUMO Separation
 HOMO         :   -0.23774339 H =     -6.46933 eV
 LUMO         :   -0.06191055 H =     -1.68467 eV
 HOMO-LUMO gap:    0.17583284 H =     +4.78466 eV
 
 ==============================================================================


    ------------------------------------------------------------------------
         total  cpu-time :  1 minutes and 21 seconds
         total wall-time :  1 minutes and 22 seconds
    ------------------------------------------------------------------------

   ****  ridft : all done  ****


    2026-04-20 14:43:03.736 

