 operating system is UNIX !

 ridft (login2) : TURBOMOLE rev. V7-8-1 compiled 26 Feb 2024 at 17:12:58
 Copyright (C) 2024 TURBOMOLE GmbH, Karlsruhe


    2026-04-20 14:48:38.675 



                                  r i d f t

                        DFT program with RI approximation 
                                for coulomb part 





                                 References:     
                                                 
          TURBOMOLE:                             
              R. Ahlrichs, M. Baer, M. Haeser, H. Horn, and
              C. Koelmel
              Electronic structure calculations on workstation
              computers: the program system TURBOMOLE
              Chem. Phys. Lett. 162: 165 (1989)
          Density Functional:                              
              O. Treutler and R. Ahlrichs                      
              Efficient Molecular Numerical Integration Schemes
              J. Chem. Phys. 102: 346 (1995)                   
          Parallel Version:                                
              Performance of parallel TURBOMOLE for Density    
              Functional Calculations                          
              M. v. Arnim and R. Ahlrichs                      
              J. Comp. Chem. 19: 1746 (1998)                   
          RI-J Method:                                     
              Auxiliary Basis Sets to approximate Coulomb      
              Potentials                                       
              Chem. Phys. Lett. 240: 283 (1995)                
              K. Eichkorn, O. Treutler, H. Oehm, M. Haeser     
              and R. Ahlrichs                                  
              Chem. Phys. Lett. 242: 652 (1995)                
                                                           
              Auxiliary Basis Sets for Main Row Atoms and their
              Use to approximate Coulomb Potentials            
              K. Eichkorn, F. Weigend, O. Treutler and         
              R. Ahlrichs                                      
              Theo. Chem. Acc. 97: 119 (1997)                  
                                                           
              Accurate Coulomb-fitting basis sets for H to Rn 
              F. Weigend                                       
              Phys. Chem. Chem. Phys. 8: 1057 (2006)           
                                                           
          Multipole accelerated RI-J (MARI-J):             
              Fast evaluation of the Coulomb potential for     
              electron densities using multipole accelerated   
              resolution of identity approximation             
              M. Sierka, A. Hogekamp and R. Ahlrichs           
              J. Chem. Phys. 118: 9136 (2003)                  
          RI-JK Method:                                     
              A fully direct RI-HF algorithm: Implementation,
              optimised auxiliary basis sets, demonstration of
              accuracy and efficiency                         
              F. Weigend                                      
              Phys. Chem. Chem. Phys. 4: 4285 (2002)           
          Two-component HF and DFT with spin-orbit coupling:  
              Self-consistent treatment of spin-orbit         
              interactions with efficient Hartree-Fock and    
              density functional methods                      
              M. K. Armbruster, F. Weigend, C. van Wüllen and 
              W. Klopper                                      
              Phys. Chem. Chem. Phys. 10: 1748 (2008)         
          Two-component difference density and DIIS algorithm 
              Efficient two-component self-consistent field   
              procedures and gradients: implementation in     
              TURBOMOLE and application to Au20-              
              A. Baldes, F. Weigend                           
              Mol. Phys. 111: 2617 (2013)                     
          Relativistic current density functional theory      
              Current density functional framework for        
              spin-orbit coupling                             
              C. Holzer, Y. J. Franzke, A. Pausch             
              J. Chem. Phys. 157: 204102 (2022)               
          Relativistic all-electron 2c calculations           
              An efficient implementation of two-component    
              relativistic exact-decoupling methods for large 
              molecules                                       
              D. Peng, N. Middendorf, F. Weigend, M. Reiher   
              J. Chem. Phys. 138: 184105 (2013)               
          Finite nucleus model and SNSO approximation         
              Efficient implementation of one- and two-       
              component analytical energy gradients in exact  
              two-component theory                            
              Y. J. Franzke, N. Middendorf, F. Weigend        
              J. Chem. Phys. 148: 104110 (2018)               
          Grids for all-electron relativistic methods         
              Error-consistent segmented contracted all-      
              electron relativistic basis sets of double-     
              and triple-zeta quality for NMR shielding       
              constants                                       
              Y. J. Franzke, R. Tress, T. M. Pazdera,         
              F. Weigend                                      
              Phys. Chem. Chem. Phys. 21: 166658 (2019)       
          Seminumerical exchange algorithms                   
              Seminumerical calculation of the Hartree-Fock   
              exchange matirx: Application to two-component   
              procedures and efficient evaluation of local    
              hybrid functionsl                               
              P. Plessow, F. Weigend,                         
              J. Comput. Chem. 33: 810 (2012)                 
          Improved seminumerical algorithms                   
              C. Holzer,                                      
              J. Chem. Phys. 153 (2020), 184115               





              +--------------------------------------------------+
              |      general information about current run       |
              +--------------------------------------------------+

 
 Becke-3-Parameter hybrid functional: B3-LYP
 exchange:    0.8*LDA + 0.72*B88 + 0.2*HF
 correlation: 0.19*LDA(VWN) + 0.81*LYP
 A Hybrid-DFT calculation using the RI-J approximation will be carried out.
 Allocatable memory for RI due to $ricore (MB):                   100
 Multipole approximation for Coulomb integrals is used

   *************************************************************************
   opt_final_Thiomethyl_PEG_linker_2-_2-methoxyethoxy_ethanethiol_32        
   *************************************************************************




              +--------------------------------------------------+
              | Atomic coordinate, charge and isotop information |
              +--------------------------------------------------+

                    atomic coordinates            atom    charge  isotop
         -6.31548106    1.97971270   -0.74583875    c      6.000     0
         -4.32161562    0.96240467    0.74228531    o      8.000     0
         -2.78928975   -0.75962094   -0.63875656    c      6.000     0
         -0.67089364   -1.69417889    1.03811010    c      6.000     0
          1.08719122    0.24536056    1.71940382    o      8.000     0
          2.98002289    0.75567478   -0.13700683    c      6.000     0
          5.19121229   -1.07519033    0.10062730    c      6.000     0
          7.66201260   -0.47626565   -2.28133188    s     16.000     0
         -5.57445274    3.02727429   -2.37284677    h      1.000     0
         -7.57454739    0.48446644   -1.43411667    h      1.000     0
         -7.38465776    3.26372493    0.45613337    h      1.000     0
         -3.91664178   -2.39007442   -1.25701159    h      1.000     0
         -2.03767354    0.16404162   -2.33721617    h      1.000     0
          0.28791182   -3.26421872    0.09238762    h      1.000     0
         -1.45673373   -2.40212302    2.80794102    h      1.000     0
          3.62166181    2.68407089    0.20947930    h      1.000     0
          2.19067305    0.68092375   -2.04576490    h      1.000     0
          6.02096336   -0.97713387    1.98021141    h      1.000     0
          4.59480540   -3.01544555   -0.24760744    h      1.000     0
          8.40553256    1.80659675   -1.41101690    h      1.000     0
 
       center of nuclear mass  :    1.26131662   -0.03976785   -0.32276710
       center of nuclear charge:    1.13874421   -0.03591407   -0.33330288

              +--------------------------------------------------+
              |               basis set information              |
              +--------------------------------------------------+

              we will work with the 1s 3p 5d 7f 9g ... basis set
              ...i.e. with spherical basis functions...

   type   atoms  prim   cont   basis
   ---------------------------------------------------------------------------
    s        1     46     22   def-TZVP   [5s4p1d|14s9p1d]
    o        2     34     19   def-TZVP   [5s3p1d|11s6p1d]
    h       12      8      6   def-TZVP   [3s1p|5s1p]
    c        5     34     19   def-TZVP   [5s3p1d|11s6p1d]
   ---------------------------------------------------------------------------
   total:   20    380    227
   ---------------------------------------------------------------------------

   total number of primitive shells          :   66
   total number of contracted shells         :  121
   total number of cartesian basis functions :  235
   total number of SCF-basis functions       :  227


 integral neglect threshold       :  0.14E-09
 integral storage threshold THIZE :  0.10E-04
 integral storage threshold THIME :         5

 RI-J AUXILIARY BASIS SET information:

              we will work with the 1s 3p 5d 7f 9g ... basis set
              ...i.e. with spherical basis functions...

   type   atoms  prim   cont   basis
   ---------------------------------------------------------------------------
    s        1     71     40   def-TZVP   [5s3p2d1f1g|12s6p5d1f1g]
    o        2     40     38   def-TZVP   [7s3p3d1f|9s3p3d1f]
    h       12     10      9   def-TZVP   [3s2p|4s2p]
    c        5     40     38   def-TZVP   [7s3p3d1f|9s3p3d1f]
   ---------------------------------------------------------------------------
   total:   20    471    414
   ---------------------------------------------------------------------------

   total number of primitive shells          :   63
   total number of contracted shells         :  170
   total number of cartesian basis functions :  467
   total number of SCF-basis functions       :  414


 symmetry group of the molecule :   c1 

 the group has the following generators :
   c1(z)

    1 symmetry operations found

 there are 1 real representations :   a   

 maximum number of shells which are related by symmetry :  1

  
           ------------------
           density functional
           ------------------
 Becke-3-Parameter hybrid functional: B3-LYP
 exchange:    0.8*LDA + 0.72*B88 + 0.2*HF
 correlation: 0.19*LDA(VWN) + 0.81*LYP
 iterations will be done with small grid
  
 spherical integration : Lebedev's spherical grid
 spherical gridsize    :                     3
    i.e. gridpoints    :                   302
  maximum batchsize    :                   100
 value for diffuse not defined
 radial integration    : Chebyshev 2nd kind (scaling 3)
 radial gridsize       :                     3
 integration cells     :                    20
 partition function    : becke
 partition sharpness   :                     3
  
 
 Derivatives of quadrature weights will be included
 

 biggest AO integral is expected to be     9.804440325

          ------------------------
          nuclear repulsion energy  :   451.907390005    
          ------------------------

      -----------------------------------------------------------      
     |                   =====================                   |     
     |                        D F T - D 4                        |     
     |                   =====================                   |     
     |                         S. Grimme                         |     
     |          Mulliken Center for Theoretical Chemistry        |     
     |                    University of Bonn                     |     
      -----------------------------------------------------------      

           -------------------------------------------------
          |                Calculation Setup                |
           -------------------------------------------------
   charge               :      0
   non-additivity corr. : ATM
   charge model         : EEQ
   damping parameters
   s6                   :     1.0000
   s8                   :     2.0293
   a1                   :     0.4087
   a2                   :     4.5381

        q(ref)        CN(ref)   cov. CN(ref)  alpha(AIM,ref)
     0.0000000      0.0000000      0.0000000     12.3555336
    -0.1712371      0.9867893      0.9189476     12.8040100
    -0.1421000      1.9984766      1.9078606      9.6347083
    -0.2225085      2.9987259      2.8312240      9.6866280
    -0.2565392      3.9843988      3.7487004      7.6947605
    -0.1044135      3.1417713      2.9183271      9.3751067
     0.2103031      0.9999501      0.8556099      7.7402501
        q(ref)        CN(ref)   cov. CN(ref)  alpha(AIM,ref)
     0.0000000      0.0000000      0.0000000      5.1967092
    -0.3547147      0.9924594      0.8041679      6.1223924
    -0.5988153      1.9886928      1.6112394      6.7491941
     0.0000000      0.9985672      0.9798440      5.1987934
        q(ref)        CN(ref)   cov. CN(ref)  alpha(AIM,ref)
     0.0000000      0.0000000      0.0000000     19.6135101
    -0.1626723      0.9948413      0.9219850     20.4238955
    -0.2377517      1.9903438      1.8445381     20.5482906
        q(ref)        CN(ref)   cov. CN(ref)  alpha(AIM,ref)
     0.0000000      0.0000000      0.0000000      5.0540161
     0.0000000      0.9117922      0.8942243      2.7207580
========================================================================
 Edisp  /kcal,au:   -15.2041  -0.0242293520
========================================================================
 nuclear repulsion energy                  =     451.907390005
  DFT-D4 Energy contribution               =      -0.024229352
 nuclear repulsion + dispersion correction =     451.883160653


         -----------------
         -S,T+V- integrals
         -----------------

 1e-integrals will be neglected if expon. factor < 0.142211E-10
 
 Difference densities algorithm switched on.
 The maximal number of linear combinations of
 difference densities is  20.

Diagonalization of Fock matrix in last SCF iteration activated ...


 DIIS switched on: error vector is FDS-SDF
 Max. Iterations for DIIS is     :   4
 DIIS matrix (see manual) 
    Scaling factor of diagonals  :  1.200
    threshold for scaling factor :  0.000

 scf convergence criterion : increment of total energy < .1000000D-05
                  and increment of one-electron energy < .1000000D-02

 MOs are in ASCII format !


    mo occupation :
   irrep   mo's   occupied
    a      227       37
 
 number of basis functions   :   227
 number of occupied orbitals :    37
 

 reading orbital data $scfmo  from file mos
 orbital characterization : expanded
 virtual MOs provided and orthogonalized by Cholesky decomposition

 automatic virtual orbital shift switched on 
      shift if e(lumo)-e(homo) < 0.10000000    

  
           ------------------------
               RI-J - INFORMATION
           ------------------------
 
    +---------------- Multipole Accelerated RI-J ---------------+
    -------------------------------------------------------------
      Number of bins for density partition        :  8
      Maximum multipole moment used               : 14
      Multipole precision parameter               :  1.0000E-08
      Threshold for moment summation              :  1.0000E-24
      Minimum separation between boxes            :  0.0000E+00
      Maximum allowed extent                      :  2.0000E+01
    +-----------------------------------------------------------+
 
 Extensions and centers of shell-pairs:
  number of shells with a single center:     5686
  number of shells with double centers:       303
 Contributions to RI integral batches: 
  neglected integral batches:                      1392
  multipole/direct contribution:                      0
  multipole/memory contribution:                   5989
 Memory core needed for (P|Q) and Cholesky      2 MByte
 Memory core minimum needed except of (P|Q)     1 MByte
 Total minimum memory core needed (sum)         2 MByte
  
 ****************************************
 Memory allocated for RI-J    82 MByte
 ****************************************
                                            

 DSCF restart information will be dumped onto file mos


 Starting SCF iterations

          Overall gridpoints after grid construction =         24452
 Ordering of quadrature gridpoints disabled.
 Caution, gridordering can improve performance!

 ITERATION  ENERGY          1e-ENERGY        2e-ENERGY     NORM[dD(SAO)]  TOL
   1  -744.54704140340    -1915.0560436     718.62584155    0.000D+00 0.142D-09
                            Exc = -59.6353724361     Coul =  792.539074342    
                            exK = -14.2778603555    
                              N = 74.003417529    
                            current damping = 0.700
 
          max. resid. norm for Fia-block=  2.420D+00 for orbital      1a         
          max. resid. fock norm         =  1.133D+01 for orbital    129a         

 ITERATION  ENERGY          1e-ENERGY        2e-ENERGY     NORM[dD(SAO)]  TOL
   2  -745.93856288487    -1917.6844781     719.86275454    0.101D+01 0.922D-10
                            Exc = -59.6821452561      Eck =  779.544899799    
                              N = 74.002646228    
                            current damping = 0.650
 
          Norm of current diis error:  2.0936    
          max. resid. norm for Fia-block=  9.196D-01 for orbital      1a         
          max. resid. fock norm         =  1.061D+00 for orbital      1a         

 ITERATION  ENERGY          1e-ENERGY        2e-ENERGY     NORM[dD(SAO)]  TOL
   3  -746.17050512657    -1919.5814930     721.52782724    0.504D+00 0.716D-10
                            Exc = -59.8922999940      Eck =  781.420127238    
                              N = 74.002417854    
                            current damping = 0.550
 
          Norm of current diis error:  1.0066    
          max. resid. norm for Fia-block=  3.493D-01 for orbital      1a         
          max. resid. fock norm         =  4.031D-01 for orbital      1a         

 ITERATION  ENERGY          1e-ENERGY        2e-ENERGY     NORM[dD(SAO)]  TOL
   4  -746.24576471444    -1919.2797272     721.15080185    0.313D+00 0.600D-10
                            Exc = -59.8773334091      Eck =  781.028135259    
                              N = 74.002303920    
                            current damping = 0.600
 
          Norm of current diis error: 0.38273    
          max. resid. norm for Fia-block=  1.238D-01 for orbital      1a         
          max. resid. fock norm         =  1.439D-01 for orbital      1a         

 ITERATION  ENERGY          1e-ENERGY        2e-ENERGY     NORM[dD(SAO)]  TOL
   5  -746.25797900629    -1920.1574151     722.01627541    0.120D+00 0.551D-10
                            Exc = -59.9609699380      Eck =  781.977245345    
                              N = 74.002296083    
                            current damping = 0.650
 
          Norm of current diis error: 0.16375    
          max. resid. norm for Fia-block=  4.594D-02 for orbital      1a         
          max. resid. fock norm         =  5.335D-02 for orbital      1a         
          mo-orthogonalization: Cholesky decomposition

 ITERATION  ENERGY          1e-ENERGY        2e-ENERGY     NORM[dD(SAO)]  TOL
   6  -746.26070948039    -1919.9227059     721.77883578    0.374D-01 0.520D-10
                            Exc = -59.9462376521      Eck =  781.725073432    
                              N = 74.002288585    
                            current damping = 0.700
 
          Norm of current diis error: 0.61890E-01
          max. resid. norm for Fia-block=  1.819D-02 for orbital      1a         
          max. resid. fock norm         =  2.120D-02 for orbital      1a         

 ITERATION  ENERGY          1e-ENERGY        2e-ENERGY     NORM[dD(SAO)]  TOL
   7  -746.26112382549    -1920.0020355     721.85775100    0.713D-02 0.501D-10
                            Exc = -59.9544346041      Eck =  781.812185607    
                              N = 74.002290110    
                            current damping = 0.750
 
          Norm of current diis error: 0.24954E-01
          max. resid. norm for Fia-block=  7.443D-03 for orbital      1a         
          max. resid. fock norm         =  8.655D-03 for orbital      1a         

 ITERATION  ENERGY          1e-ENERGY        2e-ENERGY     NORM[dD(SAO)]  TOL
   8  -746.26119845363    -1920.0163466     721.87198754    0.244D-02 0.490D-10
                            Exc = -59.9563435754      Eck =  781.828331115    
                              N = 74.002290744    
                            current damping = 0.600
 
          Norm of current diis error: 0.11015E-01
          max. resid. norm for Fia-block=  3.208D-03 for orbital      1a         
          max. resid. fock norm         =  3.738D-03 for orbital      1a         

 ITERATION  ENERGY          1e-ENERGY        2e-ENERGY     NORM[dD(SAO)]  TOL
   9  -746.26121430845    -1920.0243769     721.88000197    0.632D-03 0.481D-10
                            Exc = -59.9573436584      Eck =  781.837345624    
                              N = 74.002291212    
                            current damping = 0.450
 
          Norm of current diis error: 0.42658E-02
          max. resid. norm for Fia-block=  1.193D-03 for orbital      1a         
          max. resid. fock norm         =  1.386D-03 for orbital      1a         

 ENERGY CONVERGED !

          Overall gridpoints after grid construction =         92381
 Ordering of quadrature gridpoints disabled.
 Caution, gridordering can improve performance!

 ITERATION  ENERGY          1e-ENERGY        2e-ENERGY     NORM[dD(SAO)]  TOL
  10  -746.26094605790    -1920.0236158     721.87950910    0.285D-03 0.475D-10
                            Exc = -59.9571754784      Eck =  781.836684583    
                              N = 74.000030515    
                            current damping = 0.500
 
          Norm of current diis error: 0.18818E-02
          max. resid. norm for Fia-block=  3.728D-04 for orbital      1a         
          max. resid. fock norm         =  4.340D-04 for orbital      1a         

 End of SCF iterations

   convergence criteria satisfied after    10 iterations


   *************************************************************************
   opt_final_Thiomethyl_PEG_linker_2-_2-methoxyethoxy_ethanethiol_32        
   *************************************************************************


                  ------------------------------------------ 
                 |  total energy      =   -746.26094605790  |
                  ------------------------------------------ 
                 :  kinetic energy    =    743.67184890282  :
                 :  potential energy  =  -1489.93279496072  :
                 :  virial theorem    =      1.99653057397  :
                 :  wavefunction norm =      1.00000000000  :
                  .......................................... 


 <geterg> : there is no data group $energy 


 <skperg> : $end is missing 


 orbitals $scfmo  will be written to file mos

    irrep                 33a         34a         35a         36a         37a   
 eigenvalues H         -0.33243    -0.31137    -0.26825    -0.26264    -0.24132
            eV          -9.0460     -8.4729     -7.2996     -7.1469     -6.5668
 occupation              2.0000      2.0000      2.0000      2.0000      2.0000

    irrep                 38a         39a         40a         41a         42a   
 eigenvalues H          0.00737     0.03167     0.03952     0.05450     0.07222
            eV           0.2007      0.8617      1.0755      1.4830      1.9653
 
 
 
 
 ==============================================================================
                           electrostatic moments
 ==============================================================================

 reference point for electrostatic moments:    0.00000   0.00000   0.00000

 
              nuc           elec       ->  total
 ------------------------------------------------------------------------------
                          charge      
 ------------------------------------------------------------------------------
          74.000000     -74.000000       0.000000
 
 ------------------------------------------------------------------------------
                       dipole moment  
 ------------------------------------------------------------------------------
   x      84.267072     -84.720418      -0.453346
   y      -2.657641       2.484906      -0.172736
   z     -24.664413      24.207276      -0.457138
 
   | dipole moment | =     0.6666 a.u. =     1.6943 debye 
 
 ------------------------------------------------------------------------------
                     quadrupole moment
 ------------------------------------------------------------------------------
  xx    1912.449634   -1956.184693     -43.735059
  yy     129.277372    -170.315203     -41.037831
  zz     156.788853    -203.548592     -46.759738
  xy    -191.388815     194.187755       2.798940
  xz    -233.378637     238.264053       4.885417
  yz      -6.679646       5.078206      -1.601440
 
     1/3  trace=     -43.844209
     anisotropy=      11.286270
 
 ==============================================================================
 
HOMO-LUMO Separation
 HOMO         :   -0.24132253 H =     -6.56672 eV
 LUMO         :    0.00737395 H =     +0.20066 eV
 HOMO-LUMO gap:    0.24869648 H =     +6.76738 eV
 
 ==============================================================================


    ------------------------------------------------------------------------
         total  cpu-time :  57.61 seconds
         total wall-time :  57.76 seconds
    ------------------------------------------------------------------------

   ****  ridft : all done  ****


    2026-04-20 14:49:36.381 

