 operating system is UNIX !

 ridft (login1) : TURBOMOLE rev. V7-8-1 compiled 26 Feb 2024 at 17:12:58
 Copyright (C) 2024 TURBOMOLE GmbH, Karlsruhe


    2026-04-20 14:32:50.962 



                                  r i d f t

                        DFT program with RI approximation 
                                for coulomb part 





                                 References:     
                                                 
          TURBOMOLE:                             
              R. Ahlrichs, M. Baer, M. Haeser, H. Horn, and
              C. Koelmel
              Electronic structure calculations on workstation
              computers: the program system TURBOMOLE
              Chem. Phys. Lett. 162: 165 (1989)
          Density Functional:                              
              O. Treutler and R. Ahlrichs                      
              Efficient Molecular Numerical Integration Schemes
              J. Chem. Phys. 102: 346 (1995)                   
          Parallel Version:                                
              Performance of parallel TURBOMOLE for Density    
              Functional Calculations                          
              M. v. Arnim and R. Ahlrichs                      
              J. Comp. Chem. 19: 1746 (1998)                   
          RI-J Method:                                     
              Auxiliary Basis Sets to approximate Coulomb      
              Potentials                                       
              Chem. Phys. Lett. 240: 283 (1995)                
              K. Eichkorn, O. Treutler, H. Oehm, M. Haeser     
              and R. Ahlrichs                                  
              Chem. Phys. Lett. 242: 652 (1995)                
                                                           
              Auxiliary Basis Sets for Main Row Atoms and their
              Use to approximate Coulomb Potentials            
              K. Eichkorn, F. Weigend, O. Treutler and         
              R. Ahlrichs                                      
              Theo. Chem. Acc. 97: 119 (1997)                  
                                                           
              Accurate Coulomb-fitting basis sets for H to Rn 
              F. Weigend                                       
              Phys. Chem. Chem. Phys. 8: 1057 (2006)           
                                                           
          Multipole accelerated RI-J (MARI-J):             
              Fast evaluation of the Coulomb potential for     
              electron densities using multipole accelerated   
              resolution of identity approximation             
              M. Sierka, A. Hogekamp and R. Ahlrichs           
              J. Chem. Phys. 118: 9136 (2003)                  
          RI-JK Method:                                     
              A fully direct RI-HF algorithm: Implementation,
              optimised auxiliary basis sets, demonstration of
              accuracy and efficiency                         
              F. Weigend                                      
              Phys. Chem. Chem. Phys. 4: 4285 (2002)           
          Two-component HF and DFT with spin-orbit coupling:  
              Self-consistent treatment of spin-orbit         
              interactions with efficient Hartree-Fock and    
              density functional methods                      
              M. K. Armbruster, F. Weigend, C. van Wüllen and 
              W. Klopper                                      
              Phys. Chem. Chem. Phys. 10: 1748 (2008)         
          Two-component difference density and DIIS algorithm 
              Efficient two-component self-consistent field   
              procedures and gradients: implementation in     
              TURBOMOLE and application to Au20-              
              A. Baldes, F. Weigend                           
              Mol. Phys. 111: 2617 (2013)                     
          Relativistic current density functional theory      
              Current density functional framework for        
              spin-orbit coupling                             
              C. Holzer, Y. J. Franzke, A. Pausch             
              J. Chem. Phys. 157: 204102 (2022)               
          Relativistic all-electron 2c calculations           
              An efficient implementation of two-component    
              relativistic exact-decoupling methods for large 
              molecules                                       
              D. Peng, N. Middendorf, F. Weigend, M. Reiher   
              J. Chem. Phys. 138: 184105 (2013)               
          Finite nucleus model and SNSO approximation         
              Efficient implementation of one- and two-       
              component analytical energy gradients in exact  
              two-component theory                            
              Y. J. Franzke, N. Middendorf, F. Weigend        
              J. Chem. Phys. 148: 104110 (2018)               
          Grids for all-electron relativistic methods         
              Error-consistent segmented contracted all-      
              electron relativistic basis sets of double-     
              and triple-zeta quality for NMR shielding       
              constants                                       
              Y. J. Franzke, R. Tress, T. M. Pazdera,         
              F. Weigend                                      
              Phys. Chem. Chem. Phys. 21: 166658 (2019)       
          Seminumerical exchange algorithms                   
              Seminumerical calculation of the Hartree-Fock   
              exchange matirx: Application to two-component   
              procedures and efficient evaluation of local    
              hybrid functionsl                               
              P. Plessow, F. Weigend,                         
              J. Comput. Chem. 33: 810 (2012)                 
          Improved seminumerical algorithms                   
              C. Holzer,                                      
              J. Chem. Phys. 153 (2020), 184115               





              +--------------------------------------------------+
              |      general information about current run       |
              +--------------------------------------------------+

 
 Becke-3-Parameter hybrid functional: B3-LYP
 exchange:    0.8*LDA + 0.72*B88 + 0.2*HF
 correlation: 0.19*LDA(VWN) + 0.81*LYP
 A Hybrid-DFT calculation using the RI-J approximation will be carried out.
 Allocatable memory for RI due to $ricore (MB):                   100
 Multipole approximation for Coulomb integrals is used

   *************************************************************************
   opt_final_Thioglycolic_acid_mercaptoacetic_acid_11                       
   *************************************************************************




              +--------------------------------------------------+
              | Atomic coordinate, charge and isotop information |
              +--------------------------------------------------+

                    atomic coordinates            atom    charge  isotop
         -1.38978740   -1.00725651    3.60325246    o      8.000     0
         -1.25534076   -0.30929943    1.43216062    c      6.000     0
         -2.91625089    1.41832736    0.57379947    o      8.000     0
          0.73385066   -1.20272633   -0.40758772    c      6.000     0
          3.54831665    0.86116979   -0.27510790    s     16.000     0
         -2.69879436    1.75600646   -1.21382920    h      1.000     0
          1.38441825   -3.06084439    0.17380121    h      1.000     0
          0.03294651   -1.29618668   -2.33721062    h      1.000     0
          2.56064133    2.84080972   -1.54927832    h      1.000     0
 
       center of nuclear mass  :    0.43319817    0.17662285    0.70942168
       center of nuclear charge:    0.42656315    0.17156071    0.62990853

              +--------------------------------------------------+
              |               basis set information              |
              +--------------------------------------------------+

              we will work with the 1s 3p 5d 7f 9g ... basis set
              ...i.e. with spherical basis functions...

   type   atoms  prim   cont   basis
   ---------------------------------------------------------------------------
    s        1     46     22   def-TZVP   [5s4p1d|14s9p1d]
    o        2     34     19   def-TZVP   [5s3p1d|11s6p1d]
    h        4      8      6   def-TZVP   [3s1p|5s1p]
    c        2     34     19   def-TZVP   [5s3p1d|11s6p1d]
   ---------------------------------------------------------------------------
   total:    9    214    122
   ---------------------------------------------------------------------------

   total number of primitive shells          :   66
   total number of contracted shells         :   62
   total number of cartesian basis functions :  127
   total number of SCF-basis functions       :  122


 integral neglect threshold       :  0.26E-09
 integral storage threshold THIZE :  0.10E-04
 integral storage threshold THIME :         5

 RI-J AUXILIARY BASIS SET information:

              we will work with the 1s 3p 5d 7f 9g ... basis set
              ...i.e. with spherical basis functions...

   type   atoms  prim   cont   basis
   ---------------------------------------------------------------------------
    s        1     71     40   def-TZVP   [5s3p2d1f1g|12s6p5d1f1g]
    o        2     40     38   def-TZVP   [7s3p3d1f|9s3p3d1f]
    h        4     10      9   def-TZVP   [3s2p|4s2p]
    c        2     40     38   def-TZVP   [7s3p3d1f|9s3p3d1f]
   ---------------------------------------------------------------------------
   total:    9    271    228
   ---------------------------------------------------------------------------

   total number of primitive shells          :   63
   total number of contracted shells         :   88
   total number of cartesian basis functions :  263
   total number of SCF-basis functions       :  228


 symmetry group of the molecule :   c1 

 the group has the following generators :
   c1(z)

    1 symmetry operations found

 there are 1 real representations :   a   

 maximum number of shells which are related by symmetry :  1

  
           ------------------
           density functional
           ------------------
 Becke-3-Parameter hybrid functional: B3-LYP
 exchange:    0.8*LDA + 0.72*B88 + 0.2*HF
 correlation: 0.19*LDA(VWN) + 0.81*LYP
 iterations will be done with small grid
  
 spherical integration : Lebedev's spherical grid
 spherical gridsize    :                     3
    i.e. gridpoints    :                   302
  maximum batchsize    :                   100
 value for diffuse not defined
 radial integration    : Chebyshev 2nd kind (scaling 3)
 radial gridsize       :                     3
 integration cells     :                     9
 partition function    : becke
 partition sharpness   :                     3
  
 
 Derivatives of quadrature weights will be included
 

 biggest AO integral is expected to be     9.804440325

          ------------------------
          nuclear repulsion energy  :   218.907260091    
          ------------------------

      -----------------------------------------------------------      
     |                   =====================                   |     
     |                        D F T - D 4                        |     
     |                   =====================                   |     
     |                         S. Grimme                         |     
     |          Mulliken Center for Theoretical Chemistry        |     
     |                    University of Bonn                     |     
      -----------------------------------------------------------      

           -------------------------------------------------
          |                Calculation Setup                |
           -------------------------------------------------
   charge               :      0
   non-additivity corr. : ATM
   charge model         : EEQ
   damping parameters
   s6                   :     1.0000
   s8                   :     2.0293
   a1                   :     0.4087
   a2                   :     4.5381

        q(ref)        CN(ref)   cov. CN(ref)  alpha(AIM,ref)
     0.0000000      0.0000000      0.0000000      5.1967092
    -0.3547147      0.9924594      0.8041679      6.1223924
    -0.5988153      1.9886928      1.6112394      6.7491941
     0.0000000      0.9985672      0.9798440      5.1987934
        q(ref)        CN(ref)   cov. CN(ref)  alpha(AIM,ref)
     0.0000000      0.0000000      0.0000000     12.3555336
    -0.1712371      0.9867893      0.9189476     12.8040100
    -0.1421000      1.9984766      1.9078606      9.6347083
    -0.2225085      2.9987259      2.8312240      9.6866280
    -0.2565392      3.9843988      3.7487004      7.6947605
    -0.1044135      3.1417713      2.9183271      9.3751067
     0.2103031      0.9999501      0.8556099      7.7402501
        q(ref)        CN(ref)   cov. CN(ref)  alpha(AIM,ref)
     0.0000000      0.0000000      0.0000000     19.6135101
    -0.1626723      0.9948413      0.9219850     20.4238955
    -0.2377517      1.9903438      1.8445381     20.5482906
        q(ref)        CN(ref)   cov. CN(ref)  alpha(AIM,ref)
     0.0000000      0.0000000      0.0000000      5.0540161
     0.0000000      0.9117922      0.8942243      2.7207580
========================================================================
 Edisp  /kcal,au:    -6.8064  -0.0108467355
========================================================================
 nuclear repulsion energy                  =     218.907260091
  DFT-D4 Energy contribution               =      -0.010846736
 nuclear repulsion + dispersion correction =     218.896413355


         -----------------
         -S,T+V- integrals
         -----------------

 1e-integrals will be neglected if expon. factor < 0.263147E-10
 
 Difference densities algorithm switched on.
 The maximal number of linear combinations of
 difference densities is  20.

Diagonalization of Fock matrix in last SCF iteration activated ...


 DIIS switched on: error vector is FDS-SDF
 Max. Iterations for DIIS is     :   4
 DIIS matrix (see manual) 
    Scaling factor of diagonals  :  1.200
    threshold for scaling factor :  0.000

 scf convergence criterion : increment of total energy < .1000000D-05
                  and increment of one-electron energy < .1000000D-02

 MOs are in ASCII format !


    mo occupation :
   irrep   mo's   occupied
    a      122       24
 
 number of basis functions   :   122
 number of occupied orbitals :    24
 

 reading orbital data $scfmo  from file mos
 orbital characterization : expanded
 virtual MOs provided and orthogonalized by Cholesky decomposition

 automatic virtual orbital shift switched on 
      shift if e(lumo)-e(homo) < 0.10000000    

  
           ------------------------
               RI-J - INFORMATION
           ------------------------
 
    +---------------- Multipole Accelerated RI-J ---------------+
    -------------------------------------------------------------
      Number of bins for density partition        :  8
      Maximum multipole moment used               : 14
      Multipole precision parameter               :  1.0000E-08
      Threshold for moment summation              :  1.0000E-24
      Minimum separation between boxes            :  0.0000E+00
      Maximum allowed extent                      :  2.0000E+01
    +-----------------------------------------------------------+
 
 Extensions and centers of shell-pairs:
  number of shells with a single center:     1785
  number of shells with double centers:        45
 Contributions to RI integral batches: 
  neglected integral batches:                       123
  multipole/direct contribution:                      0
  multipole/memory contribution:                   1830
 Memory core needed for (P|Q) and Cholesky      1 MByte
 Memory core minimum needed except of (P|Q)     1 MByte
 Total minimum memory core needed (sum)         1 MByte
  
 ****************************************
 Memory allocated for RI-J    17 MByte
 ****************************************
                                            

 DSCF restart information will be dumped onto file mos


 Starting SCF iterations

          Overall gridpoints after grid construction =         12706
 Ordering of quadrature gridpoints disabled.
 Caution, gridordering can improve performance!

 ITERATION  ENERGY          1e-ENERGY        2e-ENERGY     NORM[dD(SAO)]  TOL
   1  -625.80848297209    -1295.3761828     450.67128651    0.000D+00 0.262D-09
                            Exc = -44.6971889558     Coul =  506.110190788    
                            exK = -10.7417153229    
                              N = 47.999062242    
                            current damping = 0.700
 
          max. resid. norm for Fia-block=  2.419D+00 for orbital      1a         
          max. resid. fock norm         =  1.255D+01 for orbital    107a         

 ITERATION  ENERGY          1e-ENERGY        2e-ENERGY     NORM[dD(SAO)]  TOL
   2  -626.96665685915    -1295.9706111     450.10754089    0.856D+00 0.170D-09
                            Exc = -44.3934085550      Eck =  494.500949442    
                              N = 47.999221696    
                            current damping = 0.650
 
          Norm of current diis error:  1.7225    
          max. resid. norm for Fia-block=  9.205D-01 for orbital      1a         
          max. resid. fock norm         =  1.063D+00 for orbital      1a         

 ITERATION  ENERGY          1e-ENERGY        2e-ENERGY     NORM[dD(SAO)]  TOL
   3  -627.13788443060    -1296.7934309     450.75913315    0.438D+00 0.133D-09
                            Exc = -44.4456427153      Eck =  495.204775865    
                              N = 47.999321535    
                            current damping = 0.600
 
          Norm of current diis error: 0.79685    
          max. resid. norm for Fia-block=  3.492D-01 for orbital      1a         
          max. resid. fock norm         =  4.032D-01 for orbital      1a         

 ITERATION  ENERGY          1e-ENERGY        2e-ENERGY     NORM[dD(SAO)]  TOL
   4  -627.18966515190    -1296.5760281     450.48994959    0.211D+00 0.111D-09
                            Exc = -44.3887487254      Eck =  494.878698312    
                              N = 47.999406517    
                            current damping = 0.650
 
          Norm of current diis error: 0.30846    
          max. resid. norm for Fia-block=  1.304D-01 for orbital      1a         
          max. resid. fock norm         =  1.514D-01 for orbital      1a         

 ITERATION  ENERGY          1e-ENERGY        2e-ENERGY     NORM[dD(SAO)]  TOL
   5  -627.19821302309    -1296.7400923     450.64546589    0.915D-01 0.101D-09
                            Exc = -44.4122981053      Eck =  495.057763995    
                              N = 47.999441815    
                            current damping = 0.700
 
          Norm of current diis error: 0.14704    
          max. resid. norm for Fia-block=  5.071D-02 for orbital      1a         
          max. resid. fock norm         =  5.871D-02 for orbital      1a         
          mo-orthogonalization: Cholesky decomposition

 ITERATION  ENERGY          1e-ENERGY        2e-ENERGY     NORM[dD(SAO)]  TOL
   6  -627.20057228774    -1296.7235648     450.62657920    0.304D-01 0.949D-10
                            Exc = -44.4031387296      Eck =  495.029717925    
                              N = 47.999458170    
                            current damping = 0.750
 
          Norm of current diis error: 0.64426E-01
          max. resid. norm for Fia-block=  2.098D-02 for orbital      1a         
          max. resid. fock norm         =  2.437D-02 for orbital      1a         

 ITERATION  ENERGY          1e-ENERGY        2e-ENERGY     NORM[dD(SAO)]  TOL
   7  -627.20100317214    -1296.7037573     450.60634081    0.114D-01 0.920D-10
                            Exc = -44.4023757126      Eck =  495.008716527    
                              N = 47.999466258    
                            current damping = 0.600
 
          Norm of current diis error: 0.26107E-01
          max. resid. norm for Fia-block=  9.009D-03 for orbital      1a         
          max. resid. fock norm         =  1.047D-02 for orbital      1a         

 ITERATION  ENERGY          1e-ENERGY        2e-ENERGY     NORM[dD(SAO)]  TOL
   8  -627.20109210538    -1296.7201601     450.62265465    0.405D-02 0.898D-10
                            Exc = -44.4044921099      Eck =  495.027146765    
                              N = 47.999469580    
                            current damping = 0.650
 
          Norm of current diis error: 0.10207E-01
          max. resid. norm for Fia-block=  3.356D-03 for orbital      1a         
          max. resid. fock norm         =  3.892D-03 for orbital      1a         

 ITERATION  ENERGY          1e-ENERGY        2e-ENERGY     NORM[dD(SAO)]  TOL
   9  -627.20110724877    -1296.7170906     450.61957002    0.737D-03 0.881D-10
                            Exc = -44.4037769907      Eck =  495.023347006    
                              N = 47.999471102    
                            current damping = 0.700
 
          Norm of current diis error: 0.38351E-02
          max. resid. norm for Fia-block=  1.327D-03 for orbital      1a         
          max. resid. fock norm         =  1.541D-03 for orbital      1a         

 ENERGY CONVERGED !

          Overall gridpoints after grid construction =         46439
 Ordering of quadrature gridpoints disabled.
 Caution, gridordering can improve performance!

 ITERATION  ENERGY          1e-ENERGY        2e-ENERGY     NORM[dD(SAO)]  TOL
  10  -627.20124674274    -1296.7169173     450.61925722    0.348D-03 0.870D-10
                            Exc = -44.4040160831      Eck =  495.023273299    
                              N = 47.999959724    
                            current damping = 0.550
 
          Norm of current diis error: 0.16352E-02
          max. resid. norm for Fia-block=  5.480D-04 for orbital      1a         
          max. resid. fock norm         =  6.370D-04 for orbital      1a         

 End of SCF iterations

   convergence criteria satisfied after    10 iterations


   *************************************************************************
   opt_final_Thioglycolic_acid_mercaptoacetic_acid_11                       
   *************************************************************************


                  ------------------------------------------ 
                 |  total energy      =   -627.20124674274  |
                  ------------------------------------------ 
                 :  kinetic energy    =    625.28730407598  :
                 :  potential energy  =  -1252.48855081872  :
                 :  virial theorem    =      1.99694843931  :
                 :  wavefunction norm =      1.00000000000  :
                  .......................................... 


 <geterg> : there is no data group $energy 


 <skperg> : $end is missing 


 orbitals $scfmo  will be written to file mos

    irrep                 20a         21a         22a         23a         24a   
 eigenvalues H         -0.39999    -0.35995    -0.33348    -0.29774    -0.26169
            eV         -10.8844     -9.7947     -9.0744     -8.1020     -7.1211
 occupation              2.0000      2.0000      2.0000      2.0000      2.0000

    irrep                 25a         26a         27a         28a         29a   
 eigenvalues H         -0.03623    -0.02517     0.03051     0.04065     0.07479
            eV          -0.9859     -0.6850      0.8301      1.1063      2.0352
 
 
 
 
 ==============================================================================
                           electrostatic moments
 ==============================================================================

 reference point for electrostatic moments:    0.00000   0.00000   0.00000

 
              nuc           elec       ->  total
 ------------------------------------------------------------------------------
                          charge      
 ------------------------------------------------------------------------------
          48.000000     -48.000000       0.000000
 
 ------------------------------------------------------------------------------
                       dipole moment  
 ------------------------------------------------------------------------------
   x      20.475031     -20.364888       0.110143
   y       8.234914      -8.085164       0.149750
   z      30.235610     -32.075386      -1.839777
 
   | dipole moment | =     1.8491 a.u. =     4.7001 debye 
 
 ------------------------------------------------------------------------------
                     quadrupole moment
 ------------------------------------------------------------------------------
  xx     313.381621    -344.200601     -30.818981
  yy      67.531487     -92.940660     -25.409172
  zz     130.382018    -162.214101     -31.832083
  xy      22.289570     -22.273505       0.016065
  xz     -82.176912      85.775163       3.598251
  yz     -30.066860      29.236029      -0.830831
 
     1/3  trace=     -29.353412
     anisotropy=       8.757107
 
 ==============================================================================
 
HOMO-LUMO Separation
 HOMO         :   -0.26169481 H =     -7.12108 eV
 LUMO         :   -0.03623003 H =     -0.98587 eV
 HOMO-LUMO gap:    0.22546478 H =     +6.13521 eV
 
 ==============================================================================


    ------------------------------------------------------------------------
         total  cpu-time :  11.76 seconds
         total wall-time :  11.91 seconds
    ------------------------------------------------------------------------

   ****  ridft : all done  ****


    2026-04-20 14:33:02.832 

